ERROR - 2023-06-16 00:06:45 --> Error connecting to the database: No se puede establecer una conexión ya que el equipo de destino denegó expresamente dicha conexión
CRITICAL - 2023-06-16 00:06:45 --> Unable to connect to the database.
Main connection [MySQLi]: No se puede establecer una conexión ya que el equipo de destino denegó expresamente dicha conexión
#0 C:\xampp\htdocs\Proyecto_olivos_nicolas\system\Database\BaseConnection.php(577): CodeIgniter\Database\BaseConnection->initialize()
#1 C:\xampp\htdocs\Proyecto_olivos_nicolas\system\Database\BaseBuilder.php(1455): CodeIgniter\Database\BaseConnection->query('SELECT *\nFROM `...', Array, false)
#2 C:\xampp\htdocs\Proyecto_olivos_nicolas\system\Model.php(210): CodeIgniter\Database\BaseBuilder->get()
#3 C:\xampp\htdocs\Proyecto_olivos_nicolas\system\BaseModel.php(622): CodeIgniter\Model->doFirst()
#4 C:\xampp\htdocs\Proyecto_olivos_nicolas\app\Controllers\Login_controller.php(25): CodeIgniter\BaseModel->first()
#5 C:\xampp\htdocs\Proyecto_olivos_nicolas\system\CodeIgniter.php(832): App\Controllers\Login_controller->auth()
#6 C:\xampp\htdocs\Proyecto_olivos_nicolas\system\CodeIgniter.php(419): CodeIgniter\CodeIgniter->runController(Object(App\Controllers\Login_controller))
#7 C:\xampp\htdocs\Proyecto_olivos_nicolas\system\CodeIgniter.php(326): CodeIgniter\CodeIgniter->handleRequest(NULL, Object(Config\Cache), false)
#8 C:\xampp\htdocs\Proyecto_olivos_nicolas\index.php(37): CodeIgniter\CodeIgniter->run()
#9 {main}
ERROR - 2023-06-16 00:07:26 --> Error connecting to the database: No se puede establecer una conexión ya que el equipo de destino denegó expresamente dicha conexión
CRITICAL - 2023-06-16 00:07:26 --> Unable to connect to the database.
Main connection [MySQLi]: No se puede establecer una conexión ya que el equipo de destino denegó expresamente dicha conexión
#0 C:\xampp\htdocs\Proyecto_olivos_nicolas\system\Database\BaseConnection.php(577): CodeIgniter\Database\BaseConnection->initialize()
#1 C:\xampp\htdocs\Proyecto_olivos_nicolas\system\Database\BaseBuilder.php(1455): CodeIgniter\Database\BaseConnection->query('SELECT *\nFROM `...', Array, false)
#2 C:\xampp\htdocs\Proyecto_olivos_nicolas\system\Model.php(210): CodeIgniter\Database\BaseBuilder->get()
#3 C:\xampp\htdocs\Proyecto_olivos_nicolas\system\BaseModel.php(622): CodeIgniter\Model->doFirst()
#4 C:\xampp\htdocs\Proyecto_olivos_nicolas\app\Controllers\Login_controller.php(25): CodeIgniter\BaseModel->first()
#5 C:\xampp\htdocs\Proyecto_olivos_nicolas\system\CodeIgniter.php(832): App\Controllers\Login_controller->auth()
#6 C:\xampp\htdocs\Proyecto_olivos_nicolas\system\CodeIgniter.php(419): CodeIgniter\CodeIgniter->runController(Object(App\Controllers\Login_controller))
#7 C:\xampp\htdocs\Proyecto_olivos_nicolas\system\CodeIgniter.php(326): CodeIgniter\CodeIgniter->handleRequest(NULL, Object(Config\Cache), false)
#8 C:\xampp\htdocs\Proyecto_olivos_nicolas\index.php(37): CodeIgniter\CodeIgniter->run()
#9 {main}
ERROR - 2023-06-16 00:07:38 --> Error connecting to the database: No se puede establecer una conexión ya que el equipo de destino denegó expresamente dicha conexión
CRITICAL - 2023-06-16 00:07:38 --> Unable to connect to the database.
Main connection [MySQLi]: No se puede establecer una conexión ya que el equipo de destino denegó expresamente dicha conexión
#0 C:\xampp\htdocs\Proyecto_olivos_nicolas\system\Database\BaseConnection.php(577): CodeIgniter\Database\BaseConnection->initialize()
#1 C:\xampp\htdocs\Proyecto_olivos_nicolas\system\Database\BaseBuilder.php(1455): CodeIgniter\Database\BaseConnection->query('SELECT *\nFROM `...', Array, false)
#2 C:\xampp\htdocs\Proyecto_olivos_nicolas\system\Model.php(210): CodeIgniter\Database\BaseBuilder->get()
#3 C:\xampp\htdocs\Proyecto_olivos_nicolas\system\BaseModel.php(622): CodeIgniter\Model->doFirst()
#4 C:\xampp\htdocs\Proyecto_olivos_nicolas\app\Controllers\Login_controller.php(25): CodeIgniter\BaseModel->first()
#5 C:\xampp\htdocs\Proyecto_olivos_nicolas\system\CodeIgniter.php(832): App\Controllers\Login_controller->auth()
#6 C:\xampp\htdocs\Proyecto_olivos_nicolas\system\CodeIgniter.php(419): CodeIgniter\CodeIgniter->runController(Object(App\Controllers\Login_controller))
#7 C:\xampp\htdocs\Proyecto_olivos_nicolas\system\CodeIgniter.php(326): CodeIgniter\CodeIgniter->handleRequest(NULL, Object(Config\Cache), false)
#8 C:\xampp\htdocs\Proyecto_olivos_nicolas\index.php(37): CodeIgniter\CodeIgniter->run()
#9 {main}
