CRITICAL - 2023-05-20 08:59:49 --> Invalid file: front/navbar.php
#0 C:\xampp\htdocs\Proyecto_olivos_nicolas\system\View\View.php(198): CodeIgniter\Exceptions\FrameworkException::forInvalidFile('front/navbar.ph...')
#1 C:\xampp\htdocs\Proyecto_olivos_nicolas\system\Common.php(1089): CodeIgniter\View\View->render('front/navbar', Array, true)
#2 C:\xampp\htdocs\Proyecto_olivos_nicolas\app\Controllers\Home.php(11): view('front/navbar')
#3 C:\xampp\htdocs\Proyecto_olivos_nicolas\system\CodeIgniter.php(832): App\Controllers\Home->index()
#4 C:\xampp\htdocs\Proyecto_olivos_nicolas\system\CodeIgniter.php(419): CodeIgniter\CodeIgniter->runController(Object(App\Controllers\Home))
#5 C:\xampp\htdocs\Proyecto_olivos_nicolas\system\CodeIgniter.php(326): CodeIgniter\CodeIgniter->handleRequest(NULL, Object(Config\Cache), false)
#6 C:\xampp\htdocs\Proyecto_olivos_nicolas\index.php(37): CodeIgniter\CodeIgniter->run()
#7 {main}
CRITICAL - 2023-05-20 08:59:49 --> Invalid file: front/navbar.php
#0 C:\xampp\htdocs\Proyecto_olivos_nicolas\system\View\View.php(198): CodeIgniter\Exceptions\FrameworkException::forInvalidFile('front/navbar.ph...')
#1 C:\xampp\htdocs\Proyecto_olivos_nicolas\system\Common.php(1089): CodeIgniter\View\View->render('front/navbar', Array, true)
#2 C:\xampp\htdocs\Proyecto_olivos_nicolas\app\Controllers\Home.php(11): view('front/navbar')
#3 C:\xampp\htdocs\Proyecto_olivos_nicolas\system\CodeIgniter.php(832): App\Controllers\Home->index()
#4 C:\xampp\htdocs\Proyecto_olivos_nicolas\system\CodeIgniter.php(419): CodeIgniter\CodeIgniter->runController(Object(App\Controllers\Home))
#5 C:\xampp\htdocs\Proyecto_olivos_nicolas\system\CodeIgniter.php(326): CodeIgniter\CodeIgniter->handleRequest(NULL, Object(Config\Cache), false)
#6 C:\xampp\htdocs\Proyecto_olivos_nicolas\index.php(37): CodeIgniter\CodeIgniter->run()
#7 {main}
CRITICAL - 2023-05-20 09:03:37 --> Invalid file: front/navbar.php
#0 C:\xampp\htdocs\Proyecto_olivos_nicolas\system\View\View.php(198): CodeIgniter\Exceptions\FrameworkException::forInvalidFile('front/navbar.ph...')
#1 C:\xampp\htdocs\Proyecto_olivos_nicolas\system\Common.php(1089): CodeIgniter\View\View->render('front/navbar', Array, true)
#2 C:\xampp\htdocs\Proyecto_olivos_nicolas\app\Controllers\Home.php(11): view('front/navbar')
#3 C:\xampp\htdocs\Proyecto_olivos_nicolas\system\CodeIgniter.php(832): App\Controllers\Home->index()
#4 C:\xampp\htdocs\Proyecto_olivos_nicolas\system\CodeIgniter.php(419): CodeIgniter\CodeIgniter->runController(Object(App\Controllers\Home))
#5 C:\xampp\htdocs\Proyecto_olivos_nicolas\system\CodeIgniter.php(326): CodeIgniter\CodeIgniter->handleRequest(NULL, Object(Config\Cache), false)
#6 C:\xampp\htdocs\Proyecto_olivos_nicolas\index.php(37): CodeIgniter\CodeIgniter->run()
#7 {main}
CRITICAL - 2023-05-20 09:03:38 --> Invalid file: front/navbar.php
#0 C:\xampp\htdocs\Proyecto_olivos_nicolas\system\View\View.php(198): CodeIgniter\Exceptions\FrameworkException::forInvalidFile('front/navbar.ph...')
#1 C:\xampp\htdocs\Proyecto_olivos_nicolas\system\Common.php(1089): CodeIgniter\View\View->render('front/navbar', Array, true)
#2 C:\xampp\htdocs\Proyecto_olivos_nicolas\app\Controllers\Home.php(11): view('front/navbar')
#3 C:\xampp\htdocs\Proyecto_olivos_nicolas\system\CodeIgniter.php(832): App\Controllers\Home->index()
#4 C:\xampp\htdocs\Proyecto_olivos_nicolas\system\CodeIgniter.php(419): CodeIgniter\CodeIgniter->runController(Object(App\Controllers\Home))
#5 C:\xampp\htdocs\Proyecto_olivos_nicolas\system\CodeIgniter.php(326): CodeIgniter\CodeIgniter->handleRequest(NULL, Object(Config\Cache), false)
#6 C:\xampp\htdocs\Proyecto_olivos_nicolas\index.php(37): CodeIgniter\CodeIgniter->run()
#7 {main}
CRITICAL - 2023-05-20 09:03:47 --> Invalid file: front/navbar.php
#0 C:\xampp\htdocs\Proyecto_olivos_nicolas\system\View\View.php(198): CodeIgniter\Exceptions\FrameworkException::forInvalidFile('front/navbar.ph...')
#1 C:\xampp\htdocs\Proyecto_olivos_nicolas\system\Common.php(1089): CodeIgniter\View\View->render('front/navbar', Array, true)
#2 C:\xampp\htdocs\Proyecto_olivos_nicolas\app\Controllers\Home.php(11): view('front/navbar')
#3 C:\xampp\htdocs\Proyecto_olivos_nicolas\system\CodeIgniter.php(832): App\Controllers\Home->index()
#4 C:\xampp\htdocs\Proyecto_olivos_nicolas\system\CodeIgniter.php(419): CodeIgniter\CodeIgniter->runController(Object(App\Controllers\Home))
#5 C:\xampp\htdocs\Proyecto_olivos_nicolas\system\CodeIgniter.php(326): CodeIgniter\CodeIgniter->handleRequest(NULL, Object(Config\Cache), false)
#6 C:\xampp\htdocs\Proyecto_olivos_nicolas\index.php(37): CodeIgniter\CodeIgniter->run()
#7 {main}
CRITICAL - 2023-05-20 09:03:48 --> Invalid file: front/navbar.php
#0 C:\xampp\htdocs\Proyecto_olivos_nicolas\system\View\View.php(198): CodeIgniter\Exceptions\FrameworkException::forInvalidFile('front/navbar.ph...')
#1 C:\xampp\htdocs\Proyecto_olivos_nicolas\system\Common.php(1089): CodeIgniter\View\View->render('front/navbar', Array, true)
#2 C:\xampp\htdocs\Proyecto_olivos_nicolas\app\Controllers\Home.php(11): view('front/navbar')
#3 C:\xampp\htdocs\Proyecto_olivos_nicolas\system\CodeIgniter.php(832): App\Controllers\Home->index()
#4 C:\xampp\htdocs\Proyecto_olivos_nicolas\system\CodeIgniter.php(419): CodeIgniter\CodeIgniter->runController(Object(App\Controllers\Home))
#5 C:\xampp\htdocs\Proyecto_olivos_nicolas\system\CodeIgniter.php(326): CodeIgniter\CodeIgniter->handleRequest(NULL, Object(Config\Cache), false)
#6 C:\xampp\htdocs\Proyecto_olivos_nicolas\index.php(37): CodeIgniter\CodeIgniter->run()
#7 {main}
CRITICAL - 2023-05-20 09:04:33 --> Invalid file: front/navbar.php
#0 C:\xampp\htdocs\Proyecto_olivos_nicolas\system\View\View.php(198): CodeIgniter\Exceptions\FrameworkException::forInvalidFile('front/navbar.ph...')
#1 C:\xampp\htdocs\Proyecto_olivos_nicolas\system\Common.php(1089): CodeIgniter\View\View->render('front/navbar', Array, true)
#2 C:\xampp\htdocs\Proyecto_olivos_nicolas\app\Controllers\Home.php(11): view('front/navbar')
#3 C:\xampp\htdocs\Proyecto_olivos_nicolas\system\CodeIgniter.php(832): App\Controllers\Home->index()
#4 C:\xampp\htdocs\Proyecto_olivos_nicolas\system\CodeIgniter.php(419): CodeIgniter\CodeIgniter->runController(Object(App\Controllers\Home))
#5 C:\xampp\htdocs\Proyecto_olivos_nicolas\system\CodeIgniter.php(326): CodeIgniter\CodeIgniter->handleRequest(NULL, Object(Config\Cache), false)
#6 C:\xampp\htdocs\Proyecto_olivos_nicolas\index.php(37): CodeIgniter\CodeIgniter->run()
#7 {main}
CRITICAL - 2023-05-20 09:15:06 --> Invalid file: front/navbar.php
#0 C:\xampp\htdocs\Proyecto_olivos_nicolas\system\View\View.php(198): CodeIgniter\Exceptions\FrameworkException::forInvalidFile('front/navbar.ph...')
#1 C:\xampp\htdocs\Proyecto_olivos_nicolas\system\Common.php(1089): CodeIgniter\View\View->render('front/navbar', Array, true)
#2 C:\xampp\htdocs\Proyecto_olivos_nicolas\app\Controllers\Home.php(11): view('front/navbar')
#3 C:\xampp\htdocs\Proyecto_olivos_nicolas\system\CodeIgniter.php(832): App\Controllers\Home->index()
#4 C:\xampp\htdocs\Proyecto_olivos_nicolas\system\CodeIgniter.php(419): CodeIgniter\CodeIgniter->runController(Object(App\Controllers\Home))
#5 C:\xampp\htdocs\Proyecto_olivos_nicolas\system\CodeIgniter.php(326): CodeIgniter\CodeIgniter->handleRequest(NULL, Object(Config\Cache), false)
#6 C:\xampp\htdocs\Proyecto_olivos_nicolas\index.php(37): CodeIgniter\CodeIgniter->run()
#7 {main}
CRITICAL - 2023-05-20 09:15:07 --> Invalid file: front/navbar.php
#0 C:\xampp\htdocs\Proyecto_olivos_nicolas\system\View\View.php(198): CodeIgniter\Exceptions\FrameworkException::forInvalidFile('front/navbar.ph...')
#1 C:\xampp\htdocs\Proyecto_olivos_nicolas\system\Common.php(1089): CodeIgniter\View\View->render('front/navbar', Array, true)
#2 C:\xampp\htdocs\Proyecto_olivos_nicolas\app\Controllers\Home.php(11): view('front/navbar')
#3 C:\xampp\htdocs\Proyecto_olivos_nicolas\system\CodeIgniter.php(832): App\Controllers\Home->index()
#4 C:\xampp\htdocs\Proyecto_olivos_nicolas\system\CodeIgniter.php(419): CodeIgniter\CodeIgniter->runController(Object(App\Controllers\Home))
#5 C:\xampp\htdocs\Proyecto_olivos_nicolas\system\CodeIgniter.php(326): CodeIgniter\CodeIgniter->handleRequest(NULL, Object(Config\Cache), false)
#6 C:\xampp\htdocs\Proyecto_olivos_nicolas\index.php(37): CodeIgniter\CodeIgniter->run()
#7 {main}
CRITICAL - 2023-05-20 09:15:21 --> Invalid file: front/navbar.php
#0 C:\xampp\htdocs\Proyecto_olivos_nicolas\system\View\View.php(198): CodeIgniter\Exceptions\FrameworkException::forInvalidFile('front/navbar.ph...')
#1 C:\xampp\htdocs\Proyecto_olivos_nicolas\system\Common.php(1089): CodeIgniter\View\View->render('front/navbar', Array, true)
#2 C:\xampp\htdocs\Proyecto_olivos_nicolas\app\Controllers\Home.php(11): view('front/navbar')
#3 C:\xampp\htdocs\Proyecto_olivos_nicolas\system\CodeIgniter.php(832): App\Controllers\Home->index()
#4 C:\xampp\htdocs\Proyecto_olivos_nicolas\system\CodeIgniter.php(419): CodeIgniter\CodeIgniter->runController(Object(App\Controllers\Home))
#5 C:\xampp\htdocs\Proyecto_olivos_nicolas\system\CodeIgniter.php(326): CodeIgniter\CodeIgniter->handleRequest(NULL, Object(Config\Cache), false)
#6 C:\xampp\htdocs\Proyecto_olivos_nicolas\index.php(37): CodeIgniter\CodeIgniter->run()
#7 {main}
CRITICAL - 2023-05-20 10:01:48 --> Invalid file: front/navbar.php
#0 C:\xampp\htdocs\Proyecto_olivos_nicolas\system\View\View.php(198): CodeIgniter\Exceptions\FrameworkException::forInvalidFile('front/navbar.ph...')
#1 C:\xampp\htdocs\Proyecto_olivos_nicolas\system\Common.php(1089): CodeIgniter\View\View->render('front/navbar', Array, true)
#2 C:\xampp\htdocs\Proyecto_olivos_nicolas\app\Controllers\Home.php(11): view('front/navbar')
#3 C:\xampp\htdocs\Proyecto_olivos_nicolas\system\CodeIgniter.php(832): App\Controllers\Home->index()
#4 C:\xampp\htdocs\Proyecto_olivos_nicolas\system\CodeIgniter.php(419): CodeIgniter\CodeIgniter->runController(Object(App\Controllers\Home))
#5 C:\xampp\htdocs\Proyecto_olivos_nicolas\system\CodeIgniter.php(326): CodeIgniter\CodeIgniter->handleRequest(NULL, Object(Config\Cache), false)
#6 C:\xampp\htdocs\Proyecto_olivos_nicolas\index.php(37): CodeIgniter\CodeIgniter->run()
#7 {main}
CRITICAL - 2023-05-20 10:02:33 --> Invalid file: front/navbar.php
#0 C:\xampp\htdocs\Proyecto_olivos_nicolas\system\View\View.php(198): CodeIgniter\Exceptions\FrameworkException::forInvalidFile('front/navbar.ph...')
#1 C:\xampp\htdocs\Proyecto_olivos_nicolas\system\Common.php(1089): CodeIgniter\View\View->render('front/navbar', Array, true)
#2 C:\xampp\htdocs\Proyecto_olivos_nicolas\app\Controllers\Home.php(11): view('front/navbar')
#3 C:\xampp\htdocs\Proyecto_olivos_nicolas\system\CodeIgniter.php(832): App\Controllers\Home->index()
#4 C:\xampp\htdocs\Proyecto_olivos_nicolas\system\CodeIgniter.php(419): CodeIgniter\CodeIgniter->runController(Object(App\Controllers\Home))
#5 C:\xampp\htdocs\Proyecto_olivos_nicolas\system\CodeIgniter.php(326): CodeIgniter\CodeIgniter->handleRequest(NULL, Object(Config\Cache), false)
#6 C:\xampp\htdocs\Proyecto_olivos_nicolas\index.php(37): CodeIgniter\CodeIgniter->run()
#7 {main}
CRITICAL - 2023-05-20 10:02:34 --> Invalid file: front/navbar.php
#0 C:\xampp\htdocs\Proyecto_olivos_nicolas\system\View\View.php(198): CodeIgniter\Exceptions\FrameworkException::forInvalidFile('front/navbar.ph...')
#1 C:\xampp\htdocs\Proyecto_olivos_nicolas\system\Common.php(1089): CodeIgniter\View\View->render('front/navbar', Array, true)
#2 C:\xampp\htdocs\Proyecto_olivos_nicolas\app\Controllers\Home.php(11): view('front/navbar')
#3 C:\xampp\htdocs\Proyecto_olivos_nicolas\system\CodeIgniter.php(832): App\Controllers\Home->index()
#4 C:\xampp\htdocs\Proyecto_olivos_nicolas\system\CodeIgniter.php(419): CodeIgniter\CodeIgniter->runController(Object(App\Controllers\Home))
#5 C:\xampp\htdocs\Proyecto_olivos_nicolas\system\CodeIgniter.php(326): CodeIgniter\CodeIgniter->handleRequest(NULL, Object(Config\Cache), false)
#6 C:\xampp\htdocs\Proyecto_olivos_nicolas\index.php(37): CodeIgniter\CodeIgniter->run()
#7 {main}
CRITICAL - 2023-05-20 10:49:23 --> Class "App\Models\usuarios_model" not found
#0 C:\xampp\htdocs\Proyecto_olivos_nicolas\system\CodeIgniter.php(832): App\Controllers\Usuario_controller->formValidation()
#1 C:\xampp\htdocs\Proyecto_olivos_nicolas\system\CodeIgniter.php(419): CodeIgniter\CodeIgniter->runController(Object(App\Controllers\Usuario_controller))
#2 C:\xampp\htdocs\Proyecto_olivos_nicolas\system\CodeIgniter.php(326): CodeIgniter\CodeIgniter->handleRequest(NULL, Object(Config\Cache), false)
#3 C:\xampp\htdocs\Proyecto_olivos_nicolas\index.php(37): CodeIgniter\CodeIgniter->run()
#4 {main}
CRITICAL - 2023-05-20 10:49:32 --> Class "App\Models\usuarios_model" not found
#0 C:\xampp\htdocs\Proyecto_olivos_nicolas\system\CodeIgniter.php(832): App\Controllers\Usuario_controller->formValidation()
#1 C:\xampp\htdocs\Proyecto_olivos_nicolas\system\CodeIgniter.php(419): CodeIgniter\CodeIgniter->runController(Object(App\Controllers\Usuario_controller))
#2 C:\xampp\htdocs\Proyecto_olivos_nicolas\system\CodeIgniter.php(326): CodeIgniter\CodeIgniter->handleRequest(NULL, Object(Config\Cache), false)
#3 C:\xampp\htdocs\Proyecto_olivos_nicolas\index.php(37): CodeIgniter\CodeIgniter->run()
#4 {main}
CRITICAL - 2023-05-20 10:53:46 --> Class "App\Models\usuarios_model" not found
#0 C:\xampp\htdocs\Proyecto_olivos_nicolas\system\CodeIgniter.php(832): App\Controllers\Usuario_controller->formValidation()
#1 C:\xampp\htdocs\Proyecto_olivos_nicolas\system\CodeIgniter.php(419): CodeIgniter\CodeIgniter->runController(Object(App\Controllers\Usuario_controller))
#2 C:\xampp\htdocs\Proyecto_olivos_nicolas\system\CodeIgniter.php(326): CodeIgniter\CodeIgniter->handleRequest(NULL, Object(Config\Cache), false)
#3 C:\xampp\htdocs\Proyecto_olivos_nicolas\index.php(37): CodeIgniter\CodeIgniter->run()
#4 {main}
CRITICAL - 2023-05-20 10:54:30 --> Class "App\Models\usuarios_model" not found
#0 C:\xampp\htdocs\Proyecto_olivos_nicolas\system\CodeIgniter.php(832): App\Controllers\Usuario_controller->formValidation()
#1 C:\xampp\htdocs\Proyecto_olivos_nicolas\system\CodeIgniter.php(419): CodeIgniter\CodeIgniter->runController(Object(App\Controllers\Usuario_controller))
#2 C:\xampp\htdocs\Proyecto_olivos_nicolas\system\CodeIgniter.php(326): CodeIgniter\CodeIgniter->handleRequest(NULL, Object(Config\Cache), false)
#3 C:\xampp\htdocs\Proyecto_olivos_nicolas\index.php(37): CodeIgniter\CodeIgniter->run()
#4 {main}
CRITICAL - 2023-05-20 10:55:16 --> Class "App\Models\usuarios_model" not found
#0 C:\xampp\htdocs\Proyecto_olivos_nicolas\system\CodeIgniter.php(832): App\Controllers\usuario_controller->formValidation()
#1 C:\xampp\htdocs\Proyecto_olivos_nicolas\system\CodeIgniter.php(419): CodeIgniter\CodeIgniter->runController(Object(App\Controllers\usuario_controller))
#2 C:\xampp\htdocs\Proyecto_olivos_nicolas\system\CodeIgniter.php(326): CodeIgniter\CodeIgniter->handleRequest(NULL, Object(Config\Cache), false)
#3 C:\xampp\htdocs\Proyecto_olivos_nicolas\index.php(37): CodeIgniter\CodeIgniter->run()
#4 {main}
CRITICAL - 2023-05-20 10:59:05 --> Class "App\Models\usuarios_model" not found
#0 C:\xampp\htdocs\Proyecto_olivos_nicolas\system\CodeIgniter.php(832): App\Controllers\usuario_controller->formValidation()
#1 C:\xampp\htdocs\Proyecto_olivos_nicolas\system\CodeIgniter.php(419): CodeIgniter\CodeIgniter->runController(Object(App\Controllers\usuario_controller))
#2 C:\xampp\htdocs\Proyecto_olivos_nicolas\system\CodeIgniter.php(326): CodeIgniter\CodeIgniter->handleRequest(NULL, Object(Config\Cache), false)
#3 C:\xampp\htdocs\Proyecto_olivos_nicolas\index.php(37): CodeIgniter\CodeIgniter->run()
#4 {main}
CRITICAL - 2023-05-20 11:01:39 --> Class "App\Models\usuarios_model" not found
#0 C:\xampp\htdocs\Proyecto_olivos_nicolas\system\CodeIgniter.php(832): App\Controllers\usuario_controller->formValidation()
#1 C:\xampp\htdocs\Proyecto_olivos_nicolas\system\CodeIgniter.php(419): CodeIgniter\CodeIgniter->runController(Object(App\Controllers\usuario_controller))
#2 C:\xampp\htdocs\Proyecto_olivos_nicolas\system\CodeIgniter.php(326): CodeIgniter\CodeIgniter->handleRequest(NULL, Object(Config\Cache), false)
#3 C:\xampp\htdocs\Proyecto_olivos_nicolas\index.php(37): CodeIgniter\CodeIgniter->run()
#4 {main}
CRITICAL - 2023-05-20 11:04:49 --> Class "App\Models\usuarios_model" not found
#0 C:\xampp\htdocs\Proyecto_olivos_nicolas\system\CodeIgniter.php(832): App\Controllers\usuario_controller->formValidation()
#1 C:\xampp\htdocs\Proyecto_olivos_nicolas\system\CodeIgniter.php(419): CodeIgniter\CodeIgniter->runController(Object(App\Controllers\usuario_controller))
#2 C:\xampp\htdocs\Proyecto_olivos_nicolas\system\CodeIgniter.php(326): CodeIgniter\CodeIgniter->handleRequest(NULL, Object(Config\Cache), false)
#3 C:\xampp\htdocs\Proyecto_olivos_nicolas\index.php(37): CodeIgniter\CodeIgniter->run()
#4 {main}
CRITICAL - 2023-05-20 11:09:16 --> Class "App\Models\usuarios_model" not found
#0 C:\xampp\htdocs\Proyecto_olivos_nicolas\system\CodeIgniter.php(832): App\Controllers\usuario_controller->formValidation()
#1 C:\xampp\htdocs\Proyecto_olivos_nicolas\system\CodeIgniter.php(419): CodeIgniter\CodeIgniter->runController(Object(App\Controllers\usuario_controller))
#2 C:\xampp\htdocs\Proyecto_olivos_nicolas\system\CodeIgniter.php(326): CodeIgniter\CodeIgniter->handleRequest(NULL, Object(Config\Cache), false)
#3 C:\xampp\htdocs\Proyecto_olivos_nicolas\index.php(37): CodeIgniter\CodeIgniter->run()
#4 {main}
CRITICAL - 2023-05-20 11:10:13 --> Class "App\Models\usuarios_model" not found
#0 C:\xampp\htdocs\Proyecto_olivos_nicolas\system\CodeIgniter.php(832): App\Controllers\usuario_controller->formValidation()
#1 C:\xampp\htdocs\Proyecto_olivos_nicolas\system\CodeIgniter.php(419): CodeIgniter\CodeIgniter->runController(Object(App\Controllers\usuario_controller))
#2 C:\xampp\htdocs\Proyecto_olivos_nicolas\system\CodeIgniter.php(326): CodeIgniter\CodeIgniter->handleRequest(NULL, Object(Config\Cache), false)
#3 C:\xampp\htdocs\Proyecto_olivos_nicolas\index.php(37): CodeIgniter\CodeIgniter->run()
#4 {main}
CRITICAL - 2023-05-20 11:11:07 --> Class "App\Models\usuarios_model" not found
#0 C:\xampp\htdocs\Proyecto_olivos_nicolas\system\CodeIgniter.php(832): App\Controllers\usuario_controller->formValidation()
#1 C:\xampp\htdocs\Proyecto_olivos_nicolas\system\CodeIgniter.php(419): CodeIgniter\CodeIgniter->runController(Object(App\Controllers\usuario_controller))
#2 C:\xampp\htdocs\Proyecto_olivos_nicolas\system\CodeIgniter.php(326): CodeIgniter\CodeIgniter->handleRequest(NULL, Object(Config\Cache), false)
#3 C:\xampp\htdocs\Proyecto_olivos_nicolas\index.php(37): CodeIgniter\CodeIgniter->run()
#4 {main}
CRITICAL - 2023-05-20 11:11:20 --> Class "App\Models\usuarios_model" not found
#0 C:\xampp\htdocs\Proyecto_olivos_nicolas\system\CodeIgniter.php(832): App\Controllers\usuario_controller->formValidation()
#1 C:\xampp\htdocs\Proyecto_olivos_nicolas\system\CodeIgniter.php(419): CodeIgniter\CodeIgniter->runController(Object(App\Controllers\usuario_controller))
#2 C:\xampp\htdocs\Proyecto_olivos_nicolas\system\CodeIgniter.php(326): CodeIgniter\CodeIgniter->handleRequest(NULL, Object(Config\Cache), false)
#3 C:\xampp\htdocs\Proyecto_olivos_nicolas\index.php(37): CodeIgniter\CodeIgniter->run()
#4 {main}
CRITICAL - 2023-05-20 11:11:44 --> Class "App\Models\usuarios_model" not found
#0 C:\xampp\htdocs\Proyecto_olivos_nicolas\system\CodeIgniter.php(832): App\Controllers\usuario_controller->formValidation()
#1 C:\xampp\htdocs\Proyecto_olivos_nicolas\system\CodeIgniter.php(419): CodeIgniter\CodeIgniter->runController(Object(App\Controllers\usuario_controller))
#2 C:\xampp\htdocs\Proyecto_olivos_nicolas\system\CodeIgniter.php(326): CodeIgniter\CodeIgniter->handleRequest(NULL, Object(Config\Cache), false)
#3 C:\xampp\htdocs\Proyecto_olivos_nicolas\index.php(37): CodeIgniter\CodeIgniter->run()
#4 {main}
CRITICAL - 2023-05-20 11:15:21 --> Class "App\Models\usuarios_model" not found
#0 C:\xampp\htdocs\Proyecto_olivos_nicolas\system\CodeIgniter.php(832): App\Controllers\usuario_controller->formValidation()
#1 C:\xampp\htdocs\Proyecto_olivos_nicolas\system\CodeIgniter.php(419): CodeIgniter\CodeIgniter->runController(Object(App\Controllers\usuario_controller))
#2 C:\xampp\htdocs\Proyecto_olivos_nicolas\system\CodeIgniter.php(326): CodeIgniter\CodeIgniter->handleRequest(NULL, Object(Config\Cache), false)
#3 C:\xampp\htdocs\Proyecto_olivos_nicolas\index.php(37): CodeIgniter\CodeIgniter->run()
#4 {main}
CRITICAL - 2023-05-20 11:18:50 --> Class "App\Models\usuarios_model" not found
#0 C:\xampp\htdocs\Proyecto_olivos_nicolas\system\CodeIgniter.php(832): App\Controllers\usuario_controller->formValidation()
#1 C:\xampp\htdocs\Proyecto_olivos_nicolas\system\CodeIgniter.php(419): CodeIgniter\CodeIgniter->runController(Object(App\Controllers\usuario_controller))
#2 C:\xampp\htdocs\Proyecto_olivos_nicolas\system\CodeIgniter.php(326): CodeIgniter\CodeIgniter->handleRequest(NULL, Object(Config\Cache), false)
#3 C:\xampp\htdocs\Proyecto_olivos_nicolas\index.php(37): CodeIgniter\CodeIgniter->run()
#4 {main}
CRITICAL - 2023-05-20 11:51:56 --> Class "App\Models\usuarios_model" not found
#0 C:\xampp\htdocs\Proyecto_olivos_nicolas\system\CodeIgniter.php(832): App\Controllers\usuario_controller->formValidation()
#1 C:\xampp\htdocs\Proyecto_olivos_nicolas\system\CodeIgniter.php(419): CodeIgniter\CodeIgniter->runController(Object(App\Controllers\usuario_controller))
#2 C:\xampp\htdocs\Proyecto_olivos_nicolas\system\CodeIgniter.php(326): CodeIgniter\CodeIgniter->handleRequest(NULL, Object(Config\Cache), false)
#3 C:\xampp\htdocs\Proyecto_olivos_nicolas\index.php(37): CodeIgniter\CodeIgniter->run()
#4 {main}
CRITICAL - 2023-05-20 11:53:54 --> Class "App\Controllers\usuario_model" not found
#0 C:\xampp\htdocs\Proyecto_olivos_nicolas\system\CodeIgniter.php(832): App\Controllers\usuario_controller->formValidation()
#1 C:\xampp\htdocs\Proyecto_olivos_nicolas\system\CodeIgniter.php(419): CodeIgniter\CodeIgniter->runController(Object(App\Controllers\usuario_controller))
#2 C:\xampp\htdocs\Proyecto_olivos_nicolas\system\CodeIgniter.php(326): CodeIgniter\CodeIgniter->handleRequest(NULL, Object(Config\Cache), false)
#3 C:\xampp\htdocs\Proyecto_olivos_nicolas\index.php(37): CodeIgniter\CodeIgniter->run()
#4 {main}
CRITICAL - 2023-05-20 11:59:47 --> Class "App\Controllers\usuario_model" not found
#0 C:\xampp\htdocs\Proyecto_olivos_nicolas\system\CodeIgniter.php(832): App\Controllers\usuario_controller->formValidation()
#1 C:\xampp\htdocs\Proyecto_olivos_nicolas\system\CodeIgniter.php(419): CodeIgniter\CodeIgniter->runController(Object(App\Controllers\usuario_controller))
#2 C:\xampp\htdocs\Proyecto_olivos_nicolas\system\CodeIgniter.php(326): CodeIgniter\CodeIgniter->handleRequest(NULL, Object(Config\Cache), false)
#3 C:\xampp\htdocs\Proyecto_olivos_nicolas\index.php(37): CodeIgniter\CodeIgniter->run()
#4 {main}
CRITICAL - 2023-05-20 12:00:57 --> Class "App\Controllers\usuario_model" not found
#0 C:\xampp\htdocs\Proyecto_olivos_nicolas\system\CodeIgniter.php(832): App\Controllers\usuario_controller->formValidation()
#1 C:\xampp\htdocs\Proyecto_olivos_nicolas\system\CodeIgniter.php(419): CodeIgniter\CodeIgniter->runController(Object(App\Controllers\usuario_controller))
#2 C:\xampp\htdocs\Proyecto_olivos_nicolas\system\CodeIgniter.php(326): CodeIgniter\CodeIgniter->handleRequest(NULL, Object(Config\Cache), false)
#3 C:\xampp\htdocs\Proyecto_olivos_nicolas\index.php(37): CodeIgniter\CodeIgniter->run()
#4 {main}
CRITICAL - 2023-05-20 12:33:21 --> Class "App\Controllers\usuario_model" not found
#0 C:\xampp\htdocs\Proyecto_olivos_nicolas\system\CodeIgniter.php(832): App\Controllers\usuario_controller->formValidation()
#1 C:\xampp\htdocs\Proyecto_olivos_nicolas\system\CodeIgniter.php(419): CodeIgniter\CodeIgniter->runController(Object(App\Controllers\usuario_controller))
#2 C:\xampp\htdocs\Proyecto_olivos_nicolas\system\CodeIgniter.php(326): CodeIgniter\CodeIgniter->handleRequest(NULL, Object(Config\Cache), false)
#3 C:\xampp\htdocs\Proyecto_olivos_nicolas\index.php(37): CodeIgniter\CodeIgniter->run()
#4 {main}
CRITICAL - 2023-05-20 12:55:45 --> Class "App\Controllers\usuario_model" not found
#0 C:\xampp\htdocs\Proyecto_olivos_nicolas\system\CodeIgniter.php(832): App\Controllers\usuario_controller->formValidation()
#1 C:\xampp\htdocs\Proyecto_olivos_nicolas\system\CodeIgniter.php(419): CodeIgniter\CodeIgniter->runController(Object(App\Controllers\usuario_controller))
#2 C:\xampp\htdocs\Proyecto_olivos_nicolas\system\CodeIgniter.php(326): CodeIgniter\CodeIgniter->handleRequest(NULL, Object(Config\Cache), false)
#3 C:\xampp\htdocs\Proyecto_olivos_nicolas\index.php(37): CodeIgniter\CodeIgniter->run()
#4 {main}
CRITICAL - 2023-05-20 12:56:44 --> Class "App\Controllers\usuario_model" not found
#0 C:\xampp\htdocs\Proyecto_olivos_nicolas\system\CodeIgniter.php(832): App\Controllers\usuario_controller->formValidation()
#1 C:\xampp\htdocs\Proyecto_olivos_nicolas\system\CodeIgniter.php(419): CodeIgniter\CodeIgniter->runController(Object(App\Controllers\usuario_controller))
#2 C:\xampp\htdocs\Proyecto_olivos_nicolas\system\CodeIgniter.php(326): CodeIgniter\CodeIgniter->handleRequest(NULL, Object(Config\Cache), false)
#3 C:\xampp\htdocs\Proyecto_olivos_nicolas\index.php(37): CodeIgniter\CodeIgniter->run()
#4 {main}
CRITICAL - 2023-05-20 13:05:10 --> Class "App\Controllers\usuario_model" not found
#0 C:\xampp\htdocs\Proyecto_olivos_nicolas\system\CodeIgniter.php(832): App\Controllers\usuario_controller->formValidation()
#1 C:\xampp\htdocs\Proyecto_olivos_nicolas\system\CodeIgniter.php(419): CodeIgniter\CodeIgniter->runController(Object(App\Controllers\usuario_controller))
#2 C:\xampp\htdocs\Proyecto_olivos_nicolas\system\CodeIgniter.php(326): CodeIgniter\CodeIgniter->handleRequest(NULL, Object(Config\Cache), false)
#3 C:\xampp\htdocs\Proyecto_olivos_nicolas\index.php(37): CodeIgniter\CodeIgniter->run()
#4 {main}
CRITICAL - 2023-05-20 13:17:54 --> Class "App\Controllers\usuario_model" not found
#0 C:\xampp\htdocs\Proyecto_olivos_nicolas\system\CodeIgniter.php(832): App\Controllers\usuario_controller->formValidation()
#1 C:\xampp\htdocs\Proyecto_olivos_nicolas\system\CodeIgniter.php(419): CodeIgniter\CodeIgniter->runController(Object(App\Controllers\usuario_controller))
#2 C:\xampp\htdocs\Proyecto_olivos_nicolas\system\CodeIgniter.php(326): CodeIgniter\CodeIgniter->handleRequest(NULL, Object(Config\Cache), false)
#3 C:\xampp\htdocs\Proyecto_olivos_nicolas\index.php(37): CodeIgniter\CodeIgniter->run()
#4 {main}
CRITICAL - 2023-05-20 13:27:14 --> Class "App\Controllers\usuario_model" not found
#0 C:\xampp\htdocs\Proyecto_olivos_nicolas\system\CodeIgniter.php(832): App\Controllers\usuario_controller->formValidation()
#1 C:\xampp\htdocs\Proyecto_olivos_nicolas\system\CodeIgniter.php(419): CodeIgniter\CodeIgniter->runController(Object(App\Controllers\usuario_controller))
#2 C:\xampp\htdocs\Proyecto_olivos_nicolas\system\CodeIgniter.php(326): CodeIgniter\CodeIgniter->handleRequest(NULL, Object(Config\Cache), false)
#3 C:\xampp\htdocs\Proyecto_olivos_nicolas\index.php(37): CodeIgniter\CodeIgniter->run()
#4 {main}
CRITICAL - 2023-05-20 13:29:16 --> Class "App\Controllers\Usuario_model" not found
#0 C:\xampp\htdocs\Proyecto_olivos_nicolas\system\CodeIgniter.php(832): App\Controllers\usuario_controller->formValidation()
#1 C:\xampp\htdocs\Proyecto_olivos_nicolas\system\CodeIgniter.php(419): CodeIgniter\CodeIgniter->runController(Object(App\Controllers\usuario_controller))
#2 C:\xampp\htdocs\Proyecto_olivos_nicolas\system\CodeIgniter.php(326): CodeIgniter\CodeIgniter->handleRequest(NULL, Object(Config\Cache), false)
#3 C:\xampp\htdocs\Proyecto_olivos_nicolas\index.php(37): CodeIgniter\CodeIgniter->run()
#4 {main}
ERROR - 2023-05-20 13:29:56 --> Cannot add or update a child row: a foreign key constraint fails (`olivos_nicolas`.`usuarios`, CONSTRAINT `usuarios_ibfk_1` FOREIGN KEY (`perfil_id`) REFERENCES `perfiles` (`id`))
CRITICAL - 2023-05-20 13:29:56 --> Cannot add or update a child row: a foreign key constraint fails (`olivos_nicolas`.`usuarios`, CONSTRAINT `usuarios_ibfk_1` FOREIGN KEY (`perfil_id`) REFERENCES `perfiles` (`id`))
#0 C:\xampp\htdocs\Proyecto_olivos_nicolas\system\Database\MySQLi\Connection.php(292): mysqli->query('INSERT INTO `us...', 0)
#1 C:\xampp\htdocs\Proyecto_olivos_nicolas\system\Database\BaseConnection.php(670): CodeIgniter\Database\MySQLi\Connection->execute('INSERT INTO `us...')
#2 C:\xampp\htdocs\Proyecto_olivos_nicolas\system\Database\BaseConnection.php(598): CodeIgniter\Database\BaseConnection->simpleQuery('INSERT INTO `us...')
#3 C:\xampp\htdocs\Proyecto_olivos_nicolas\system\Database\BaseBuilder.php(1771): CodeIgniter\Database\BaseConnection->query('INSERT INTO `us...', Array, false)
#4 C:\xampp\htdocs\Proyecto_olivos_nicolas\system\Model.php(239): CodeIgniter\Database\BaseBuilder->insert()
#5 C:\xampp\htdocs\Proyecto_olivos_nicolas\system\BaseModel.php(738): CodeIgniter\Model->doInsert(Array)
#6 C:\xampp\htdocs\Proyecto_olivos_nicolas\system\Model.php(625): CodeIgniter\BaseModel->insert(Array, false)
#7 C:\xampp\htdocs\Proyecto_olivos_nicolas\system\BaseModel.php(658): CodeIgniter\Model->insert(Array, false)
#8 C:\xampp\htdocs\Proyecto_olivos_nicolas\app\Controllers\Usuario_controller.php(39): CodeIgniter\BaseModel->save(Array)
#9 C:\xampp\htdocs\Proyecto_olivos_nicolas\system\CodeIgniter.php(832): App\Controllers\usuario_controller->formValidation()
#10 C:\xampp\htdocs\Proyecto_olivos_nicolas\system\CodeIgniter.php(419): CodeIgniter\CodeIgniter->runController(Object(App\Controllers\usuario_controller))
#11 C:\xampp\htdocs\Proyecto_olivos_nicolas\system\CodeIgniter.php(326): CodeIgniter\CodeIgniter->handleRequest(NULL, Object(Config\Cache), false)
#12 C:\xampp\htdocs\Proyecto_olivos_nicolas\index.php(37): CodeIgniter\CodeIgniter->run()
#13 {main}
ERROR - 2023-05-20 14:28:55 --> Cannot add or update a child row: a foreign key constraint fails (`olivos_nicolas`.`usuarios`, CONSTRAINT `usuarios_ibfk_1` FOREIGN KEY (`perfil_id`) REFERENCES `perfiles` (`id`))
CRITICAL - 2023-05-20 14:28:55 --> Cannot add or update a child row: a foreign key constraint fails (`olivos_nicolas`.`usuarios`, CONSTRAINT `usuarios_ibfk_1` FOREIGN KEY (`perfil_id`) REFERENCES `perfiles` (`id`))
#0 C:\xampp\htdocs\Proyecto_olivos_nicolas\system\Database\MySQLi\Connection.php(292): mysqli->query('INSERT INTO `us...', 0)
#1 C:\xampp\htdocs\Proyecto_olivos_nicolas\system\Database\BaseConnection.php(670): CodeIgniter\Database\MySQLi\Connection->execute('INSERT INTO `us...')
#2 C:\xampp\htdocs\Proyecto_olivos_nicolas\system\Database\BaseConnection.php(598): CodeIgniter\Database\BaseConnection->simpleQuery('INSERT INTO `us...')
#3 C:\xampp\htdocs\Proyecto_olivos_nicolas\system\Database\BaseBuilder.php(1771): CodeIgniter\Database\BaseConnection->query('INSERT INTO `us...', Array, false)
#4 C:\xampp\htdocs\Proyecto_olivos_nicolas\system\Model.php(239): CodeIgniter\Database\BaseBuilder->insert()
#5 C:\xampp\htdocs\Proyecto_olivos_nicolas\system\BaseModel.php(738): CodeIgniter\Model->doInsert(Array)
#6 C:\xampp\htdocs\Proyecto_olivos_nicolas\system\Model.php(625): CodeIgniter\BaseModel->insert(Array, false)
#7 C:\xampp\htdocs\Proyecto_olivos_nicolas\system\BaseModel.php(658): CodeIgniter\Model->insert(Array, false)
#8 C:\xampp\htdocs\Proyecto_olivos_nicolas\app\Controllers\Usuario_controller.php(39): CodeIgniter\BaseModel->save(Array)
#9 C:\xampp\htdocs\Proyecto_olivos_nicolas\system\CodeIgniter.php(832): App\Controllers\usuario_controller->formValidation()
#10 C:\xampp\htdocs\Proyecto_olivos_nicolas\system\CodeIgniter.php(419): CodeIgniter\CodeIgniter->runController(Object(App\Controllers\usuario_controller))
#11 C:\xampp\htdocs\Proyecto_olivos_nicolas\system\CodeIgniter.php(326): CodeIgniter\CodeIgniter->handleRequest(NULL, Object(Config\Cache), false)
#12 C:\xampp\htdocs\Proyecto_olivos_nicolas\index.php(37): CodeIgniter\CodeIgniter->run()
#13 {main}
ERROR - 2023-05-20 14:49:21 --> Cannot add or update a child row: a foreign key constraint fails (`olivos_nicolas`.`usuarios`, CONSTRAINT `usuarios_ibfk_1` FOREIGN KEY (`perfil_id`) REFERENCES `perfiles` (`id`) ON UPDATE CASCADE)
CRITICAL - 2023-05-20 14:49:21 --> Cannot add or update a child row: a foreign key constraint fails (`olivos_nicolas`.`usuarios`, CONSTRAINT `usuarios_ibfk_1` FOREIGN KEY (`perfil_id`) REFERENCES `perfiles` (`id`) ON UPDATE CASCADE)
#0 C:\xampp\htdocs\Proyecto_olivos_nicolas\system\Database\MySQLi\Connection.php(292): mysqli->query('INSERT INTO `us...', 0)
#1 C:\xampp\htdocs\Proyecto_olivos_nicolas\system\Database\BaseConnection.php(670): CodeIgniter\Database\MySQLi\Connection->execute('INSERT INTO `us...')
#2 C:\xampp\htdocs\Proyecto_olivos_nicolas\system\Database\BaseConnection.php(598): CodeIgniter\Database\BaseConnection->simpleQuery('INSERT INTO `us...')
#3 C:\xampp\htdocs\Proyecto_olivos_nicolas\system\Database\BaseBuilder.php(1771): CodeIgniter\Database\BaseConnection->query('INSERT INTO `us...', Array, false)
#4 C:\xampp\htdocs\Proyecto_olivos_nicolas\system\Model.php(239): CodeIgniter\Database\BaseBuilder->insert()
#5 C:\xampp\htdocs\Proyecto_olivos_nicolas\system\BaseModel.php(738): CodeIgniter\Model->doInsert(Array)
#6 C:\xampp\htdocs\Proyecto_olivos_nicolas\system\Model.php(625): CodeIgniter\BaseModel->insert(Array, false)
#7 C:\xampp\htdocs\Proyecto_olivos_nicolas\system\BaseModel.php(658): CodeIgniter\Model->insert(Array, false)
#8 C:\xampp\htdocs\Proyecto_olivos_nicolas\app\Controllers\Usuario_controller.php(39): CodeIgniter\BaseModel->save(Array)
#9 C:\xampp\htdocs\Proyecto_olivos_nicolas\system\CodeIgniter.php(832): App\Controllers\usuario_controller->formValidation()
#10 C:\xampp\htdocs\Proyecto_olivos_nicolas\system\CodeIgniter.php(419): CodeIgniter\CodeIgniter->runController(Object(App\Controllers\usuario_controller))
#11 C:\xampp\htdocs\Proyecto_olivos_nicolas\system\CodeIgniter.php(326): CodeIgniter\CodeIgniter->handleRequest(NULL, Object(Config\Cache), false)
#12 C:\xampp\htdocs\Proyecto_olivos_nicolas\index.php(37): CodeIgniter\CodeIgniter->run()
#13 {main}
ERROR - 2023-05-20 15:00:55 --> Cannot add or update a child row: a foreign key constraint fails (`olivos_nicolas`.`usuarios`, CONSTRAINT `usuarios_ibfk_1` FOREIGN KEY (`perfil_id`) REFERENCES `perfiles` (`id`) ON UPDATE CASCADE)
CRITICAL - 2023-05-20 15:00:55 --> Cannot add or update a child row: a foreign key constraint fails (`olivos_nicolas`.`usuarios`, CONSTRAINT `usuarios_ibfk_1` FOREIGN KEY (`perfil_id`) REFERENCES `perfiles` (`id`) ON UPDATE CASCADE)
#0 C:\xampp\htdocs\Proyecto_olivos_nicolas\system\Database\MySQLi\Connection.php(292): mysqli->query('INSERT INTO `us...', 0)
#1 C:\xampp\htdocs\Proyecto_olivos_nicolas\system\Database\BaseConnection.php(670): CodeIgniter\Database\MySQLi\Connection->execute('INSERT INTO `us...')
#2 C:\xampp\htdocs\Proyecto_olivos_nicolas\system\Database\BaseConnection.php(598): CodeIgniter\Database\BaseConnection->simpleQuery('INSERT INTO `us...')
#3 C:\xampp\htdocs\Proyecto_olivos_nicolas\system\Database\BaseBuilder.php(1771): CodeIgniter\Database\BaseConnection->query('INSERT INTO `us...', Array, false)
#4 C:\xampp\htdocs\Proyecto_olivos_nicolas\system\Model.php(239): CodeIgniter\Database\BaseBuilder->insert()
#5 C:\xampp\htdocs\Proyecto_olivos_nicolas\system\BaseModel.php(738): CodeIgniter\Model->doInsert(Array)
#6 C:\xampp\htdocs\Proyecto_olivos_nicolas\system\Model.php(625): CodeIgniter\BaseModel->insert(Array, false)
#7 C:\xampp\htdocs\Proyecto_olivos_nicolas\system\BaseModel.php(658): CodeIgniter\Model->insert(Array, false)
#8 C:\xampp\htdocs\Proyecto_olivos_nicolas\app\Controllers\Usuario_controller.php(39): CodeIgniter\BaseModel->save(Array)
#9 C:\xampp\htdocs\Proyecto_olivos_nicolas\system\CodeIgniter.php(832): App\Controllers\usuario_controller->formValidation()
#10 C:\xampp\htdocs\Proyecto_olivos_nicolas\system\CodeIgniter.php(419): CodeIgniter\CodeIgniter->runController(Object(App\Controllers\usuario_controller))
#11 C:\xampp\htdocs\Proyecto_olivos_nicolas\system\CodeIgniter.php(326): CodeIgniter\CodeIgniter->handleRequest(NULL, Object(Config\Cache), false)
#12 C:\xampp\htdocs\Proyecto_olivos_nicolas\index.php(37): CodeIgniter\CodeIgniter->run()
#13 {main}
ERROR - 2023-05-20 15:03:16 --> Cannot add or update a child row: a foreign key constraint fails (`olivos_nicolas`.`usuarios`, CONSTRAINT `usuarios_ibfk_1` FOREIGN KEY (`perfil_id`) REFERENCES `perfiles` (`id`) ON UPDATE CASCADE)
CRITICAL - 2023-05-20 15:03:16 --> Cannot add or update a child row: a foreign key constraint fails (`olivos_nicolas`.`usuarios`, CONSTRAINT `usuarios_ibfk_1` FOREIGN KEY (`perfil_id`) REFERENCES `perfiles` (`id`) ON UPDATE CASCADE)
#0 C:\xampp\htdocs\Proyecto_olivos_nicolas\system\Database\MySQLi\Connection.php(292): mysqli->query('INSERT INTO `us...', 0)
#1 C:\xampp\htdocs\Proyecto_olivos_nicolas\system\Database\BaseConnection.php(670): CodeIgniter\Database\MySQLi\Connection->execute('INSERT INTO `us...')
#2 C:\xampp\htdocs\Proyecto_olivos_nicolas\system\Database\BaseConnection.php(598): CodeIgniter\Database\BaseConnection->simpleQuery('INSERT INTO `us...')
#3 C:\xampp\htdocs\Proyecto_olivos_nicolas\system\Database\BaseBuilder.php(1771): CodeIgniter\Database\BaseConnection->query('INSERT INTO `us...', Array, false)
#4 C:\xampp\htdocs\Proyecto_olivos_nicolas\system\Model.php(239): CodeIgniter\Database\BaseBuilder->insert()
#5 C:\xampp\htdocs\Proyecto_olivos_nicolas\system\BaseModel.php(738): CodeIgniter\Model->doInsert(Array)
#6 C:\xampp\htdocs\Proyecto_olivos_nicolas\system\Model.php(625): CodeIgniter\BaseModel->insert(Array, false)
#7 C:\xampp\htdocs\Proyecto_olivos_nicolas\system\BaseModel.php(658): CodeIgniter\Model->insert(Array, false)
#8 C:\xampp\htdocs\Proyecto_olivos_nicolas\app\Controllers\Usuario_controller.php(39): CodeIgniter\BaseModel->save(Array)
#9 C:\xampp\htdocs\Proyecto_olivos_nicolas\system\CodeIgniter.php(832): App\Controllers\usuario_controller->formValidation()
#10 C:\xampp\htdocs\Proyecto_olivos_nicolas\system\CodeIgniter.php(419): CodeIgniter\CodeIgniter->runController(Object(App\Controllers\usuario_controller))
#11 C:\xampp\htdocs\Proyecto_olivos_nicolas\system\CodeIgniter.php(326): CodeIgniter\CodeIgniter->handleRequest(NULL, Object(Config\Cache), false)
#12 C:\xampp\htdocs\Proyecto_olivos_nicolas\index.php(37): CodeIgniter\CodeIgniter->run()
#13 {main}
ERROR - 2023-05-20 15:11:29 --> Cannot add or update a child row: a foreign key constraint fails (`olivos_nicolas`.`usuarios`, CONSTRAINT `usuarios_ibfk_1` FOREIGN KEY (`perfil_id`) REFERENCES `perfiles` (`id`) ON UPDATE CASCADE)
CRITICAL - 2023-05-20 15:11:29 --> Cannot add or update a child row: a foreign key constraint fails (`olivos_nicolas`.`usuarios`, CONSTRAINT `usuarios_ibfk_1` FOREIGN KEY (`perfil_id`) REFERENCES `perfiles` (`id`) ON UPDATE CASCADE)
#0 C:\xampp\htdocs\Proyecto_olivos_nicolas\system\Database\MySQLi\Connection.php(292): mysqli->query('INSERT INTO `us...', 0)
#1 C:\xampp\htdocs\Proyecto_olivos_nicolas\system\Database\BaseConnection.php(670): CodeIgniter\Database\MySQLi\Connection->execute('INSERT INTO `us...')
#2 C:\xampp\htdocs\Proyecto_olivos_nicolas\system\Database\BaseConnection.php(598): CodeIgniter\Database\BaseConnection->simpleQuery('INSERT INTO `us...')
#3 C:\xampp\htdocs\Proyecto_olivos_nicolas\system\Database\BaseBuilder.php(1771): CodeIgniter\Database\BaseConnection->query('INSERT INTO `us...', Array, false)
#4 C:\xampp\htdocs\Proyecto_olivos_nicolas\system\Model.php(239): CodeIgniter\Database\BaseBuilder->insert()
#5 C:\xampp\htdocs\Proyecto_olivos_nicolas\system\BaseModel.php(738): CodeIgniter\Model->doInsert(Array)
#6 C:\xampp\htdocs\Proyecto_olivos_nicolas\system\Model.php(625): CodeIgniter\BaseModel->insert(Array, false)
#7 C:\xampp\htdocs\Proyecto_olivos_nicolas\system\BaseModel.php(658): CodeIgniter\Model->insert(Array, false)
#8 C:\xampp\htdocs\Proyecto_olivos_nicolas\app\Controllers\Usuario_controller.php(39): CodeIgniter\BaseModel->save(Array)
#9 C:\xampp\htdocs\Proyecto_olivos_nicolas\system\CodeIgniter.php(832): App\Controllers\usuario_controller->formValidation()
#10 C:\xampp\htdocs\Proyecto_olivos_nicolas\system\CodeIgniter.php(419): CodeIgniter\CodeIgniter->runController(Object(App\Controllers\usuario_controller))
#11 C:\xampp\htdocs\Proyecto_olivos_nicolas\system\CodeIgniter.php(326): CodeIgniter\CodeIgniter->handleRequest(NULL, Object(Config\Cache), false)
#12 C:\xampp\htdocs\Proyecto_olivos_nicolas\index.php(37): CodeIgniter\CodeIgniter->run()
#13 {main}
ERROR - 2023-05-20 15:15:07 --> Cannot add or update a child row: a foreign key constraint fails (`olivos_nicolas`.`usuarios`, CONSTRAINT `usuarios_ibfk_1` FOREIGN KEY (`perfil_id`) REFERENCES `perfiles` (`id`) ON UPDATE CASCADE)
CRITICAL - 2023-05-20 15:15:07 --> Cannot add or update a child row: a foreign key constraint fails (`olivos_nicolas`.`usuarios`, CONSTRAINT `usuarios_ibfk_1` FOREIGN KEY (`perfil_id`) REFERENCES `perfiles` (`id`) ON UPDATE CASCADE)
#0 C:\xampp\htdocs\Proyecto_olivos_nicolas\system\Database\MySQLi\Connection.php(292): mysqli->query('INSERT INTO `us...', 0)
#1 C:\xampp\htdocs\Proyecto_olivos_nicolas\system\Database\BaseConnection.php(670): CodeIgniter\Database\MySQLi\Connection->execute('INSERT INTO `us...')
#2 C:\xampp\htdocs\Proyecto_olivos_nicolas\system\Database\BaseConnection.php(598): CodeIgniter\Database\BaseConnection->simpleQuery('INSERT INTO `us...')
#3 C:\xampp\htdocs\Proyecto_olivos_nicolas\system\Database\BaseBuilder.php(1771): CodeIgniter\Database\BaseConnection->query('INSERT INTO `us...', Array, false)
#4 C:\xampp\htdocs\Proyecto_olivos_nicolas\system\Model.php(239): CodeIgniter\Database\BaseBuilder->insert()
#5 C:\xampp\htdocs\Proyecto_olivos_nicolas\system\BaseModel.php(738): CodeIgniter\Model->doInsert(Array)
#6 C:\xampp\htdocs\Proyecto_olivos_nicolas\system\Model.php(625): CodeIgniter\BaseModel->insert(Array, false)
#7 C:\xampp\htdocs\Proyecto_olivos_nicolas\system\BaseModel.php(658): CodeIgniter\Model->insert(Array, false)
#8 C:\xampp\htdocs\Proyecto_olivos_nicolas\app\Controllers\Usuario_controller.php(39): CodeIgniter\BaseModel->save(Array)
#9 C:\xampp\htdocs\Proyecto_olivos_nicolas\system\CodeIgniter.php(832): App\Controllers\usuario_controller->formValidation()
#10 C:\xampp\htdocs\Proyecto_olivos_nicolas\system\CodeIgniter.php(419): CodeIgniter\CodeIgniter->runController(Object(App\Controllers\usuario_controller))
#11 C:\xampp\htdocs\Proyecto_olivos_nicolas\system\CodeIgniter.php(326): CodeIgniter\CodeIgniter->handleRequest(NULL, Object(Config\Cache), false)
#12 C:\xampp\htdocs\Proyecto_olivos_nicolas\index.php(37): CodeIgniter\CodeIgniter->run()
#13 {main}
ERROR - 2023-05-20 15:16:56 --> Cannot add or update a child row: a foreign key constraint fails (`olivos_nicolas`.`usuarios`, CONSTRAINT `usuarios_ibfk_1` FOREIGN KEY (`perfil_id`) REFERENCES `perfiles` (`id`) ON UPDATE CASCADE)
CRITICAL - 2023-05-20 15:16:56 --> Cannot add or update a child row: a foreign key constraint fails (`olivos_nicolas`.`usuarios`, CONSTRAINT `usuarios_ibfk_1` FOREIGN KEY (`perfil_id`) REFERENCES `perfiles` (`id`) ON UPDATE CASCADE)
#0 C:\xampp\htdocs\Proyecto_olivos_nicolas\system\Database\MySQLi\Connection.php(292): mysqli->query('INSERT INTO `us...', 0)
#1 C:\xampp\htdocs\Proyecto_olivos_nicolas\system\Database\BaseConnection.php(670): CodeIgniter\Database\MySQLi\Connection->execute('INSERT INTO `us...')
#2 C:\xampp\htdocs\Proyecto_olivos_nicolas\system\Database\BaseConnection.php(598): CodeIgniter\Database\BaseConnection->simpleQuery('INSERT INTO `us...')
#3 C:\xampp\htdocs\Proyecto_olivos_nicolas\system\Database\BaseBuilder.php(1771): CodeIgniter\Database\BaseConnection->query('INSERT INTO `us...', Array, false)
#4 C:\xampp\htdocs\Proyecto_olivos_nicolas\system\Model.php(239): CodeIgniter\Database\BaseBuilder->insert()
#5 C:\xampp\htdocs\Proyecto_olivos_nicolas\system\BaseModel.php(738): CodeIgniter\Model->doInsert(Array)
#6 C:\xampp\htdocs\Proyecto_olivos_nicolas\system\Model.php(625): CodeIgniter\BaseModel->insert(Array, false)
#7 C:\xampp\htdocs\Proyecto_olivos_nicolas\system\BaseModel.php(658): CodeIgniter\Model->insert(Array, false)
#8 C:\xampp\htdocs\Proyecto_olivos_nicolas\app\Controllers\Usuario_controller.php(39): CodeIgniter\BaseModel->save(Array)
#9 C:\xampp\htdocs\Proyecto_olivos_nicolas\system\CodeIgniter.php(832): App\Controllers\usuario_controller->formValidation()
#10 C:\xampp\htdocs\Proyecto_olivos_nicolas\system\CodeIgniter.php(419): CodeIgniter\CodeIgniter->runController(Object(App\Controllers\usuario_controller))
#11 C:\xampp\htdocs\Proyecto_olivos_nicolas\system\CodeIgniter.php(326): CodeIgniter\CodeIgniter->handleRequest(NULL, Object(Config\Cache), false)
#12 C:\xampp\htdocs\Proyecto_olivos_nicolas\index.php(37): CodeIgniter\CodeIgniter->run()
#13 {main}
ERROR - 2023-05-20 15:23:25 --> Cannot add or update a child row: a foreign key constraint fails (`olivos_nicolas`.`usuarios`, CONSTRAINT `usuarios_ibfk_1` FOREIGN KEY (`perfil_id`) REFERENCES `perfiles` (`id`) ON UPDATE CASCADE)
CRITICAL - 2023-05-20 15:23:25 --> Cannot add or update a child row: a foreign key constraint fails (`olivos_nicolas`.`usuarios`, CONSTRAINT `usuarios_ibfk_1` FOREIGN KEY (`perfil_id`) REFERENCES `perfiles` (`id`) ON UPDATE CASCADE)
#0 C:\xampp\htdocs\Proyecto_olivos_nicolas\system\Database\MySQLi\Connection.php(292): mysqli->query('INSERT INTO `us...', 0)
#1 C:\xampp\htdocs\Proyecto_olivos_nicolas\system\Database\BaseConnection.php(670): CodeIgniter\Database\MySQLi\Connection->execute('INSERT INTO `us...')
#2 C:\xampp\htdocs\Proyecto_olivos_nicolas\system\Database\BaseConnection.php(598): CodeIgniter\Database\BaseConnection->simpleQuery('INSERT INTO `us...')
#3 C:\xampp\htdocs\Proyecto_olivos_nicolas\system\Database\BaseBuilder.php(1771): CodeIgniter\Database\BaseConnection->query('INSERT INTO `us...', Array, false)
#4 C:\xampp\htdocs\Proyecto_olivos_nicolas\system\Model.php(239): CodeIgniter\Database\BaseBuilder->insert()
#5 C:\xampp\htdocs\Proyecto_olivos_nicolas\system\BaseModel.php(738): CodeIgniter\Model->doInsert(Array)
#6 C:\xampp\htdocs\Proyecto_olivos_nicolas\system\Model.php(625): CodeIgniter\BaseModel->insert(Array, false)
#7 C:\xampp\htdocs\Proyecto_olivos_nicolas\system\BaseModel.php(658): CodeIgniter\Model->insert(Array, false)
#8 C:\xampp\htdocs\Proyecto_olivos_nicolas\app\Controllers\Usuario_controller.php(39): CodeIgniter\BaseModel->save(Array)
#9 C:\xampp\htdocs\Proyecto_olivos_nicolas\system\CodeIgniter.php(832): App\Controllers\usuario_controller->formValidation()
#10 C:\xampp\htdocs\Proyecto_olivos_nicolas\system\CodeIgniter.php(419): CodeIgniter\CodeIgniter->runController(Object(App\Controllers\usuario_controller))
#11 C:\xampp\htdocs\Proyecto_olivos_nicolas\system\CodeIgniter.php(326): CodeIgniter\CodeIgniter->handleRequest(NULL, Object(Config\Cache), false)
#12 C:\xampp\htdocs\Proyecto_olivos_nicolas\index.php(37): CodeIgniter\CodeIgniter->run()
#13 {main}
ERROR - 2023-05-20 15:39:23 --> Cannot add or update a child row: a foreign key constraint fails (`olivos_nicolas`.`usuarios`, CONSTRAINT `usuarios_ibfk_1` FOREIGN KEY (`perfil_id`) REFERENCES `perfiles` (`id`) ON UPDATE CASCADE)
CRITICAL - 2023-05-20 15:39:23 --> Cannot add or update a child row: a foreign key constraint fails (`olivos_nicolas`.`usuarios`, CONSTRAINT `usuarios_ibfk_1` FOREIGN KEY (`perfil_id`) REFERENCES `perfiles` (`id`) ON UPDATE CASCADE)
#0 C:\xampp\htdocs\Proyecto_olivos_nicolas\system\Database\MySQLi\Connection.php(292): mysqli->query('INSERT INTO `us...', 0)
#1 C:\xampp\htdocs\Proyecto_olivos_nicolas\system\Database\BaseConnection.php(670): CodeIgniter\Database\MySQLi\Connection->execute('INSERT INTO `us...')
#2 C:\xampp\htdocs\Proyecto_olivos_nicolas\system\Database\BaseConnection.php(598): CodeIgniter\Database\BaseConnection->simpleQuery('INSERT INTO `us...')
#3 C:\xampp\htdocs\Proyecto_olivos_nicolas\system\Database\BaseBuilder.php(1771): CodeIgniter\Database\BaseConnection->query('INSERT INTO `us...', Array, false)
#4 C:\xampp\htdocs\Proyecto_olivos_nicolas\system\Model.php(239): CodeIgniter\Database\BaseBuilder->insert()
#5 C:\xampp\htdocs\Proyecto_olivos_nicolas\system\BaseModel.php(738): CodeIgniter\Model->doInsert(Array)
#6 C:\xampp\htdocs\Proyecto_olivos_nicolas\system\Model.php(625): CodeIgniter\BaseModel->insert(Array, false)
#7 C:\xampp\htdocs\Proyecto_olivos_nicolas\system\BaseModel.php(658): CodeIgniter\Model->insert(Array, false)
#8 C:\xampp\htdocs\Proyecto_olivos_nicolas\app\Controllers\Usuario_controller.php(39): CodeIgniter\BaseModel->save(Array)
#9 C:\xampp\htdocs\Proyecto_olivos_nicolas\system\CodeIgniter.php(832): App\Controllers\usuario_controller->formValidation()
#10 C:\xampp\htdocs\Proyecto_olivos_nicolas\system\CodeIgniter.php(419): CodeIgniter\CodeIgniter->runController(Object(App\Controllers\usuario_controller))
#11 C:\xampp\htdocs\Proyecto_olivos_nicolas\system\CodeIgniter.php(326): CodeIgniter\CodeIgniter->handleRequest(NULL, Object(Config\Cache), false)
#12 C:\xampp\htdocs\Proyecto_olivos_nicolas\index.php(37): CodeIgniter\CodeIgniter->run()
#13 {main}
ERROR - 2023-05-20 15:42:13 --> Cannot add or update a child row: a foreign key constraint fails (`olivos_nicolas`.`usuarios`, CONSTRAINT `usuarios_ibfk_1` FOREIGN KEY (`perfil_id`) REFERENCES `perfiles` (`id`) ON UPDATE NO ACTION)
CRITICAL - 2023-05-20 15:42:13 --> Cannot add or update a child row: a foreign key constraint fails (`olivos_nicolas`.`usuarios`, CONSTRAINT `usuarios_ibfk_1` FOREIGN KEY (`perfil_id`) REFERENCES `perfiles` (`id`) ON UPDATE NO ACTION)
#0 C:\xampp\htdocs\Proyecto_olivos_nicolas\system\Database\MySQLi\Connection.php(292): mysqli->query('INSERT INTO `us...', 0)
#1 C:\xampp\htdocs\Proyecto_olivos_nicolas\system\Database\BaseConnection.php(670): CodeIgniter\Database\MySQLi\Connection->execute('INSERT INTO `us...')
#2 C:\xampp\htdocs\Proyecto_olivos_nicolas\system\Database\BaseConnection.php(598): CodeIgniter\Database\BaseConnection->simpleQuery('INSERT INTO `us...')
#3 C:\xampp\htdocs\Proyecto_olivos_nicolas\system\Database\BaseBuilder.php(1771): CodeIgniter\Database\BaseConnection->query('INSERT INTO `us...', Array, false)
#4 C:\xampp\htdocs\Proyecto_olivos_nicolas\system\Model.php(239): CodeIgniter\Database\BaseBuilder->insert()
#5 C:\xampp\htdocs\Proyecto_olivos_nicolas\system\BaseModel.php(738): CodeIgniter\Model->doInsert(Array)
#6 C:\xampp\htdocs\Proyecto_olivos_nicolas\system\Model.php(625): CodeIgniter\BaseModel->insert(Array, false)
#7 C:\xampp\htdocs\Proyecto_olivos_nicolas\system\BaseModel.php(658): CodeIgniter\Model->insert(Array, false)
#8 C:\xampp\htdocs\Proyecto_olivos_nicolas\app\Controllers\Usuario_controller.php(39): CodeIgniter\BaseModel->save(Array)
#9 C:\xampp\htdocs\Proyecto_olivos_nicolas\system\CodeIgniter.php(832): App\Controllers\usuario_controller->formValidation()
#10 C:\xampp\htdocs\Proyecto_olivos_nicolas\system\CodeIgniter.php(419): CodeIgniter\CodeIgniter->runController(Object(App\Controllers\usuario_controller))
#11 C:\xampp\htdocs\Proyecto_olivos_nicolas\system\CodeIgniter.php(326): CodeIgniter\CodeIgniter->handleRequest(NULL, Object(Config\Cache), false)
#12 C:\xampp\htdocs\Proyecto_olivos_nicolas\index.php(37): CodeIgniter\CodeIgniter->run()
#13 {main}
ERROR - 2023-05-20 15:42:40 --> Cannot add or update a child row: a foreign key constraint fails (`olivos_nicolas`.`usuarios`, CONSTRAINT `usuarios_ibfk_1` FOREIGN KEY (`perfil_id`) REFERENCES `perfiles` (`id`) ON UPDATE CASCADE)
CRITICAL - 2023-05-20 15:42:40 --> Cannot add or update a child row: a foreign key constraint fails (`olivos_nicolas`.`usuarios`, CONSTRAINT `usuarios_ibfk_1` FOREIGN KEY (`perfil_id`) REFERENCES `perfiles` (`id`) ON UPDATE CASCADE)
#0 C:\xampp\htdocs\Proyecto_olivos_nicolas\system\Database\MySQLi\Connection.php(292): mysqli->query('INSERT INTO `us...', 0)
#1 C:\xampp\htdocs\Proyecto_olivos_nicolas\system\Database\BaseConnection.php(670): CodeIgniter\Database\MySQLi\Connection->execute('INSERT INTO `us...')
#2 C:\xampp\htdocs\Proyecto_olivos_nicolas\system\Database\BaseConnection.php(598): CodeIgniter\Database\BaseConnection->simpleQuery('INSERT INTO `us...')
#3 C:\xampp\htdocs\Proyecto_olivos_nicolas\system\Database\BaseBuilder.php(1771): CodeIgniter\Database\BaseConnection->query('INSERT INTO `us...', Array, false)
#4 C:\xampp\htdocs\Proyecto_olivos_nicolas\system\Model.php(239): CodeIgniter\Database\BaseBuilder->insert()
#5 C:\xampp\htdocs\Proyecto_olivos_nicolas\system\BaseModel.php(738): CodeIgniter\Model->doInsert(Array)
#6 C:\xampp\htdocs\Proyecto_olivos_nicolas\system\Model.php(625): CodeIgniter\BaseModel->insert(Array, false)
#7 C:\xampp\htdocs\Proyecto_olivos_nicolas\system\BaseModel.php(658): CodeIgniter\Model->insert(Array, false)
#8 C:\xampp\htdocs\Proyecto_olivos_nicolas\app\Controllers\Usuario_controller.php(39): CodeIgniter\BaseModel->save(Array)
#9 C:\xampp\htdocs\Proyecto_olivos_nicolas\system\CodeIgniter.php(832): App\Controllers\usuario_controller->formValidation()
#10 C:\xampp\htdocs\Proyecto_olivos_nicolas\system\CodeIgniter.php(419): CodeIgniter\CodeIgniter->runController(Object(App\Controllers\usuario_controller))
#11 C:\xampp\htdocs\Proyecto_olivos_nicolas\system\CodeIgniter.php(326): CodeIgniter\CodeIgniter->handleRequest(NULL, Object(Config\Cache), false)
#12 C:\xampp\htdocs\Proyecto_olivos_nicolas\index.php(37): CodeIgniter\CodeIgniter->run()
#13 {main}
ERROR - 2023-05-20 15:46:10 --> Cannot add or update a child row: a foreign key constraint fails (`olivos_nicolas`.`usuarios`, CONSTRAINT `usuarios_ibfk_1` FOREIGN KEY (`perfil_id`) REFERENCES `perfiles` (`id`) ON UPDATE CASCADE)
CRITICAL - 2023-05-20 15:46:10 --> Cannot add or update a child row: a foreign key constraint fails (`olivos_nicolas`.`usuarios`, CONSTRAINT `usuarios_ibfk_1` FOREIGN KEY (`perfil_id`) REFERENCES `perfiles` (`id`) ON UPDATE CASCADE)
#0 C:\xampp\htdocs\Proyecto_olivos_nicolas\system\Database\MySQLi\Connection.php(292): mysqli->query('INSERT INTO `us...', 0)
#1 C:\xampp\htdocs\Proyecto_olivos_nicolas\system\Database\BaseConnection.php(670): CodeIgniter\Database\MySQLi\Connection->execute('INSERT INTO `us...')
#2 C:\xampp\htdocs\Proyecto_olivos_nicolas\system\Database\BaseConnection.php(598): CodeIgniter\Database\BaseConnection->simpleQuery('INSERT INTO `us...')
#3 C:\xampp\htdocs\Proyecto_olivos_nicolas\system\Database\BaseBuilder.php(1771): CodeIgniter\Database\BaseConnection->query('INSERT INTO `us...', Array, false)
#4 C:\xampp\htdocs\Proyecto_olivos_nicolas\system\Model.php(239): CodeIgniter\Database\BaseBuilder->insert()
#5 C:\xampp\htdocs\Proyecto_olivos_nicolas\system\BaseModel.php(738): CodeIgniter\Model->doInsert(Array)
#6 C:\xampp\htdocs\Proyecto_olivos_nicolas\system\Model.php(625): CodeIgniter\BaseModel->insert(Array, false)
#7 C:\xampp\htdocs\Proyecto_olivos_nicolas\system\BaseModel.php(658): CodeIgniter\Model->insert(Array, false)
#8 C:\xampp\htdocs\Proyecto_olivos_nicolas\app\Controllers\Usuario_controller.php(39): CodeIgniter\BaseModel->save(Array)
#9 C:\xampp\htdocs\Proyecto_olivos_nicolas\system\CodeIgniter.php(832): App\Controllers\usuario_controller->formValidation()
#10 C:\xampp\htdocs\Proyecto_olivos_nicolas\system\CodeIgniter.php(419): CodeIgniter\CodeIgniter->runController(Object(App\Controllers\usuario_controller))
#11 C:\xampp\htdocs\Proyecto_olivos_nicolas\system\CodeIgniter.php(326): CodeIgniter\CodeIgniter->handleRequest(NULL, Object(Config\Cache), false)
#12 C:\xampp\htdocs\Proyecto_olivos_nicolas\index.php(37): CodeIgniter\CodeIgniter->run()
#13 {main}
ERROR - 2023-05-20 15:47:23 --> Cannot add or update a child row: a foreign key constraint fails (`olivos_nicolas`.`usuarios`, CONSTRAINT `usuarios_ibfk_1` FOREIGN KEY (`perfil_id`) REFERENCES `perfiles` (`id`) ON UPDATE CASCADE)
CRITICAL - 2023-05-20 15:47:23 --> Cannot add or update a child row: a foreign key constraint fails (`olivos_nicolas`.`usuarios`, CONSTRAINT `usuarios_ibfk_1` FOREIGN KEY (`perfil_id`) REFERENCES `perfiles` (`id`) ON UPDATE CASCADE)
#0 C:\xampp\htdocs\Proyecto_olivos_nicolas\system\Database\MySQLi\Connection.php(292): mysqli->query('INSERT INTO `us...', 0)
#1 C:\xampp\htdocs\Proyecto_olivos_nicolas\system\Database\BaseConnection.php(670): CodeIgniter\Database\MySQLi\Connection->execute('INSERT INTO `us...')
#2 C:\xampp\htdocs\Proyecto_olivos_nicolas\system\Database\BaseConnection.php(598): CodeIgniter\Database\BaseConnection->simpleQuery('INSERT INTO `us...')
#3 C:\xampp\htdocs\Proyecto_olivos_nicolas\system\Database\BaseBuilder.php(1771): CodeIgniter\Database\BaseConnection->query('INSERT INTO `us...', Array, false)
#4 C:\xampp\htdocs\Proyecto_olivos_nicolas\system\Model.php(239): CodeIgniter\Database\BaseBuilder->insert()
#5 C:\xampp\htdocs\Proyecto_olivos_nicolas\system\BaseModel.php(738): CodeIgniter\Model->doInsert(Array)
#6 C:\xampp\htdocs\Proyecto_olivos_nicolas\system\Model.php(625): CodeIgniter\BaseModel->insert(Array, false)
#7 C:\xampp\htdocs\Proyecto_olivos_nicolas\system\BaseModel.php(658): CodeIgniter\Model->insert(Array, false)
#8 C:\xampp\htdocs\Proyecto_olivos_nicolas\app\Controllers\Usuario_controller.php(39): CodeIgniter\BaseModel->save(Array)
#9 C:\xampp\htdocs\Proyecto_olivos_nicolas\system\CodeIgniter.php(832): App\Controllers\usuario_controller->formValidation()
#10 C:\xampp\htdocs\Proyecto_olivos_nicolas\system\CodeIgniter.php(419): CodeIgniter\CodeIgniter->runController(Object(App\Controllers\usuario_controller))
#11 C:\xampp\htdocs\Proyecto_olivos_nicolas\system\CodeIgniter.php(326): CodeIgniter\CodeIgniter->handleRequest(NULL, Object(Config\Cache), false)
#12 C:\xampp\htdocs\Proyecto_olivos_nicolas\index.php(37): CodeIgniter\CodeIgniter->run()
#13 {main}
CRITICAL - 2023-05-20 21:43:09 --> syntax error, unexpected token "if", expecting ":"
#0 C:\xampp\htdocs\Proyecto_olivos_nicolas\system\View\View.php(213): CodeIgniter\View\View->CodeIgniter\View\{closure}()
#1 C:\xampp\htdocs\Proyecto_olivos_nicolas\system\Common.php(1089): CodeIgniter\View\View->render('back/login/logi...', Array, true)
#2 C:\xampp\htdocs\Proyecto_olivos_nicolas\app\Controllers\Login_controller.php(15): view('back/login/logi...')
#3 C:\xampp\htdocs\Proyecto_olivos_nicolas\system\CodeIgniter.php(832): App\Controllers\Login_controller->index()
#4 C:\xampp\htdocs\Proyecto_olivos_nicolas\system\CodeIgniter.php(419): CodeIgniter\CodeIgniter->runController(Object(App\Controllers\Login_controller))
#5 C:\xampp\htdocs\Proyecto_olivos_nicolas\system\CodeIgniter.php(326): CodeIgniter\CodeIgniter->handleRequest(NULL, Object(Config\Cache), false)
#6 C:\xampp\htdocs\Proyecto_olivos_nicolas\index.php(37): CodeIgniter\CodeIgniter->run()
#7 {main}
CRITICAL - 2023-05-20 21:43:09 --> syntax error, unexpected token "if", expecting ":"
#0 C:\xampp\htdocs\Proyecto_olivos_nicolas\system\View\View.php(213): CodeIgniter\View\View->CodeIgniter\View\{closure}()
#1 C:\xampp\htdocs\Proyecto_olivos_nicolas\system\Common.php(1089): CodeIgniter\View\View->render('back/login/logi...', Array, true)
#2 C:\xampp\htdocs\Proyecto_olivos_nicolas\app\Controllers\Login_controller.php(15): view('back/login/logi...')
#3 C:\xampp\htdocs\Proyecto_olivos_nicolas\system\CodeIgniter.php(832): App\Controllers\Login_controller->index()
#4 C:\xampp\htdocs\Proyecto_olivos_nicolas\system\CodeIgniter.php(419): CodeIgniter\CodeIgniter->runController(Object(App\Controllers\Login_controller))
#5 C:\xampp\htdocs\Proyecto_olivos_nicolas\system\CodeIgniter.php(326): CodeIgniter\CodeIgniter->handleRequest(NULL, Object(Config\Cache), false)
#6 C:\xampp\htdocs\Proyecto_olivos_nicolas\index.php(37): CodeIgniter\CodeIgniter->run()
#7 {main}
CRITICAL - 2023-05-20 21:43:13 --> syntax error, unexpected token "if", expecting ":"
#0 C:\xampp\htdocs\Proyecto_olivos_nicolas\system\View\View.php(213): CodeIgniter\View\View->CodeIgniter\View\{closure}()
#1 C:\xampp\htdocs\Proyecto_olivos_nicolas\system\Common.php(1089): CodeIgniter\View\View->render('back/login/logi...', Array, true)
#2 C:\xampp\htdocs\Proyecto_olivos_nicolas\app\Controllers\Login_controller.php(15): view('back/login/logi...')
#3 C:\xampp\htdocs\Proyecto_olivos_nicolas\system\CodeIgniter.php(832): App\Controllers\Login_controller->index()
#4 C:\xampp\htdocs\Proyecto_olivos_nicolas\system\CodeIgniter.php(419): CodeIgniter\CodeIgniter->runController(Object(App\Controllers\Login_controller))
#5 C:\xampp\htdocs\Proyecto_olivos_nicolas\system\CodeIgniter.php(326): CodeIgniter\CodeIgniter->handleRequest(NULL, Object(Config\Cache), false)
#6 C:\xampp\htdocs\Proyecto_olivos_nicolas\index.php(37): CodeIgniter\CodeIgniter->run()
#7 {main}
