CRITICAL - 2022-04-01 01:37:29 --> The framework needs the following extension(s) installed and loaded: intl.
#0 C:\xampp\htdocs\P2022\system\CodeIgniter.php(219): CodeIgniter\Exceptions\FrameworkException::forMissingExtension('intl')
#1 C:\xampp\htdocs\P2022\system\CodeIgniter.php(177): CodeIgniter\CodeIgniter->resolvePlatformExtensions()
#2 C:\xampp\htdocs\P2022\system\bootstrap.php(146): CodeIgniter\CodeIgniter->initialize()
#3 C:\xampp\htdocs\P2022\public\index.php(28): require('C:\\xampp\\htdocs...')
#4 {main}
CRITICAL - 2022-04-01 18:25:04 --> Invalid file: plantilla.php
#0 C:\xampp\htdocs\P2022\system\View\View.php(198): CodeIgniter\Exceptions\FrameworkException::forInvalidFile('plantilla.php')
#1 C:\xampp\htdocs\P2022\system\Common.php(1089): CodeIgniter\View\View->render('plantilla', Array, true)
#2 C:\xampp\htdocs\P2022\app\Controllers\Home.php(10): view('plantilla')
#3 C:\xampp\htdocs\P2022\system\CodeIgniter.php(832): App\Controllers\Home->index()
#4 C:\xampp\htdocs\P2022\system\CodeIgniter.php(419): CodeIgniter\CodeIgniter->runController(Object(App\Controllers\Home))
#5 C:\xampp\htdocs\P2022\system\CodeIgniter.php(326): CodeIgniter\CodeIgniter->handleRequest(NULL, Object(Config\Cache), false)
#6 C:\xampp\htdocs\P2022\public\index.php(37): CodeIgniter\CodeIgniter->run()
#7 {main}
CRITICAL - 2022-04-01 18:25:11 --> Invalid file: plantilla.php
#0 C:\xampp\htdocs\P2022\system\View\View.php(198): CodeIgniter\Exceptions\FrameworkException::forInvalidFile('plantilla.php')
#1 C:\xampp\htdocs\P2022\system\Common.php(1089): CodeIgniter\View\View->render('plantilla', Array, true)
#2 C:\xampp\htdocs\P2022\app\Controllers\Home.php(10): view('plantilla')
#3 C:\xampp\htdocs\P2022\system\CodeIgniter.php(832): App\Controllers\Home->index()
#4 C:\xampp\htdocs\P2022\system\CodeIgniter.php(419): CodeIgniter\CodeIgniter->runController(Object(App\Controllers\Home))
#5 C:\xampp\htdocs\P2022\system\CodeIgniter.php(326): CodeIgniter\CodeIgniter->handleRequest(NULL, Object(Config\Cache), false)
#6 C:\xampp\htdocs\P2022\public\index.php(37): CodeIgniter\CodeIgniter->run()
#7 {main}
CRITICAL - 2022-04-01 18:26:31 --> Invalid file: plantilla.php
#0 C:\xampp\htdocs\P2022\system\View\View.php(198): CodeIgniter\Exceptions\FrameworkException::forInvalidFile('plantilla.php')
#1 C:\xampp\htdocs\P2022\system\Common.php(1089): CodeIgniter\View\View->render('plantilla', Array, true)
#2 C:\xampp\htdocs\P2022\app\Controllers\Home.php(10): view('plantilla')
#3 C:\xampp\htdocs\P2022\system\CodeIgniter.php(832): App\Controllers\Home->index()
#4 C:\xampp\htdocs\P2022\system\CodeIgniter.php(419): CodeIgniter\CodeIgniter->runController(Object(App\Controllers\Home))
#5 C:\xampp\htdocs\P2022\system\CodeIgniter.php(326): CodeIgniter\CodeIgniter->handleRequest(NULL, Object(Config\Cache), false)
#6 C:\xampp\htdocs\P2022\public\index.php(37): CodeIgniter\CodeIgniter->run()
#7 {main}
CRITICAL - 2022-04-01 18:26:33 --> Invalid file: plantilla.php
#0 C:\xampp\htdocs\P2022\system\View\View.php(198): CodeIgniter\Exceptions\FrameworkException::forInvalidFile('plantilla.php')
#1 C:\xampp\htdocs\P2022\system\Common.php(1089): CodeIgniter\View\View->render('plantilla', Array, true)
#2 C:\xampp\htdocs\P2022\app\Controllers\Home.php(10): view('plantilla')
#3 C:\xampp\htdocs\P2022\system\CodeIgniter.php(832): App\Controllers\Home->index()
#4 C:\xampp\htdocs\P2022\system\CodeIgniter.php(419): CodeIgniter\CodeIgniter->runController(Object(App\Controllers\Home))
#5 C:\xampp\htdocs\P2022\system\CodeIgniter.php(326): CodeIgniter\CodeIgniter->handleRequest(NULL, Object(Config\Cache), false)
#6 C:\xampp\htdocs\P2022\public\index.php(37): CodeIgniter\CodeIgniter->run()
#7 {main}
