CRITICAL - 2023-06-02 00:00:51 --> password_hash(): Passing null to parameter #1 ($password) of type string is deprecated
#0 [internal function]: CodeIgniter\Debug\Exceptions->errorHandler(8192, 'password_hash()...', 'C:\\xampp\\htdocs...', 63)
#1 C:\xampp\htdocs\Proyecto_olivos_nicolas\app\Controllers\usuario_crud_controller.php(63): password_hash(Object(SensitiveParameterValue), '2y')
#2 C:\xampp\htdocs\Proyecto_olivos_nicolas\system\CodeIgniter.php(832): App\Controllers\usuario_crud_controller->update()
#3 C:\xampp\htdocs\Proyecto_olivos_nicolas\system\CodeIgniter.php(419): CodeIgniter\CodeIgniter->runController(Object(App\Controllers\usuario_crud_controller))
#4 C:\xampp\htdocs\Proyecto_olivos_nicolas\system\CodeIgniter.php(326): CodeIgniter\CodeIgniter->handleRequest(NULL, Object(Config\Cache), false)
#5 C:\xampp\htdocs\Proyecto_olivos_nicolas\index.php(37): CodeIgniter\CodeIgniter->run()
#6 {main}
ERROR - 2023-06-02 01:22:43 --> Unknown column 'id' in 'where clause'
CRITICAL - 2023-06-02 01:22:43 --> Unknown column 'id' in 'where clause'
#0 C:\xampp\htdocs\Proyecto_olivos_nicolas\system\Database\MySQLi\Connection.php(292): mysqli->query('SELECT *\nFROM `...', 0)
#1 C:\xampp\htdocs\Proyecto_olivos_nicolas\system\Database\BaseConnection.php(670): CodeIgniter\Database\MySQLi\Connection->execute('SELECT *\nFROM `...')
#2 C:\xampp\htdocs\Proyecto_olivos_nicolas\system\Database\BaseConnection.php(598): CodeIgniter\Database\BaseConnection->simpleQuery('SELECT *\nFROM `...')
#3 C:\xampp\htdocs\Proyecto_olivos_nicolas\system\Database\BaseBuilder.php(1455): CodeIgniter\Database\BaseConnection->query('SELECT *\nFROM `...', Array, false)
#4 C:\xampp\htdocs\Proyecto_olivos_nicolas\system\Model.php(210): CodeIgniter\Database\BaseBuilder->get()
#5 C:\xampp\htdocs\Proyecto_olivos_nicolas\system\BaseModel.php(622): CodeIgniter\Model->doFirst()
#6 C:\xampp\htdocs\Proyecto_olivos_nicolas\app\Controllers\usuario_crud_controller.php(90): CodeIgniter\BaseModel->first()
#7 C:\xampp\htdocs\Proyecto_olivos_nicolas\system\CodeIgniter.php(832): App\Controllers\usuario_crud_controller->singleUser('27')
#8 C:\xampp\htdocs\Proyecto_olivos_nicolas\system\CodeIgniter.php(419): CodeIgniter\CodeIgniter->runController(Object(App\Controllers\usuario_crud_controller))
#9 C:\xampp\htdocs\Proyecto_olivos_nicolas\system\CodeIgniter.php(326): CodeIgniter\CodeIgniter->handleRequest(NULL, Object(Config\Cache), false)
#10 C:\xampp\htdocs\Proyecto_olivos_nicolas\index.php(37): CodeIgniter\CodeIgniter->run()
#11 {main}
ERROR - 2023-06-02 01:22:51 --> Unknown column 'id' in 'where clause'
CRITICAL - 2023-06-02 01:22:51 --> Unknown column 'id' in 'where clause'
#0 C:\xampp\htdocs\Proyecto_olivos_nicolas\system\Database\MySQLi\Connection.php(292): mysqli->query('SELECT *\nFROM `...', 0)
#1 C:\xampp\htdocs\Proyecto_olivos_nicolas\system\Database\BaseConnection.php(670): CodeIgniter\Database\MySQLi\Connection->execute('SELECT *\nFROM `...')
#2 C:\xampp\htdocs\Proyecto_olivos_nicolas\system\Database\BaseConnection.php(598): CodeIgniter\Database\BaseConnection->simpleQuery('SELECT *\nFROM `...')
#3 C:\xampp\htdocs\Proyecto_olivos_nicolas\system\Database\BaseBuilder.php(1455): CodeIgniter\Database\BaseConnection->query('SELECT *\nFROM `...', Array, false)
#4 C:\xampp\htdocs\Proyecto_olivos_nicolas\system\Model.php(210): CodeIgniter\Database\BaseBuilder->get()
#5 C:\xampp\htdocs\Proyecto_olivos_nicolas\system\BaseModel.php(622): CodeIgniter\Model->doFirst()
#6 C:\xampp\htdocs\Proyecto_olivos_nicolas\app\Controllers\usuario_crud_controller.php(90): CodeIgniter\BaseModel->first()
#7 C:\xampp\htdocs\Proyecto_olivos_nicolas\system\CodeIgniter.php(832): App\Controllers\usuario_crud_controller->singleUser('27')
#8 C:\xampp\htdocs\Proyecto_olivos_nicolas\system\CodeIgniter.php(419): CodeIgniter\CodeIgniter->runController(Object(App\Controllers\usuario_crud_controller))
#9 C:\xampp\htdocs\Proyecto_olivos_nicolas\system\CodeIgniter.php(326): CodeIgniter\CodeIgniter->handleRequest(NULL, Object(Config\Cache), false)
#10 C:\xampp\htdocs\Proyecto_olivos_nicolas\index.php(37): CodeIgniter\CodeIgniter->run()
#11 {main}
ERROR - 2023-06-02 01:25:42 --> Cannot add or update a child row: a foreign key constraint fails (`olivos_nicolas`.`usuarios`, CONSTRAINT `usuarios_ibfk_1` FOREIGN KEY (`perfil_id`) REFERENCES `perfiles` (`id_perfil`) ON UPDATE CASCADE)
CRITICAL - 2023-06-02 01:25:42 --> Cannot add or update a child row: a foreign key constraint fails (`olivos_nicolas`.`usuarios`, CONSTRAINT `usuarios_ibfk_1` FOREIGN KEY (`perfil_id`) REFERENCES `perfiles` (`id_perfil`) ON UPDATE CASCADE)
#0 C:\xampp\htdocs\Proyecto_olivos_nicolas\system\Database\MySQLi\Connection.php(292): mysqli->query('INSERT INTO `us...', 0)
#1 C:\xampp\htdocs\Proyecto_olivos_nicolas\system\Database\BaseConnection.php(670): CodeIgniter\Database\MySQLi\Connection->execute('INSERT INTO `us...')
#2 C:\xampp\htdocs\Proyecto_olivos_nicolas\system\Database\BaseConnection.php(598): CodeIgniter\Database\BaseConnection->simpleQuery('INSERT INTO `us...')
#3 C:\xampp\htdocs\Proyecto_olivos_nicolas\system\Database\BaseBuilder.php(1771): CodeIgniter\Database\BaseConnection->query('INSERT INTO `us...', Array, false)
#4 C:\xampp\htdocs\Proyecto_olivos_nicolas\system\Model.php(239): CodeIgniter\Database\BaseBuilder->insert()
#5 C:\xampp\htdocs\Proyecto_olivos_nicolas\system\BaseModel.php(738): CodeIgniter\Model->doInsert(Array)
#6 C:\xampp\htdocs\Proyecto_olivos_nicolas\system\Model.php(625): CodeIgniter\BaseModel->insert(Array, true)
#7 C:\xampp\htdocs\Proyecto_olivos_nicolas\app\Controllers\usuario_crud_controller.php(50): CodeIgniter\Model->insert(Array)
#8 C:\xampp\htdocs\Proyecto_olivos_nicolas\system\CodeIgniter.php(832): App\Controllers\usuario_crud_controller->store()
#9 C:\xampp\htdocs\Proyecto_olivos_nicolas\system\CodeIgniter.php(419): CodeIgniter\CodeIgniter->runController(Object(App\Controllers\usuario_crud_controller))
#10 C:\xampp\htdocs\Proyecto_olivos_nicolas\system\CodeIgniter.php(326): CodeIgniter\CodeIgniter->handleRequest(NULL, Object(Config\Cache), false)
#11 C:\xampp\htdocs\Proyecto_olivos_nicolas\index.php(37): CodeIgniter\CodeIgniter->run()
#12 {main}
CRITICAL - 2023-06-02 13:29:01 --> syntax error, unexpected token "public", expecting end of file
#0 C:\xampp\htdocs\Proyecto_olivos_nicolas\system\Autoloader\Autoloader.php(241): CodeIgniter\Autoloader\Autoloader->includeFile('C:\\xampp\\htdocs...')
#1 C:\xampp\htdocs\Proyecto_olivos_nicolas\system\Autoloader\Autoloader.php(219): CodeIgniter\Autoloader\Autoloader->loadInNamespace('App\\Controllers...')
#2 [internal function]: CodeIgniter\Autoloader\Autoloader->loadClass('App\\Controllers...')
#3 C:\xampp\htdocs\Proyecto_olivos_nicolas\system\CodeIgniter.php(797): class_exists('\\App\\Controller...', true)
#4 C:\xampp\htdocs\Proyecto_olivos_nicolas\system\CodeIgniter.php(406): CodeIgniter\CodeIgniter->startController()
#5 C:\xampp\htdocs\Proyecto_olivos_nicolas\system\CodeIgniter.php(326): CodeIgniter\CodeIgniter->handleRequest(NULL, Object(Config\Cache), false)
#6 C:\xampp\htdocs\Proyecto_olivos_nicolas\index.php(37): CodeIgniter\CodeIgniter->run()
#7 {main}
CRITICAL - 2023-06-02 13:29:14 --> Cannot redeclare App\Controllers\usuario_crud_controller::deletelogico()
#0 [internal function]: CodeIgniter\Debug\Exceptions->shutdownHandler()
#1 {main}
CRITICAL - 2023-06-02 13:29:25 --> Cannot redeclare App\Controllers\usuario_crud_controller::deletelogico()
#0 [internal function]: CodeIgniter\Debug\Exceptions->shutdownHandler()
#1 {main}
CRITICAL - 2023-06-02 13:37:02 --> Undefined variable $losusuarios
#0 C:\xampp\htdocs\Proyecto_olivos_nicolas\app\Views\back\usuario\crud_usuarios.php(50): CodeIgniter\Debug\Exceptions->errorHandler(2, 'Undefined varia...', 'C:\\xampp\\htdocs...', 50)
#1 C:\xampp\htdocs\Proyecto_olivos_nicolas\system\View\View.php(210): include('C:\\xampp\\htdocs...')
#2 C:\xampp\htdocs\Proyecto_olivos_nicolas\system\View\View.php(213): CodeIgniter\View\View->CodeIgniter\View\{closure}()
#3 C:\xampp\htdocs\Proyecto_olivos_nicolas\system\Common.php(1089): CodeIgniter\View\View->render('back/usuario/cr...', Array, true)
#4 C:\xampp\htdocs\Proyecto_olivos_nicolas\app\Controllers\usuario_crud_controller.php(14): view('back/usuario/cr...', Array)
#5 C:\xampp\htdocs\Proyecto_olivos_nicolas\system\CodeIgniter.php(832): App\Controllers\usuario_crud_controller->index()
#6 C:\xampp\htdocs\Proyecto_olivos_nicolas\system\CodeIgniter.php(419): CodeIgniter\CodeIgniter->runController(Object(App\Controllers\usuario_crud_controller))
#7 C:\xampp\htdocs\Proyecto_olivos_nicolas\system\CodeIgniter.php(326): CodeIgniter\CodeIgniter->handleRequest(NULL, Object(Config\Cache), false)
#8 C:\xampp\htdocs\Proyecto_olivos_nicolas\index.php(37): CodeIgniter\CodeIgniter->run()
#9 {main}
CRITICAL - 2023-06-02 13:37:12 --> Undefined variable $losusuarios
#0 C:\xampp\htdocs\Proyecto_olivos_nicolas\app\Views\back\usuario\crud_usuarios.php(50): CodeIgniter\Debug\Exceptions->errorHandler(2, 'Undefined varia...', 'C:\\xampp\\htdocs...', 50)
#1 C:\xampp\htdocs\Proyecto_olivos_nicolas\system\View\View.php(210): include('C:\\xampp\\htdocs...')
#2 C:\xampp\htdocs\Proyecto_olivos_nicolas\system\View\View.php(213): CodeIgniter\View\View->CodeIgniter\View\{closure}()
#3 C:\xampp\htdocs\Proyecto_olivos_nicolas\system\Common.php(1089): CodeIgniter\View\View->render('back/usuario/cr...', Array, true)
#4 C:\xampp\htdocs\Proyecto_olivos_nicolas\app\Controllers\usuario_crud_controller.php(14): view('back/usuario/cr...', Array)
#5 C:\xampp\htdocs\Proyecto_olivos_nicolas\system\CodeIgniter.php(832): App\Controllers\usuario_crud_controller->index()
#6 C:\xampp\htdocs\Proyecto_olivos_nicolas\system\CodeIgniter.php(419): CodeIgniter\CodeIgniter->runController(Object(App\Controllers\usuario_crud_controller))
#7 C:\xampp\htdocs\Proyecto_olivos_nicolas\system\CodeIgniter.php(326): CodeIgniter\CodeIgniter->handleRequest(NULL, Object(Config\Cache), false)
#8 C:\xampp\htdocs\Proyecto_olivos_nicolas\index.php(37): CodeIgniter\CodeIgniter->run()
#9 {main}
CRITICAL - 2023-06-02 13:37:13 --> Undefined variable $losusuarios
#0 C:\xampp\htdocs\Proyecto_olivos_nicolas\app\Views\back\usuario\crud_usuarios.php(50): CodeIgniter\Debug\Exceptions->errorHandler(2, 'Undefined varia...', 'C:\\xampp\\htdocs...', 50)
#1 C:\xampp\htdocs\Proyecto_olivos_nicolas\system\View\View.php(210): include('C:\\xampp\\htdocs...')
#2 C:\xampp\htdocs\Proyecto_olivos_nicolas\system\View\View.php(213): CodeIgniter\View\View->CodeIgniter\View\{closure}()
#3 C:\xampp\htdocs\Proyecto_olivos_nicolas\system\Common.php(1089): CodeIgniter\View\View->render('back/usuario/cr...', Array, true)
#4 C:\xampp\htdocs\Proyecto_olivos_nicolas\app\Controllers\usuario_crud_controller.php(14): view('back/usuario/cr...', Array)
#5 C:\xampp\htdocs\Proyecto_olivos_nicolas\system\CodeIgniter.php(832): App\Controllers\usuario_crud_controller->index()
#6 C:\xampp\htdocs\Proyecto_olivos_nicolas\system\CodeIgniter.php(419): CodeIgniter\CodeIgniter->runController(Object(App\Controllers\usuario_crud_controller))
#7 C:\xampp\htdocs\Proyecto_olivos_nicolas\system\CodeIgniter.php(326): CodeIgniter\CodeIgniter->handleRequest(NULL, Object(Config\Cache), false)
#8 C:\xampp\htdocs\Proyecto_olivos_nicolas\index.php(37): CodeIgniter\CodeIgniter->run()
#9 {main}
CRITICAL - 2023-06-02 13:37:15 --> Undefined variable $losusuarios
#0 C:\xampp\htdocs\Proyecto_olivos_nicolas\app\Views\back\usuario\crud_usuarios.php(50): CodeIgniter\Debug\Exceptions->errorHandler(2, 'Undefined varia...', 'C:\\xampp\\htdocs...', 50)
#1 C:\xampp\htdocs\Proyecto_olivos_nicolas\system\View\View.php(210): include('C:\\xampp\\htdocs...')
#2 C:\xampp\htdocs\Proyecto_olivos_nicolas\system\View\View.php(213): CodeIgniter\View\View->CodeIgniter\View\{closure}()
#3 C:\xampp\htdocs\Proyecto_olivos_nicolas\system\Common.php(1089): CodeIgniter\View\View->render('back/usuario/cr...', Array, true)
#4 C:\xampp\htdocs\Proyecto_olivos_nicolas\app\Controllers\usuario_crud_controller.php(14): view('back/usuario/cr...', Array)
#5 C:\xampp\htdocs\Proyecto_olivos_nicolas\system\CodeIgniter.php(832): App\Controllers\usuario_crud_controller->index()
#6 C:\xampp\htdocs\Proyecto_olivos_nicolas\system\CodeIgniter.php(419): CodeIgniter\CodeIgniter->runController(Object(App\Controllers\usuario_crud_controller))
#7 C:\xampp\htdocs\Proyecto_olivos_nicolas\system\CodeIgniter.php(326): CodeIgniter\CodeIgniter->handleRequest(NULL, Object(Config\Cache), false)
#8 C:\xampp\htdocs\Proyecto_olivos_nicolas\index.php(37): CodeIgniter\CodeIgniter->run()
#9 {main}
CRITICAL - 2023-06-02 13:37:17 --> Undefined variable $losusuarios
#0 C:\xampp\htdocs\Proyecto_olivos_nicolas\app\Views\back\usuario\crud_usuarios.php(50): CodeIgniter\Debug\Exceptions->errorHandler(2, 'Undefined varia...', 'C:\\xampp\\htdocs...', 50)
#1 C:\xampp\htdocs\Proyecto_olivos_nicolas\system\View\View.php(210): include('C:\\xampp\\htdocs...')
#2 C:\xampp\htdocs\Proyecto_olivos_nicolas\system\View\View.php(213): CodeIgniter\View\View->CodeIgniter\View\{closure}()
#3 C:\xampp\htdocs\Proyecto_olivos_nicolas\system\Common.php(1089): CodeIgniter\View\View->render('back/usuario/cr...', Array, true)
#4 C:\xampp\htdocs\Proyecto_olivos_nicolas\app\Controllers\usuario_crud_controller.php(14): view('back/usuario/cr...', Array)
#5 C:\xampp\htdocs\Proyecto_olivos_nicolas\system\CodeIgniter.php(832): App\Controllers\usuario_crud_controller->index()
#6 C:\xampp\htdocs\Proyecto_olivos_nicolas\system\CodeIgniter.php(419): CodeIgniter\CodeIgniter->runController(Object(App\Controllers\usuario_crud_controller))
#7 C:\xampp\htdocs\Proyecto_olivos_nicolas\system\CodeIgniter.php(326): CodeIgniter\CodeIgniter->handleRequest(NULL, Object(Config\Cache), false)
#8 C:\xampp\htdocs\Proyecto_olivos_nicolas\index.php(37): CodeIgniter\CodeIgniter->run()
#9 {main}
CRITICAL - 2023-06-02 13:38:55 --> Undefined variable $losusuarios
#0 C:\xampp\htdocs\Proyecto_olivos_nicolas\app\Views\back\usuario\crud_usuarios.php(50): CodeIgniter\Debug\Exceptions->errorHandler(2, 'Undefined varia...', 'C:\\xampp\\htdocs...', 50)
#1 C:\xampp\htdocs\Proyecto_olivos_nicolas\system\View\View.php(210): include('C:\\xampp\\htdocs...')
#2 C:\xampp\htdocs\Proyecto_olivos_nicolas\system\View\View.php(213): CodeIgniter\View\View->CodeIgniter\View\{closure}()
#3 C:\xampp\htdocs\Proyecto_olivos_nicolas\system\Common.php(1089): CodeIgniter\View\View->render('back/usuario/cr...', Array, true)
#4 C:\xampp\htdocs\Proyecto_olivos_nicolas\app\Controllers\usuario_crud_controller.php(14): view('back/usuario/cr...', Array)
#5 C:\xampp\htdocs\Proyecto_olivos_nicolas\system\CodeIgniter.php(832): App\Controllers\usuario_crud_controller->index()
#6 C:\xampp\htdocs\Proyecto_olivos_nicolas\system\CodeIgniter.php(419): CodeIgniter\CodeIgniter->runController(Object(App\Controllers\usuario_crud_controller))
#7 C:\xampp\htdocs\Proyecto_olivos_nicolas\system\CodeIgniter.php(326): CodeIgniter\CodeIgniter->handleRequest(NULL, Object(Config\Cache), false)
#8 C:\xampp\htdocs\Proyecto_olivos_nicolas\index.php(37): CodeIgniter\CodeIgniter->run()
#9 {main}
CRITICAL - 2023-06-02 13:38:59 --> Undefined variable $losusuarios
#0 C:\xampp\htdocs\Proyecto_olivos_nicolas\app\Views\back\usuario\crud_usuarios.php(50): CodeIgniter\Debug\Exceptions->errorHandler(2, 'Undefined varia...', 'C:\\xampp\\htdocs...', 50)
#1 C:\xampp\htdocs\Proyecto_olivos_nicolas\system\View\View.php(210): include('C:\\xampp\\htdocs...')
#2 C:\xampp\htdocs\Proyecto_olivos_nicolas\system\View\View.php(213): CodeIgniter\View\View->CodeIgniter\View\{closure}()
#3 C:\xampp\htdocs\Proyecto_olivos_nicolas\system\Common.php(1089): CodeIgniter\View\View->render('back/usuario/cr...', Array, true)
#4 C:\xampp\htdocs\Proyecto_olivos_nicolas\app\Controllers\usuario_crud_controller.php(14): view('back/usuario/cr...', Array)
#5 C:\xampp\htdocs\Proyecto_olivos_nicolas\system\CodeIgniter.php(832): App\Controllers\usuario_crud_controller->index()
#6 C:\xampp\htdocs\Proyecto_olivos_nicolas\system\CodeIgniter.php(419): CodeIgniter\CodeIgniter->runController(Object(App\Controllers\usuario_crud_controller))
#7 C:\xampp\htdocs\Proyecto_olivos_nicolas\system\CodeIgniter.php(326): CodeIgniter\CodeIgniter->handleRequest(NULL, Object(Config\Cache), false)
#8 C:\xampp\htdocs\Proyecto_olivos_nicolas\index.php(37): CodeIgniter\CodeIgniter->run()
#9 {main}
CRITICAL - 2023-06-02 13:39:24 --> Undefined array key "eliminado"
#0 C:\xampp\htdocs\Proyecto_olivos_nicolas\app\Views\back\usuario\crud_usuarios.php(50): CodeIgniter\Debug\Exceptions->errorHandler(2, 'Undefined array...', 'C:\\xampp\\htdocs...', 50)
#1 C:\xampp\htdocs\Proyecto_olivos_nicolas\system\View\View.php(210): include('C:\\xampp\\htdocs...')
#2 C:\xampp\htdocs\Proyecto_olivos_nicolas\system\View\View.php(213): CodeIgniter\View\View->CodeIgniter\View\{closure}()
#3 C:\xampp\htdocs\Proyecto_olivos_nicolas\system\Common.php(1089): CodeIgniter\View\View->render('back/usuario/cr...', Array, true)
#4 C:\xampp\htdocs\Proyecto_olivos_nicolas\app\Controllers\usuario_crud_controller.php(14): view('back/usuario/cr...', Array)
#5 C:\xampp\htdocs\Proyecto_olivos_nicolas\system\CodeIgniter.php(832): App\Controllers\usuario_crud_controller->index()
#6 C:\xampp\htdocs\Proyecto_olivos_nicolas\system\CodeIgniter.php(419): CodeIgniter\CodeIgniter->runController(Object(App\Controllers\usuario_crud_controller))
#7 C:\xampp\htdocs\Proyecto_olivos_nicolas\system\CodeIgniter.php(326): CodeIgniter\CodeIgniter->handleRequest(NULL, Object(Config\Cache), false)
#8 C:\xampp\htdocs\Proyecto_olivos_nicolas\index.php(37): CodeIgniter\CodeIgniter->run()
#9 {main}
CRITICAL - 2023-06-02 13:39:26 --> Undefined array key "eliminado"
#0 C:\xampp\htdocs\Proyecto_olivos_nicolas\app\Views\back\usuario\crud_usuarios.php(50): CodeIgniter\Debug\Exceptions->errorHandler(2, 'Undefined array...', 'C:\\xampp\\htdocs...', 50)
#1 C:\xampp\htdocs\Proyecto_olivos_nicolas\system\View\View.php(210): include('C:\\xampp\\htdocs...')
#2 C:\xampp\htdocs\Proyecto_olivos_nicolas\system\View\View.php(213): CodeIgniter\View\View->CodeIgniter\View\{closure}()
#3 C:\xampp\htdocs\Proyecto_olivos_nicolas\system\Common.php(1089): CodeIgniter\View\View->render('back/usuario/cr...', Array, true)
#4 C:\xampp\htdocs\Proyecto_olivos_nicolas\app\Controllers\usuario_crud_controller.php(14): view('back/usuario/cr...', Array)
#5 C:\xampp\htdocs\Proyecto_olivos_nicolas\system\CodeIgniter.php(832): App\Controllers\usuario_crud_controller->index()
#6 C:\xampp\htdocs\Proyecto_olivos_nicolas\system\CodeIgniter.php(419): CodeIgniter\CodeIgniter->runController(Object(App\Controllers\usuario_crud_controller))
#7 C:\xampp\htdocs\Proyecto_olivos_nicolas\system\CodeIgniter.php(326): CodeIgniter\CodeIgniter->handleRequest(NULL, Object(Config\Cache), false)
#8 C:\xampp\htdocs\Proyecto_olivos_nicolas\index.php(37): CodeIgniter\CodeIgniter->run()
#9 {main}
CRITICAL - 2023-06-02 13:39:58 --> syntax error, unexpected token "."
#0 C:\xampp\htdocs\Proyecto_olivos_nicolas\system\View\View.php(213): CodeIgniter\View\View->CodeIgniter\View\{closure}()
#1 C:\xampp\htdocs\Proyecto_olivos_nicolas\system\Common.php(1089): CodeIgniter\View\View->render('back/usuario/cr...', Array, true)
#2 C:\xampp\htdocs\Proyecto_olivos_nicolas\app\Controllers\usuario_crud_controller.php(14): view('back/usuario/cr...', Array)
#3 C:\xampp\htdocs\Proyecto_olivos_nicolas\system\CodeIgniter.php(832): App\Controllers\usuario_crud_controller->index()
#4 C:\xampp\htdocs\Proyecto_olivos_nicolas\system\CodeIgniter.php(419): CodeIgniter\CodeIgniter->runController(Object(App\Controllers\usuario_crud_controller))
#5 C:\xampp\htdocs\Proyecto_olivos_nicolas\system\CodeIgniter.php(326): CodeIgniter\CodeIgniter->handleRequest(NULL, Object(Config\Cache), false)
#6 C:\xampp\htdocs\Proyecto_olivos_nicolas\index.php(37): CodeIgniter\CodeIgniter->run()
#7 {main}
ERROR - 2023-06-02 15:00:33 --> Cannot add or update a child row: a foreign key constraint fails (`olivos_nicolas`.`usuarios`, CONSTRAINT `usuarios_ibfk_1` FOREIGN KEY (`perfil_id`) REFERENCES `perfiles` (`id_perfil`) ON UPDATE CASCADE)
CRITICAL - 2023-06-02 15:00:33 --> Cannot add or update a child row: a foreign key constraint fails (`olivos_nicolas`.`usuarios`, CONSTRAINT `usuarios_ibfk_1` FOREIGN KEY (`perfil_id`) REFERENCES `perfiles` (`id_perfil`) ON UPDATE CASCADE)
#0 C:\xampp\htdocs\Proyecto_olivos_nicolas\system\Database\MySQLi\Connection.php(292): mysqli->query('INSERT INTO `us...', 0)
#1 C:\xampp\htdocs\Proyecto_olivos_nicolas\system\Database\BaseConnection.php(670): CodeIgniter\Database\MySQLi\Connection->execute('INSERT INTO `us...')
#2 C:\xampp\htdocs\Proyecto_olivos_nicolas\system\Database\BaseConnection.php(598): CodeIgniter\Database\BaseConnection->simpleQuery('INSERT INTO `us...')
#3 C:\xampp\htdocs\Proyecto_olivos_nicolas\system\Database\BaseBuilder.php(1771): CodeIgniter\Database\BaseConnection->query('INSERT INTO `us...', Array, false)
#4 C:\xampp\htdocs\Proyecto_olivos_nicolas\system\Model.php(239): CodeIgniter\Database\BaseBuilder->insert()
#5 C:\xampp\htdocs\Proyecto_olivos_nicolas\system\BaseModel.php(738): CodeIgniter\Model->doInsert(Array)
#6 C:\xampp\htdocs\Proyecto_olivos_nicolas\system\Model.php(625): CodeIgniter\BaseModel->insert(Array, true)
#7 C:\xampp\htdocs\Proyecto_olivos_nicolas\app\Controllers\usuario_crud_controller.php(50): CodeIgniter\Model->insert(Array)
#8 C:\xampp\htdocs\Proyecto_olivos_nicolas\system\CodeIgniter.php(832): App\Controllers\usuario_crud_controller->store()
#9 C:\xampp\htdocs\Proyecto_olivos_nicolas\system\CodeIgniter.php(419): CodeIgniter\CodeIgniter->runController(Object(App\Controllers\usuario_crud_controller))
#10 C:\xampp\htdocs\Proyecto_olivos_nicolas\system\CodeIgniter.php(326): CodeIgniter\CodeIgniter->handleRequest(NULL, Object(Config\Cache), false)
#11 C:\xampp\htdocs\Proyecto_olivos_nicolas\index.php(37): CodeIgniter\CodeIgniter->run()
#12 {main}
CRITICAL - 2023-06-02 15:22:07 --> Undefined variable $lib
#0 C:\xampp\htdocs\Proyecto_olivos_nicolas\app\Views\back\productos\Mostrar_producto.php(44): CodeIgniter\Debug\Exceptions->errorHandler(2, 'Undefined varia...', 'C:\\xampp\\htdocs...', 44)
#1 C:\xampp\htdocs\Proyecto_olivos_nicolas\system\View\View.php(210): include('C:\\xampp\\htdocs...')
#2 C:\xampp\htdocs\Proyecto_olivos_nicolas\system\View\View.php(213): CodeIgniter\View\View->CodeIgniter\View\{closure}()
#3 C:\xampp\htdocs\Proyecto_olivos_nicolas\system\Common.php(1089): CodeIgniter\View\View->render('back/productos/...', Array, true)
#4 C:\xampp\htdocs\Proyecto_olivos_nicolas\app\Controllers\producto_crud_controller.php(14): view('back/productos/...', Array)
#5 C:\xampp\htdocs\Proyecto_olivos_nicolas\system\CodeIgniter.php(832): App\Controllers\Producto_crud_controller->index()
#6 C:\xampp\htdocs\Proyecto_olivos_nicolas\system\CodeIgniter.php(419): CodeIgniter\CodeIgniter->runController(Object(App\Controllers\Producto_crud_controller))
#7 C:\xampp\htdocs\Proyecto_olivos_nicolas\system\CodeIgniter.php(326): CodeIgniter\CodeIgniter->handleRequest(NULL, Object(Config\Cache), false)
#8 C:\xampp\htdocs\Proyecto_olivos_nicolas\index.php(37): CodeIgniter\CodeIgniter->run()
#9 {main}
CRITICAL - 2023-06-02 15:22:44 --> Undefined array key "baja"
#0 C:\xampp\htdocs\Proyecto_olivos_nicolas\app\Views\back\productos\Mostrar_producto.php(44): CodeIgniter\Debug\Exceptions->errorHandler(2, 'Undefined array...', 'C:\\xampp\\htdocs...', 44)
#1 C:\xampp\htdocs\Proyecto_olivos_nicolas\system\View\View.php(210): include('C:\\xampp\\htdocs...')
#2 C:\xampp\htdocs\Proyecto_olivos_nicolas\system\View\View.php(213): CodeIgniter\View\View->CodeIgniter\View\{closure}()
#3 C:\xampp\htdocs\Proyecto_olivos_nicolas\system\Common.php(1089): CodeIgniter\View\View->render('back/productos/...', Array, true)
#4 C:\xampp\htdocs\Proyecto_olivos_nicolas\app\Controllers\producto_crud_controller.php(14): view('back/productos/...', Array)
#5 C:\xampp\htdocs\Proyecto_olivos_nicolas\system\CodeIgniter.php(832): App\Controllers\Producto_crud_controller->index()
#6 C:\xampp\htdocs\Proyecto_olivos_nicolas\system\CodeIgniter.php(419): CodeIgniter\CodeIgniter->runController(Object(App\Controllers\Producto_crud_controller))
#7 C:\xampp\htdocs\Proyecto_olivos_nicolas\system\CodeIgniter.php(326): CodeIgniter\CodeIgniter->handleRequest(NULL, Object(Config\Cache), false)
#8 C:\xampp\htdocs\Proyecto_olivos_nicolas\index.php(37): CodeIgniter\CodeIgniter->run()
#9 {main}
CRITICAL - 2023-06-02 15:22:46 --> Undefined array key "baja"
#0 C:\xampp\htdocs\Proyecto_olivos_nicolas\app\Views\back\productos\Mostrar_producto.php(44): CodeIgniter\Debug\Exceptions->errorHandler(2, 'Undefined array...', 'C:\\xampp\\htdocs...', 44)
#1 C:\xampp\htdocs\Proyecto_olivos_nicolas\system\View\View.php(210): include('C:\\xampp\\htdocs...')
#2 C:\xampp\htdocs\Proyecto_olivos_nicolas\system\View\View.php(213): CodeIgniter\View\View->CodeIgniter\View\{closure}()
#3 C:\xampp\htdocs\Proyecto_olivos_nicolas\system\Common.php(1089): CodeIgniter\View\View->render('back/productos/...', Array, true)
#4 C:\xampp\htdocs\Proyecto_olivos_nicolas\app\Controllers\producto_crud_controller.php(14): view('back/productos/...', Array)
#5 C:\xampp\htdocs\Proyecto_olivos_nicolas\system\CodeIgniter.php(832): App\Controllers\Producto_crud_controller->index()
#6 C:\xampp\htdocs\Proyecto_olivos_nicolas\system\CodeIgniter.php(419): CodeIgniter\CodeIgniter->runController(Object(App\Controllers\Producto_crud_controller))
#7 C:\xampp\htdocs\Proyecto_olivos_nicolas\system\CodeIgniter.php(326): CodeIgniter\CodeIgniter->handleRequest(NULL, Object(Config\Cache), false)
#8 C:\xampp\htdocs\Proyecto_olivos_nicolas\index.php(37): CodeIgniter\CodeIgniter->run()
#9 {main}
CRITICAL - 2023-06-02 15:23:17 --> Undefined variable $lib
#0 C:\xampp\htdocs\Proyecto_olivos_nicolas\app\Views\back\productos\Mostrar_producto.php(47): CodeIgniter\Debug\Exceptions->errorHandler(2, 'Undefined varia...', 'C:\\xampp\\htdocs...', 47)
#1 C:\xampp\htdocs\Proyecto_olivos_nicolas\system\View\View.php(210): include('C:\\xampp\\htdocs...')
#2 C:\xampp\htdocs\Proyecto_olivos_nicolas\system\View\View.php(213): CodeIgniter\View\View->CodeIgniter\View\{closure}()
#3 C:\xampp\htdocs\Proyecto_olivos_nicolas\system\Common.php(1089): CodeIgniter\View\View->render('back/productos/...', Array, true)
#4 C:\xampp\htdocs\Proyecto_olivos_nicolas\app\Controllers\producto_crud_controller.php(14): view('back/productos/...', Array)
#5 C:\xampp\htdocs\Proyecto_olivos_nicolas\system\CodeIgniter.php(832): App\Controllers\Producto_crud_controller->index()
#6 C:\xampp\htdocs\Proyecto_olivos_nicolas\system\CodeIgniter.php(419): CodeIgniter\CodeIgniter->runController(Object(App\Controllers\Producto_crud_controller))
#7 C:\xampp\htdocs\Proyecto_olivos_nicolas\system\CodeIgniter.php(326): CodeIgniter\CodeIgniter->handleRequest(NULL, Object(Config\Cache), false)
#8 C:\xampp\htdocs\Proyecto_olivos_nicolas\index.php(37): CodeIgniter\CodeIgniter->run()
#9 {main}
CRITICAL - 2023-06-02 15:23:19 --> Undefined variable $lib
#0 C:\xampp\htdocs\Proyecto_olivos_nicolas\app\Views\back\productos\Mostrar_producto.php(47): CodeIgniter\Debug\Exceptions->errorHandler(2, 'Undefined varia...', 'C:\\xampp\\htdocs...', 47)
#1 C:\xampp\htdocs\Proyecto_olivos_nicolas\system\View\View.php(210): include('C:\\xampp\\htdocs...')
#2 C:\xampp\htdocs\Proyecto_olivos_nicolas\system\View\View.php(213): CodeIgniter\View\View->CodeIgniter\View\{closure}()
#3 C:\xampp\htdocs\Proyecto_olivos_nicolas\system\Common.php(1089): CodeIgniter\View\View->render('back/productos/...', Array, true)
#4 C:\xampp\htdocs\Proyecto_olivos_nicolas\app\Controllers\producto_crud_controller.php(14): view('back/productos/...', Array)
#5 C:\xampp\htdocs\Proyecto_olivos_nicolas\system\CodeIgniter.php(832): App\Controllers\Producto_crud_controller->index()
#6 C:\xampp\htdocs\Proyecto_olivos_nicolas\system\CodeIgniter.php(419): CodeIgniter\CodeIgniter->runController(Object(App\Controllers\Producto_crud_controller))
#7 C:\xampp\htdocs\Proyecto_olivos_nicolas\system\CodeIgniter.php(326): CodeIgniter\CodeIgniter->handleRequest(NULL, Object(Config\Cache), false)
#8 C:\xampp\htdocs\Proyecto_olivos_nicolas\index.php(37): CodeIgniter\CodeIgniter->run()
#9 {main}
CRITICAL - 2023-06-02 15:23:41 --> Undefined array key "id_usuario"
#0 C:\xampp\htdocs\Proyecto_olivos_nicolas\app\Views\back\productos\Mostrar_producto.php(47): CodeIgniter\Debug\Exceptions->errorHandler(2, 'Undefined array...', 'C:\\xampp\\htdocs...', 47)
#1 C:\xampp\htdocs\Proyecto_olivos_nicolas\system\View\View.php(210): include('C:\\xampp\\htdocs...')
#2 C:\xampp\htdocs\Proyecto_olivos_nicolas\system\View\View.php(213): CodeIgniter\View\View->CodeIgniter\View\{closure}()
#3 C:\xampp\htdocs\Proyecto_olivos_nicolas\system\Common.php(1089): CodeIgniter\View\View->render('back/productos/...', Array, true)
#4 C:\xampp\htdocs\Proyecto_olivos_nicolas\app\Controllers\producto_crud_controller.php(14): view('back/productos/...', Array)
#5 C:\xampp\htdocs\Proyecto_olivos_nicolas\system\CodeIgniter.php(832): App\Controllers\Producto_crud_controller->index()
#6 C:\xampp\htdocs\Proyecto_olivos_nicolas\system\CodeIgniter.php(419): CodeIgniter\CodeIgniter->runController(Object(App\Controllers\Producto_crud_controller))
#7 C:\xampp\htdocs\Proyecto_olivos_nicolas\system\CodeIgniter.php(326): CodeIgniter\CodeIgniter->handleRequest(NULL, Object(Config\Cache), false)
#8 C:\xampp\htdocs\Proyecto_olivos_nicolas\index.php(37): CodeIgniter\CodeIgniter->run()
#9 {main}
