CRITICAL - 2023-05-22 16:54:39 --> Invalid file: front/navbar.php
#0 C:\xampp\htdocs\Proyecto_olivos_nicolas\system\View\View.php(198): CodeIgniter\Exceptions\FrameworkException::forInvalidFile('front/navbar.ph...')
#1 C:\xampp\htdocs\Proyecto_olivos_nicolas\system\Common.php(1089): CodeIgniter\View\View->render('front/navbar', Array, true)
#2 C:\xampp\htdocs\Proyecto_olivos_nicolas\app\Controllers\Usuario_controller.php(16): view('front/navbar')
#3 C:\xampp\htdocs\Proyecto_olivos_nicolas\system\CodeIgniter.php(832): App\Controllers\usuario_controller->create()
#4 C:\xampp\htdocs\Proyecto_olivos_nicolas\system\CodeIgniter.php(419): CodeIgniter\CodeIgniter->runController(Object(App\Controllers\usuario_controller))
#5 C:\xampp\htdocs\Proyecto_olivos_nicolas\system\CodeIgniter.php(326): CodeIgniter\CodeIgniter->handleRequest(NULL, Object(Config\Cache), false)
#6 C:\xampp\htdocs\Proyecto_olivos_nicolas\index.php(37): CodeIgniter\CodeIgniter->run()
#7 {main}
CRITICAL - 2023-05-22 16:55:13 --> Invalid file: front/navbar.php
#0 C:\xampp\htdocs\Proyecto_olivos_nicolas\system\View\View.php(198): CodeIgniter\Exceptions\FrameworkException::forInvalidFile('front/navbar.ph...')
#1 C:\xampp\htdocs\Proyecto_olivos_nicolas\system\Common.php(1089): CodeIgniter\View\View->render('front/navbar', Array, true)
#2 C:\xampp\htdocs\Proyecto_olivos_nicolas\app\Controllers\Usuario_controller.php(16): view('front/navbar')
#3 C:\xampp\htdocs\Proyecto_olivos_nicolas\system\CodeIgniter.php(832): App\Controllers\usuario_controller->create()
#4 C:\xampp\htdocs\Proyecto_olivos_nicolas\system\CodeIgniter.php(419): CodeIgniter\CodeIgniter->runController(Object(App\Controllers\usuario_controller))
#5 C:\xampp\htdocs\Proyecto_olivos_nicolas\system\CodeIgniter.php(326): CodeIgniter\CodeIgniter->handleRequest(NULL, Object(Config\Cache), false)
#6 C:\xampp\htdocs\Proyecto_olivos_nicolas\index.php(37): CodeIgniter\CodeIgniter->run()
#7 {main}
ERROR - 2023-05-22 16:55:51 --> Error connecting to the database: No se puede establecer una conexión ya que el equipo de destino denegó expresamente dicha conexión
CRITICAL - 2023-05-22 16:55:51 --> Unable to connect to the database.
Main connection [MySQLi]: No se puede establecer una conexión ya que el equipo de destino denegó expresamente dicha conexión
#0 C:\xampp\htdocs\Proyecto_olivos_nicolas\system\Database\BaseConnection.php(577): CodeIgniter\Database\BaseConnection->initialize()
#1 C:\xampp\htdocs\Proyecto_olivos_nicolas\system\Database\BaseBuilder.php(1455): CodeIgniter\Database\BaseConnection->query('SELECT *\nFROM `...', Array, false)
#2 C:\xampp\htdocs\Proyecto_olivos_nicolas\system\Model.php(210): CodeIgniter\Database\BaseBuilder->get()
#3 C:\xampp\htdocs\Proyecto_olivos_nicolas\system\BaseModel.php(622): CodeIgniter\Model->doFirst()
#4 C:\xampp\htdocs\Proyecto_olivos_nicolas\app\Controllers\Login_controller.php(25): CodeIgniter\BaseModel->first()
#5 C:\xampp\htdocs\Proyecto_olivos_nicolas\system\CodeIgniter.php(832): App\Controllers\Login_controller->auth()
#6 C:\xampp\htdocs\Proyecto_olivos_nicolas\system\CodeIgniter.php(419): CodeIgniter\CodeIgniter->runController(Object(App\Controllers\Login_controller))
#7 C:\xampp\htdocs\Proyecto_olivos_nicolas\system\CodeIgniter.php(326): CodeIgniter\CodeIgniter->handleRequest(NULL, Object(Config\Cache), false)
#8 C:\xampp\htdocs\Proyecto_olivos_nicolas\index.php(37): CodeIgniter\CodeIgniter->run()
#9 {main}
CRITICAL - 2023-05-22 17:02:51 --> Invalid file: front/navbar.php
#0 C:\xampp\htdocs\Proyecto_olivos_nicolas\system\View\View.php(198): CodeIgniter\Exceptions\FrameworkException::forInvalidFile('front/navbar.ph...')
#1 C:\xampp\htdocs\Proyecto_olivos_nicolas\system\Common.php(1089): CodeIgniter\View\View->render('front/navbar', Array, true)
#2 C:\xampp\htdocs\Proyecto_olivos_nicolas\app\Controllers\Usuario_controller.php(16): view('front/navbar')
#3 C:\xampp\htdocs\Proyecto_olivos_nicolas\system\CodeIgniter.php(832): App\Controllers\usuario_controller->create()
#4 C:\xampp\htdocs\Proyecto_olivos_nicolas\system\CodeIgniter.php(419): CodeIgniter\CodeIgniter->runController(Object(App\Controllers\usuario_controller))
#5 C:\xampp\htdocs\Proyecto_olivos_nicolas\system\CodeIgniter.php(326): CodeIgniter\CodeIgniter->handleRequest(NULL, Object(Config\Cache), false)
#6 C:\xampp\htdocs\Proyecto_olivos_nicolas\index.php(37): CodeIgniter\CodeIgniter->run()
#7 {main}
CRITICAL - 2023-05-22 17:14:31 --> Invalid file: front/navbar.php
#0 C:\xampp\htdocs\Proyecto_olivos_nicolas\system\View\View.php(198): CodeIgniter\Exceptions\FrameworkException::forInvalidFile('front/navbar.ph...')
#1 C:\xampp\htdocs\Proyecto_olivos_nicolas\system\Common.php(1089): CodeIgniter\View\View->render('front/navbar', Array, true)
#2 C:\xampp\htdocs\Proyecto_olivos_nicolas\app\Controllers\Home.php(11): view('front/navbar')
#3 C:\xampp\htdocs\Proyecto_olivos_nicolas\system\CodeIgniter.php(832): App\Controllers\Home->index()
#4 C:\xampp\htdocs\Proyecto_olivos_nicolas\system\CodeIgniter.php(419): CodeIgniter\CodeIgniter->runController(Object(App\Controllers\Home))
#5 C:\xampp\htdocs\Proyecto_olivos_nicolas\system\CodeIgniter.php(326): CodeIgniter\CodeIgniter->handleRequest(NULL, Object(Config\Cache), false)
#6 C:\xampp\htdocs\Proyecto_olivos_nicolas\index.php(37): CodeIgniter\CodeIgniter->run()
#7 {main}
CRITICAL - 2023-05-22 17:14:34 --> Invalid file: front/navbar.php
#0 C:\xampp\htdocs\Proyecto_olivos_nicolas\system\View\View.php(198): CodeIgniter\Exceptions\FrameworkException::forInvalidFile('front/navbar.ph...')
#1 C:\xampp\htdocs\Proyecto_olivos_nicolas\system\Common.php(1089): CodeIgniter\View\View->render('front/navbar', Array, true)
#2 C:\xampp\htdocs\Proyecto_olivos_nicolas\app\Controllers\Home.php(11): view('front/navbar')
#3 C:\xampp\htdocs\Proyecto_olivos_nicolas\system\CodeIgniter.php(832): App\Controllers\Home->index()
#4 C:\xampp\htdocs\Proyecto_olivos_nicolas\system\CodeIgniter.php(419): CodeIgniter\CodeIgniter->runController(Object(App\Controllers\Home))
#5 C:\xampp\htdocs\Proyecto_olivos_nicolas\system\CodeIgniter.php(326): CodeIgniter\CodeIgniter->handleRequest(NULL, Object(Config\Cache), false)
#6 C:\xampp\htdocs\Proyecto_olivos_nicolas\index.php(37): CodeIgniter\CodeIgniter->run()
#7 {main}
CRITICAL - 2023-05-22 17:14:35 --> Invalid file: front/navbar.php
#0 C:\xampp\htdocs\Proyecto_olivos_nicolas\system\View\View.php(198): CodeIgniter\Exceptions\FrameworkException::forInvalidFile('front/navbar.ph...')
#1 C:\xampp\htdocs\Proyecto_olivos_nicolas\system\Common.php(1089): CodeIgniter\View\View->render('front/navbar', Array, true)
#2 C:\xampp\htdocs\Proyecto_olivos_nicolas\app\Controllers\Home.php(11): view('front/navbar')
#3 C:\xampp\htdocs\Proyecto_olivos_nicolas\system\CodeIgniter.php(832): App\Controllers\Home->index()
#4 C:\xampp\htdocs\Proyecto_olivos_nicolas\system\CodeIgniter.php(419): CodeIgniter\CodeIgniter->runController(Object(App\Controllers\Home))
#5 C:\xampp\htdocs\Proyecto_olivos_nicolas\system\CodeIgniter.php(326): CodeIgniter\CodeIgniter->handleRequest(NULL, Object(Config\Cache), false)
#6 C:\xampp\htdocs\Proyecto_olivos_nicolas\index.php(37): CodeIgniter\CodeIgniter->run()
#7 {main}
CRITICAL - 2023-05-22 17:14:37 --> Invalid file: front/navbar.php
#0 C:\xampp\htdocs\Proyecto_olivos_nicolas\system\View\View.php(198): CodeIgniter\Exceptions\FrameworkException::forInvalidFile('front/navbar.ph...')
#1 C:\xampp\htdocs\Proyecto_olivos_nicolas\system\Common.php(1089): CodeIgniter\View\View->render('front/navbar', Array, true)
#2 C:\xampp\htdocs\Proyecto_olivos_nicolas\app\Controllers\Home.php(11): view('front/navbar')
#3 C:\xampp\htdocs\Proyecto_olivos_nicolas\system\CodeIgniter.php(832): App\Controllers\Home->index()
#4 C:\xampp\htdocs\Proyecto_olivos_nicolas\system\CodeIgniter.php(419): CodeIgniter\CodeIgniter->runController(Object(App\Controllers\Home))
#5 C:\xampp\htdocs\Proyecto_olivos_nicolas\system\CodeIgniter.php(326): CodeIgniter\CodeIgniter->handleRequest(NULL, Object(Config\Cache), false)
#6 C:\xampp\htdocs\Proyecto_olivos_nicolas\index.php(37): CodeIgniter\CodeIgniter->run()
#7 {main}
CRITICAL - 2023-05-22 17:15:26 --> Invalid file: front/navbar.php
#0 C:\xampp\htdocs\Proyecto_olivos_nicolas\system\View\View.php(198): CodeIgniter\Exceptions\FrameworkException::forInvalidFile('front/navbar.ph...')
#1 C:\xampp\htdocs\Proyecto_olivos_nicolas\system\Common.php(1089): CodeIgniter\View\View->render('front/navbar', Array, true)
#2 C:\xampp\htdocs\Proyecto_olivos_nicolas\app\Controllers\Home.php(11): view('front/navbar')
#3 C:\xampp\htdocs\Proyecto_olivos_nicolas\system\CodeIgniter.php(832): App\Controllers\Home->index()
#4 C:\xampp\htdocs\Proyecto_olivos_nicolas\system\CodeIgniter.php(419): CodeIgniter\CodeIgniter->runController(Object(App\Controllers\Home))
#5 C:\xampp\htdocs\Proyecto_olivos_nicolas\system\CodeIgniter.php(326): CodeIgniter\CodeIgniter->handleRequest(NULL, Object(Config\Cache), false)
#6 C:\xampp\htdocs\Proyecto_olivos_nicolas\index.php(37): CodeIgniter\CodeIgniter->run()
#7 {main}
CRITICAL - 2023-05-22 17:15:32 --> Invalid file: front/navbar.php
#0 C:\xampp\htdocs\Proyecto_olivos_nicolas\system\View\View.php(198): CodeIgniter\Exceptions\FrameworkException::forInvalidFile('front/navbar.ph...')
#1 C:\xampp\htdocs\Proyecto_olivos_nicolas\system\Common.php(1089): CodeIgniter\View\View->render('front/navbar', Array, true)
#2 C:\xampp\htdocs\Proyecto_olivos_nicolas\app\Controllers\Home.php(11): view('front/navbar')
#3 C:\xampp\htdocs\Proyecto_olivos_nicolas\system\CodeIgniter.php(832): App\Controllers\Home->index()
#4 C:\xampp\htdocs\Proyecto_olivos_nicolas\system\CodeIgniter.php(419): CodeIgniter\CodeIgniter->runController(Object(App\Controllers\Home))
#5 C:\xampp\htdocs\Proyecto_olivos_nicolas\system\CodeIgniter.php(326): CodeIgniter\CodeIgniter->handleRequest(NULL, Object(Config\Cache), false)
#6 C:\xampp\htdocs\Proyecto_olivos_nicolas\index.php(37): CodeIgniter\CodeIgniter->run()
#7 {main}
CRITICAL - 2023-05-22 17:15:34 --> Invalid file: front/navbar.php
#0 C:\xampp\htdocs\Proyecto_olivos_nicolas\system\View\View.php(198): CodeIgniter\Exceptions\FrameworkException::forInvalidFile('front/navbar.ph...')
#1 C:\xampp\htdocs\Proyecto_olivos_nicolas\system\Common.php(1089): CodeIgniter\View\View->render('front/navbar', Array, true)
#2 C:\xampp\htdocs\Proyecto_olivos_nicolas\app\Controllers\Home.php(11): view('front/navbar')
#3 C:\xampp\htdocs\Proyecto_olivos_nicolas\system\CodeIgniter.php(832): App\Controllers\Home->index()
#4 C:\xampp\htdocs\Proyecto_olivos_nicolas\system\CodeIgniter.php(419): CodeIgniter\CodeIgniter->runController(Object(App\Controllers\Home))
#5 C:\xampp\htdocs\Proyecto_olivos_nicolas\system\CodeIgniter.php(326): CodeIgniter\CodeIgniter->handleRequest(NULL, Object(Config\Cache), false)
#6 C:\xampp\htdocs\Proyecto_olivos_nicolas\index.php(37): CodeIgniter\CodeIgniter->run()
#7 {main}
CRITICAL - 2023-05-22 17:15:39 --> Invalid file: front/navbar.php
#0 C:\xampp\htdocs\Proyecto_olivos_nicolas\system\View\View.php(198): CodeIgniter\Exceptions\FrameworkException::forInvalidFile('front/navbar.ph...')
#1 C:\xampp\htdocs\Proyecto_olivos_nicolas\system\Common.php(1089): CodeIgniter\View\View->render('front/navbar', Array, true)
#2 C:\xampp\htdocs\Proyecto_olivos_nicolas\app\Controllers\Home.php(11): view('front/navbar')
#3 C:\xampp\htdocs\Proyecto_olivos_nicolas\system\CodeIgniter.php(832): App\Controllers\Home->index()
#4 C:\xampp\htdocs\Proyecto_olivos_nicolas\system\CodeIgniter.php(419): CodeIgniter\CodeIgniter->runController(Object(App\Controllers\Home))
#5 C:\xampp\htdocs\Proyecto_olivos_nicolas\system\CodeIgniter.php(326): CodeIgniter\CodeIgniter->handleRequest(NULL, Object(Config\Cache), false)
#6 C:\xampp\htdocs\Proyecto_olivos_nicolas\index.php(37): CodeIgniter\CodeIgniter->run()
#7 {main}
CRITICAL - 2023-05-22 17:15:46 --> Invalid file: front/navbar.php
#0 C:\xampp\htdocs\Proyecto_olivos_nicolas\system\View\View.php(198): CodeIgniter\Exceptions\FrameworkException::forInvalidFile('front/navbar.ph...')
#1 C:\xampp\htdocs\Proyecto_olivos_nicolas\system\Common.php(1089): CodeIgniter\View\View->render('front/navbar', Array, true)
#2 C:\xampp\htdocs\Proyecto_olivos_nicolas\app\Controllers\Home.php(11): view('front/navbar')
#3 C:\xampp\htdocs\Proyecto_olivos_nicolas\system\CodeIgniter.php(832): App\Controllers\Home->index()
#4 C:\xampp\htdocs\Proyecto_olivos_nicolas\system\CodeIgniter.php(419): CodeIgniter\CodeIgniter->runController(Object(App\Controllers\Home))
#5 C:\xampp\htdocs\Proyecto_olivos_nicolas\system\CodeIgniter.php(326): CodeIgniter\CodeIgniter->handleRequest(NULL, Object(Config\Cache), false)
#6 C:\xampp\htdocs\Proyecto_olivos_nicolas\index.php(37): CodeIgniter\CodeIgniter->run()
#7 {main}
CRITICAL - 2023-05-22 17:15:56 --> Invalid file: front/navbar.php
#0 C:\xampp\htdocs\Proyecto_olivos_nicolas\system\View\View.php(198): CodeIgniter\Exceptions\FrameworkException::forInvalidFile('front/navbar.ph...')
#1 C:\xampp\htdocs\Proyecto_olivos_nicolas\system\Common.php(1089): CodeIgniter\View\View->render('front/navbar', Array, true)
#2 C:\xampp\htdocs\Proyecto_olivos_nicolas\app\Controllers\Home.php(11): view('front/navbar')
#3 C:\xampp\htdocs\Proyecto_olivos_nicolas\system\CodeIgniter.php(832): App\Controllers\Home->index()
#4 C:\xampp\htdocs\Proyecto_olivos_nicolas\system\CodeIgniter.php(419): CodeIgniter\CodeIgniter->runController(Object(App\Controllers\Home))
#5 C:\xampp\htdocs\Proyecto_olivos_nicolas\system\CodeIgniter.php(326): CodeIgniter\CodeIgniter->handleRequest(NULL, Object(Config\Cache), false)
#6 C:\xampp\htdocs\Proyecto_olivos_nicolas\index.php(37): CodeIgniter\CodeIgniter->run()
#7 {main}
CRITICAL - 2023-05-22 17:23:57 --> Invalid file: front/navbar.php
#0 C:\xampp\htdocs\Proyecto_olivos_nicolas\system\View\View.php(198): CodeIgniter\Exceptions\FrameworkException::forInvalidFile('front/navbar.ph...')
#1 C:\xampp\htdocs\Proyecto_olivos_nicolas\system\Common.php(1089): CodeIgniter\View\View->render('front/navbar', Array, true)
#2 C:\xampp\htdocs\Proyecto_olivos_nicolas\app\Controllers\Usuario_controller.php(16): view('front/navbar')
#3 C:\xampp\htdocs\Proyecto_olivos_nicolas\system\CodeIgniter.php(832): App\Controllers\usuario_controller->create()
#4 C:\xampp\htdocs\Proyecto_olivos_nicolas\system\CodeIgniter.php(419): CodeIgniter\CodeIgniter->runController(Object(App\Controllers\usuario_controller))
#5 C:\xampp\htdocs\Proyecto_olivos_nicolas\system\CodeIgniter.php(326): CodeIgniter\CodeIgniter->handleRequest(NULL, Object(Config\Cache), false)
#6 C:\xampp\htdocs\Proyecto_olivos_nicolas\index.php(37): CodeIgniter\CodeIgniter->run()
#7 {main}
CRITICAL - 2023-05-22 17:50:10 --> syntax error, unexpected variable "$nombre", expecting "," or ";"
#0 C:\xampp\htdocs\Proyecto_olivos_nicolas\system\View\View.php(213): CodeIgniter\View\View->CodeIgniter\View\{closure}()
#1 C:\xampp\htdocs\Proyecto_olivos_nicolas\system\Common.php(1089): CodeIgniter\View\View->render('front/nabvar', Array, true)
#2 C:\xampp\htdocs\Proyecto_olivos_nicolas\app\Controllers\Login_controller.php(14): view('front/nabvar')
#3 C:\xampp\htdocs\Proyecto_olivos_nicolas\system\CodeIgniter.php(832): App\Controllers\Login_controller->index()
#4 C:\xampp\htdocs\Proyecto_olivos_nicolas\system\CodeIgniter.php(419): CodeIgniter\CodeIgniter->runController(Object(App\Controllers\Login_controller))
#5 C:\xampp\htdocs\Proyecto_olivos_nicolas\system\CodeIgniter.php(326): CodeIgniter\CodeIgniter->handleRequest(NULL, Object(Config\Cache), false)
#6 C:\xampp\htdocs\Proyecto_olivos_nicolas\index.php(37): CodeIgniter\CodeIgniter->run()
#7 {main}
