ERROR - 2023-06-12 00:49:29 --> Column 'nombre_consulta' cannot be null
CRITICAL - 2023-06-12 00:49:29 --> Column 'nombre_consulta' cannot be null
#0 C:\xampp\htdocs\Proyecto_olivos_nicolas\system\Database\MySQLi\Connection.php(292): mysqli->query('INSERT INTO `co...', 0)
#1 C:\xampp\htdocs\Proyecto_olivos_nicolas\system\Database\BaseConnection.php(670): CodeIgniter\Database\MySQLi\Connection->execute('INSERT INTO `co...')
#2 C:\xampp\htdocs\Proyecto_olivos_nicolas\system\Database\BaseConnection.php(598): CodeIgniter\Database\BaseConnection->simpleQuery('INSERT INTO `co...')
#3 C:\xampp\htdocs\Proyecto_olivos_nicolas\system\Database\BaseBuilder.php(1771): CodeIgniter\Database\BaseConnection->query('INSERT INTO `co...', Array, false)
#4 C:\xampp\htdocs\Proyecto_olivos_nicolas\system\Model.php(239): CodeIgniter\Database\BaseBuilder->insert()
#5 C:\xampp\htdocs\Proyecto_olivos_nicolas\system\BaseModel.php(738): CodeIgniter\Model->doInsert(Array)
#6 C:\xampp\htdocs\Proyecto_olivos_nicolas\system\Model.php(625): CodeIgniter\BaseModel->insert(Array, true)
#7 C:\xampp\htdocs\Proyecto_olivos_nicolas\app\Controllers\Consulta_controller.php(30): CodeIgniter\Model->insert(Array)
#8 C:\xampp\htdocs\Proyecto_olivos_nicolas\system\CodeIgniter.php(832): App\Controllers\Consulta_controller->agregar_consulta()
#9 C:\xampp\htdocs\Proyecto_olivos_nicolas\system\CodeIgniter.php(419): CodeIgniter\CodeIgniter->runController(Object(App\Controllers\Consulta_controller))
#10 C:\xampp\htdocs\Proyecto_olivos_nicolas\system\CodeIgniter.php(326): CodeIgniter\CodeIgniter->handleRequest(NULL, Object(Config\Cache), false)
#11 C:\xampp\htdocs\Proyecto_olivos_nicolas\index.php(37): CodeIgniter\CodeIgniter->run()
#12 {main}
ERROR - 2023-06-12 00:54:20 --> Column 'nombre_consulta' cannot be null
CRITICAL - 2023-06-12 00:54:20 --> Column 'nombre_consulta' cannot be null
#0 C:\xampp\htdocs\Proyecto_olivos_nicolas\system\Database\MySQLi\Connection.php(292): mysqli->query('INSERT INTO `co...', 0)
#1 C:\xampp\htdocs\Proyecto_olivos_nicolas\system\Database\BaseConnection.php(670): CodeIgniter\Database\MySQLi\Connection->execute('INSERT INTO `co...')
#2 C:\xampp\htdocs\Proyecto_olivos_nicolas\system\Database\BaseConnection.php(598): CodeIgniter\Database\BaseConnection->simpleQuery('INSERT INTO `co...')
#3 C:\xampp\htdocs\Proyecto_olivos_nicolas\system\Database\BaseBuilder.php(1771): CodeIgniter\Database\BaseConnection->query('INSERT INTO `co...', Array, false)
#4 C:\xampp\htdocs\Proyecto_olivos_nicolas\system\Model.php(239): CodeIgniter\Database\BaseBuilder->insert()
#5 C:\xampp\htdocs\Proyecto_olivos_nicolas\system\BaseModel.php(738): CodeIgniter\Model->doInsert(Array)
#6 C:\xampp\htdocs\Proyecto_olivos_nicolas\system\Model.php(625): CodeIgniter\BaseModel->insert(Array, true)
#7 C:\xampp\htdocs\Proyecto_olivos_nicolas\app\Controllers\Consulta_controller.php(30): CodeIgniter\Model->insert(Array)
#8 C:\xampp\htdocs\Proyecto_olivos_nicolas\system\CodeIgniter.php(832): App\Controllers\Consulta_controller->agregar_consulta()
#9 C:\xampp\htdocs\Proyecto_olivos_nicolas\system\CodeIgniter.php(419): CodeIgniter\CodeIgniter->runController(Object(App\Controllers\Consulta_controller))
#10 C:\xampp\htdocs\Proyecto_olivos_nicolas\system\CodeIgniter.php(326): CodeIgniter\CodeIgniter->handleRequest(NULL, Object(Config\Cache), false)
#11 C:\xampp\htdocs\Proyecto_olivos_nicolas\index.php(37): CodeIgniter\CodeIgniter->run()
#12 {main}
ERROR - 2023-06-12 00:54:31 --> Column 'nombre_consulta' cannot be null
CRITICAL - 2023-06-12 00:54:31 --> Column 'nombre_consulta' cannot be null
#0 C:\xampp\htdocs\Proyecto_olivos_nicolas\system\Database\MySQLi\Connection.php(292): mysqli->query('INSERT INTO `co...', 0)
#1 C:\xampp\htdocs\Proyecto_olivos_nicolas\system\Database\BaseConnection.php(670): CodeIgniter\Database\MySQLi\Connection->execute('INSERT INTO `co...')
#2 C:\xampp\htdocs\Proyecto_olivos_nicolas\system\Database\BaseConnection.php(598): CodeIgniter\Database\BaseConnection->simpleQuery('INSERT INTO `co...')
#3 C:\xampp\htdocs\Proyecto_olivos_nicolas\system\Database\BaseBuilder.php(1771): CodeIgniter\Database\BaseConnection->query('INSERT INTO `co...', Array, false)
#4 C:\xampp\htdocs\Proyecto_olivos_nicolas\system\Model.php(239): CodeIgniter\Database\BaseBuilder->insert()
#5 C:\xampp\htdocs\Proyecto_olivos_nicolas\system\BaseModel.php(738): CodeIgniter\Model->doInsert(Array)
#6 C:\xampp\htdocs\Proyecto_olivos_nicolas\system\Model.php(625): CodeIgniter\BaseModel->insert(Array, true)
#7 C:\xampp\htdocs\Proyecto_olivos_nicolas\app\Controllers\Consulta_controller.php(30): CodeIgniter\Model->insert(Array)
#8 C:\xampp\htdocs\Proyecto_olivos_nicolas\system\CodeIgniter.php(832): App\Controllers\Consulta_controller->agregar_consulta()
#9 C:\xampp\htdocs\Proyecto_olivos_nicolas\system\CodeIgniter.php(419): CodeIgniter\CodeIgniter->runController(Object(App\Controllers\Consulta_controller))
#10 C:\xampp\htdocs\Proyecto_olivos_nicolas\system\CodeIgniter.php(326): CodeIgniter\CodeIgniter->handleRequest(NULL, Object(Config\Cache), false)
#11 C:\xampp\htdocs\Proyecto_olivos_nicolas\index.php(37): CodeIgniter\CodeIgniter->run()
#12 {main}
ERROR - 2023-06-12 00:56:26 --> Column 'nombre_consulta' cannot be null
CRITICAL - 2023-06-12 00:56:26 --> Column 'nombre_consulta' cannot be null
#0 C:\xampp\htdocs\Proyecto_olivos_nicolas\system\Database\MySQLi\Connection.php(292): mysqli->query('INSERT INTO `co...', 0)
#1 C:\xampp\htdocs\Proyecto_olivos_nicolas\system\Database\BaseConnection.php(670): CodeIgniter\Database\MySQLi\Connection->execute('INSERT INTO `co...')
#2 C:\xampp\htdocs\Proyecto_olivos_nicolas\system\Database\BaseConnection.php(598): CodeIgniter\Database\BaseConnection->simpleQuery('INSERT INTO `co...')
#3 C:\xampp\htdocs\Proyecto_olivos_nicolas\system\Database\BaseBuilder.php(1771): CodeIgniter\Database\BaseConnection->query('INSERT INTO `co...', Array, false)
#4 C:\xampp\htdocs\Proyecto_olivos_nicolas\system\Model.php(239): CodeIgniter\Database\BaseBuilder->insert()
#5 C:\xampp\htdocs\Proyecto_olivos_nicolas\system\BaseModel.php(738): CodeIgniter\Model->doInsert(Array)
#6 C:\xampp\htdocs\Proyecto_olivos_nicolas\system\Model.php(625): CodeIgniter\BaseModel->insert(Array, true)
#7 C:\xampp\htdocs\Proyecto_olivos_nicolas\app\Controllers\Consulta_controller.php(30): CodeIgniter\Model->insert(Array)
#8 C:\xampp\htdocs\Proyecto_olivos_nicolas\system\CodeIgniter.php(832): App\Controllers\Consulta_controller->agregar_consulta()
#9 C:\xampp\htdocs\Proyecto_olivos_nicolas\system\CodeIgniter.php(419): CodeIgniter\CodeIgniter->runController(Object(App\Controllers\Consulta_controller))
#10 C:\xampp\htdocs\Proyecto_olivos_nicolas\system\CodeIgniter.php(326): CodeIgniter\CodeIgniter->handleRequest(NULL, Object(Config\Cache), false)
#11 C:\xampp\htdocs\Proyecto_olivos_nicolas\index.php(37): CodeIgniter\CodeIgniter->run()
#12 {main}
ERROR - 2023-06-12 00:56:31 --> Column 'nombre_consulta' cannot be null
CRITICAL - 2023-06-12 00:56:31 --> Column 'nombre_consulta' cannot be null
#0 C:\xampp\htdocs\Proyecto_olivos_nicolas\system\Database\MySQLi\Connection.php(292): mysqli->query('INSERT INTO `co...', 0)
#1 C:\xampp\htdocs\Proyecto_olivos_nicolas\system\Database\BaseConnection.php(670): CodeIgniter\Database\MySQLi\Connection->execute('INSERT INTO `co...')
#2 C:\xampp\htdocs\Proyecto_olivos_nicolas\system\Database\BaseConnection.php(598): CodeIgniter\Database\BaseConnection->simpleQuery('INSERT INTO `co...')
#3 C:\xampp\htdocs\Proyecto_olivos_nicolas\system\Database\BaseBuilder.php(1771): CodeIgniter\Database\BaseConnection->query('INSERT INTO `co...', Array, false)
#4 C:\xampp\htdocs\Proyecto_olivos_nicolas\system\Model.php(239): CodeIgniter\Database\BaseBuilder->insert()
#5 C:\xampp\htdocs\Proyecto_olivos_nicolas\system\BaseModel.php(738): CodeIgniter\Model->doInsert(Array)
#6 C:\xampp\htdocs\Proyecto_olivos_nicolas\system\Model.php(625): CodeIgniter\BaseModel->insert(Array, true)
#7 C:\xampp\htdocs\Proyecto_olivos_nicolas\app\Controllers\Consulta_controller.php(30): CodeIgniter\Model->insert(Array)
#8 C:\xampp\htdocs\Proyecto_olivos_nicolas\system\CodeIgniter.php(832): App\Controllers\Consulta_controller->agregar_consulta()
#9 C:\xampp\htdocs\Proyecto_olivos_nicolas\system\CodeIgniter.php(419): CodeIgniter\CodeIgniter->runController(Object(App\Controllers\Consulta_controller))
#10 C:\xampp\htdocs\Proyecto_olivos_nicolas\system\CodeIgniter.php(326): CodeIgniter\CodeIgniter->handleRequest(NULL, Object(Config\Cache), false)
#11 C:\xampp\htdocs\Proyecto_olivos_nicolas\index.php(37): CodeIgniter\CodeIgniter->run()
#12 {main}
ERROR - 2023-06-12 00:56:34 --> Column 'nombre_consulta' cannot be null
CRITICAL - 2023-06-12 00:56:34 --> Column 'nombre_consulta' cannot be null
#0 C:\xampp\htdocs\Proyecto_olivos_nicolas\system\Database\MySQLi\Connection.php(292): mysqli->query('INSERT INTO `co...', 0)
#1 C:\xampp\htdocs\Proyecto_olivos_nicolas\system\Database\BaseConnection.php(670): CodeIgniter\Database\MySQLi\Connection->execute('INSERT INTO `co...')
#2 C:\xampp\htdocs\Proyecto_olivos_nicolas\system\Database\BaseConnection.php(598): CodeIgniter\Database\BaseConnection->simpleQuery('INSERT INTO `co...')
#3 C:\xampp\htdocs\Proyecto_olivos_nicolas\system\Database\BaseBuilder.php(1771): CodeIgniter\Database\BaseConnection->query('INSERT INTO `co...', Array, false)
#4 C:\xampp\htdocs\Proyecto_olivos_nicolas\system\Model.php(239): CodeIgniter\Database\BaseBuilder->insert()
#5 C:\xampp\htdocs\Proyecto_olivos_nicolas\system\BaseModel.php(738): CodeIgniter\Model->doInsert(Array)
#6 C:\xampp\htdocs\Proyecto_olivos_nicolas\system\Model.php(625): CodeIgniter\BaseModel->insert(Array, true)
#7 C:\xampp\htdocs\Proyecto_olivos_nicolas\app\Controllers\Consulta_controller.php(30): CodeIgniter\Model->insert(Array)
#8 C:\xampp\htdocs\Proyecto_olivos_nicolas\system\CodeIgniter.php(832): App\Controllers\Consulta_controller->agregar_consulta()
#9 C:\xampp\htdocs\Proyecto_olivos_nicolas\system\CodeIgniter.php(419): CodeIgniter\CodeIgniter->runController(Object(App\Controllers\Consulta_controller))
#10 C:\xampp\htdocs\Proyecto_olivos_nicolas\system\CodeIgniter.php(326): CodeIgniter\CodeIgniter->handleRequest(NULL, Object(Config\Cache), false)
#11 C:\xampp\htdocs\Proyecto_olivos_nicolas\index.php(37): CodeIgniter\CodeIgniter->run()
#12 {main}
ERROR - 2023-06-12 02:41:31 --> Column 'nombre_consulta' cannot be null
CRITICAL - 2023-06-12 02:41:31 --> Column 'nombre_consulta' cannot be null
#0 C:\xampp\htdocs\Proyecto_olivos_nicolas\system\Database\MySQLi\Connection.php(292): mysqli->query('INSERT INTO `co...', 0)
#1 C:\xampp\htdocs\Proyecto_olivos_nicolas\system\Database\BaseConnection.php(670): CodeIgniter\Database\MySQLi\Connection->execute('INSERT INTO `co...')
#2 C:\xampp\htdocs\Proyecto_olivos_nicolas\system\Database\BaseConnection.php(598): CodeIgniter\Database\BaseConnection->simpleQuery('INSERT INTO `co...')
#3 C:\xampp\htdocs\Proyecto_olivos_nicolas\system\Database\BaseBuilder.php(1771): CodeIgniter\Database\BaseConnection->query('INSERT INTO `co...', Array, false)
#4 C:\xampp\htdocs\Proyecto_olivos_nicolas\system\Model.php(239): CodeIgniter\Database\BaseBuilder->insert()
#5 C:\xampp\htdocs\Proyecto_olivos_nicolas\system\BaseModel.php(738): CodeIgniter\Model->doInsert(Array)
#6 C:\xampp\htdocs\Proyecto_olivos_nicolas\system\Model.php(625): CodeIgniter\BaseModel->insert(Array, true)
#7 C:\xampp\htdocs\Proyecto_olivos_nicolas\app\Controllers\Consulta_controller.php(30): CodeIgniter\Model->insert(Array)
#8 C:\xampp\htdocs\Proyecto_olivos_nicolas\system\CodeIgniter.php(832): App\Controllers\Consulta_controller->agregar_consulta()
#9 C:\xampp\htdocs\Proyecto_olivos_nicolas\system\CodeIgniter.php(419): CodeIgniter\CodeIgniter->runController(Object(App\Controllers\Consulta_controller))
#10 C:\xampp\htdocs\Proyecto_olivos_nicolas\system\CodeIgniter.php(326): CodeIgniter\CodeIgniter->handleRequest(NULL, Object(Config\Cache), false)
#11 C:\xampp\htdocs\Proyecto_olivos_nicolas\index.php(37): CodeIgniter\CodeIgniter->run()
#12 {main}
ERROR - 2023-06-12 02:41:40 --> Column 'nombre_consulta' cannot be null
CRITICAL - 2023-06-12 02:41:40 --> Column 'nombre_consulta' cannot be null
#0 C:\xampp\htdocs\Proyecto_olivos_nicolas\system\Database\MySQLi\Connection.php(292): mysqli->query('INSERT INTO `co...', 0)
#1 C:\xampp\htdocs\Proyecto_olivos_nicolas\system\Database\BaseConnection.php(670): CodeIgniter\Database\MySQLi\Connection->execute('INSERT INTO `co...')
#2 C:\xampp\htdocs\Proyecto_olivos_nicolas\system\Database\BaseConnection.php(598): CodeIgniter\Database\BaseConnection->simpleQuery('INSERT INTO `co...')
#3 C:\xampp\htdocs\Proyecto_olivos_nicolas\system\Database\BaseBuilder.php(1771): CodeIgniter\Database\BaseConnection->query('INSERT INTO `co...', Array, false)
#4 C:\xampp\htdocs\Proyecto_olivos_nicolas\system\Model.php(239): CodeIgniter\Database\BaseBuilder->insert()
#5 C:\xampp\htdocs\Proyecto_olivos_nicolas\system\BaseModel.php(738): CodeIgniter\Model->doInsert(Array)
#6 C:\xampp\htdocs\Proyecto_olivos_nicolas\system\Model.php(625): CodeIgniter\BaseModel->insert(Array, true)
#7 C:\xampp\htdocs\Proyecto_olivos_nicolas\app\Controllers\Consulta_controller.php(30): CodeIgniter\Model->insert(Array)
#8 C:\xampp\htdocs\Proyecto_olivos_nicolas\system\CodeIgniter.php(832): App\Controllers\Consulta_controller->agregar_consulta()
#9 C:\xampp\htdocs\Proyecto_olivos_nicolas\system\CodeIgniter.php(419): CodeIgniter\CodeIgniter->runController(Object(App\Controllers\Consulta_controller))
#10 C:\xampp\htdocs\Proyecto_olivos_nicolas\system\CodeIgniter.php(326): CodeIgniter\CodeIgniter->handleRequest(NULL, Object(Config\Cache), false)
#11 C:\xampp\htdocs\Proyecto_olivos_nicolas\index.php(37): CodeIgniter\CodeIgniter->run()
#12 {main}
ERROR - 2023-06-12 02:46:12 --> Column 'nombre_consulta' cannot be null
CRITICAL - 2023-06-12 02:46:12 --> Column 'nombre_consulta' cannot be null
#0 C:\xampp\htdocs\Proyecto_olivos_nicolas\system\Database\MySQLi\Connection.php(292): mysqli->query('INSERT INTO `co...', 0)
#1 C:\xampp\htdocs\Proyecto_olivos_nicolas\system\Database\BaseConnection.php(670): CodeIgniter\Database\MySQLi\Connection->execute('INSERT INTO `co...')
#2 C:\xampp\htdocs\Proyecto_olivos_nicolas\system\Database\BaseConnection.php(598): CodeIgniter\Database\BaseConnection->simpleQuery('INSERT INTO `co...')
#3 C:\xampp\htdocs\Proyecto_olivos_nicolas\system\Database\BaseBuilder.php(1771): CodeIgniter\Database\BaseConnection->query('INSERT INTO `co...', Array, false)
#4 C:\xampp\htdocs\Proyecto_olivos_nicolas\system\Model.php(239): CodeIgniter\Database\BaseBuilder->insert()
#5 C:\xampp\htdocs\Proyecto_olivos_nicolas\system\BaseModel.php(738): CodeIgniter\Model->doInsert(Array)
#6 C:\xampp\htdocs\Proyecto_olivos_nicolas\system\Model.php(625): CodeIgniter\BaseModel->insert(Array, true)
#7 C:\xampp\htdocs\Proyecto_olivos_nicolas\app\Controllers\Consulta_controller.php(30): CodeIgniter\Model->insert(Array)
#8 C:\xampp\htdocs\Proyecto_olivos_nicolas\system\CodeIgniter.php(832): App\Controllers\Consulta_controller->agregar_consulta()
#9 C:\xampp\htdocs\Proyecto_olivos_nicolas\system\CodeIgniter.php(419): CodeIgniter\CodeIgniter->runController(Object(App\Controllers\Consulta_controller))
#10 C:\xampp\htdocs\Proyecto_olivos_nicolas\system\CodeIgniter.php(326): CodeIgniter\CodeIgniter->handleRequest(NULL, Object(Config\Cache), false)
#11 C:\xampp\htdocs\Proyecto_olivos_nicolas\index.php(37): CodeIgniter\CodeIgniter->run()
#12 {main}
ERROR - 2023-06-12 02:46:15 --> Column 'nombre_consulta' cannot be null
CRITICAL - 2023-06-12 02:46:15 --> Column 'nombre_consulta' cannot be null
#0 C:\xampp\htdocs\Proyecto_olivos_nicolas\system\Database\MySQLi\Connection.php(292): mysqli->query('INSERT INTO `co...', 0)
#1 C:\xampp\htdocs\Proyecto_olivos_nicolas\system\Database\BaseConnection.php(670): CodeIgniter\Database\MySQLi\Connection->execute('INSERT INTO `co...')
#2 C:\xampp\htdocs\Proyecto_olivos_nicolas\system\Database\BaseConnection.php(598): CodeIgniter\Database\BaseConnection->simpleQuery('INSERT INTO `co...')
#3 C:\xampp\htdocs\Proyecto_olivos_nicolas\system\Database\BaseBuilder.php(1771): CodeIgniter\Database\BaseConnection->query('INSERT INTO `co...', Array, false)
#4 C:\xampp\htdocs\Proyecto_olivos_nicolas\system\Model.php(239): CodeIgniter\Database\BaseBuilder->insert()
#5 C:\xampp\htdocs\Proyecto_olivos_nicolas\system\BaseModel.php(738): CodeIgniter\Model->doInsert(Array)
#6 C:\xampp\htdocs\Proyecto_olivos_nicolas\system\Model.php(625): CodeIgniter\BaseModel->insert(Array, true)
#7 C:\xampp\htdocs\Proyecto_olivos_nicolas\app\Controllers\Consulta_controller.php(30): CodeIgniter\Model->insert(Array)
#8 C:\xampp\htdocs\Proyecto_olivos_nicolas\system\CodeIgniter.php(832): App\Controllers\Consulta_controller->agregar_consulta()
#9 C:\xampp\htdocs\Proyecto_olivos_nicolas\system\CodeIgniter.php(419): CodeIgniter\CodeIgniter->runController(Object(App\Controllers\Consulta_controller))
#10 C:\xampp\htdocs\Proyecto_olivos_nicolas\system\CodeIgniter.php(326): CodeIgniter\CodeIgniter->handleRequest(NULL, Object(Config\Cache), false)
#11 C:\xampp\htdocs\Proyecto_olivos_nicolas\index.php(37): CodeIgniter\CodeIgniter->run()
#12 {main}
ERROR - 2023-06-12 02:51:24 --> Column 'nombre_consulta' cannot be null
CRITICAL - 2023-06-12 02:51:24 --> Column 'nombre_consulta' cannot be null
#0 C:\xampp\htdocs\Proyecto_olivos_nicolas\system\Database\MySQLi\Connection.php(292): mysqli->query('INSERT INTO `co...', 0)
#1 C:\xampp\htdocs\Proyecto_olivos_nicolas\system\Database\BaseConnection.php(670): CodeIgniter\Database\MySQLi\Connection->execute('INSERT INTO `co...')
#2 C:\xampp\htdocs\Proyecto_olivos_nicolas\system\Database\BaseConnection.php(598): CodeIgniter\Database\BaseConnection->simpleQuery('INSERT INTO `co...')
#3 C:\xampp\htdocs\Proyecto_olivos_nicolas\system\Database\BaseBuilder.php(1771): CodeIgniter\Database\BaseConnection->query('INSERT INTO `co...', Array, false)
#4 C:\xampp\htdocs\Proyecto_olivos_nicolas\system\Model.php(239): CodeIgniter\Database\BaseBuilder->insert()
#5 C:\xampp\htdocs\Proyecto_olivos_nicolas\system\BaseModel.php(738): CodeIgniter\Model->doInsert(Array)
#6 C:\xampp\htdocs\Proyecto_olivos_nicolas\system\Model.php(625): CodeIgniter\BaseModel->insert(Array, true)
#7 C:\xampp\htdocs\Proyecto_olivos_nicolas\app\Controllers\Consulta_controller.php(37): CodeIgniter\Model->insert(Array)
#8 C:\xampp\htdocs\Proyecto_olivos_nicolas\system\CodeIgniter.php(832): App\Controllers\Consulta_controller->agregar_consulta()
#9 C:\xampp\htdocs\Proyecto_olivos_nicolas\system\CodeIgniter.php(419): CodeIgniter\CodeIgniter->runController(Object(App\Controllers\Consulta_controller))
#10 C:\xampp\htdocs\Proyecto_olivos_nicolas\system\CodeIgniter.php(326): CodeIgniter\CodeIgniter->handleRequest(NULL, Object(Config\Cache), false)
#11 C:\xampp\htdocs\Proyecto_olivos_nicolas\index.php(37): CodeIgniter\CodeIgniter->run()
#12 {main}
ERROR - 2023-06-12 02:51:33 --> Column 'nombre_consulta' cannot be null
CRITICAL - 2023-06-12 02:51:33 --> Column 'nombre_consulta' cannot be null
#0 C:\xampp\htdocs\Proyecto_olivos_nicolas\system\Database\MySQLi\Connection.php(292): mysqli->query('INSERT INTO `co...', 0)
#1 C:\xampp\htdocs\Proyecto_olivos_nicolas\system\Database\BaseConnection.php(670): CodeIgniter\Database\MySQLi\Connection->execute('INSERT INTO `co...')
#2 C:\xampp\htdocs\Proyecto_olivos_nicolas\system\Database\BaseConnection.php(598): CodeIgniter\Database\BaseConnection->simpleQuery('INSERT INTO `co...')
#3 C:\xampp\htdocs\Proyecto_olivos_nicolas\system\Database\BaseBuilder.php(1771): CodeIgniter\Database\BaseConnection->query('INSERT INTO `co...', Array, false)
#4 C:\xampp\htdocs\Proyecto_olivos_nicolas\system\Model.php(239): CodeIgniter\Database\BaseBuilder->insert()
#5 C:\xampp\htdocs\Proyecto_olivos_nicolas\system\BaseModel.php(738): CodeIgniter\Model->doInsert(Array)
#6 C:\xampp\htdocs\Proyecto_olivos_nicolas\system\Model.php(625): CodeIgniter\BaseModel->insert(Array, true)
#7 C:\xampp\htdocs\Proyecto_olivos_nicolas\app\Controllers\Consulta_controller.php(37): CodeIgniter\Model->insert(Array)
#8 C:\xampp\htdocs\Proyecto_olivos_nicolas\system\CodeIgniter.php(832): App\Controllers\Consulta_controller->agregar_consulta()
#9 C:\xampp\htdocs\Proyecto_olivos_nicolas\system\CodeIgniter.php(419): CodeIgniter\CodeIgniter->runController(Object(App\Controllers\Consulta_controller))
#10 C:\xampp\htdocs\Proyecto_olivos_nicolas\system\CodeIgniter.php(326): CodeIgniter\CodeIgniter->handleRequest(NULL, Object(Config\Cache), false)
#11 C:\xampp\htdocs\Proyecto_olivos_nicolas\index.php(37): CodeIgniter\CodeIgniter->run()
#12 {main}
ERROR - 2023-06-12 02:52:36 --> Column 'nombre_consulta' cannot be null
CRITICAL - 2023-06-12 02:52:36 --> Column 'nombre_consulta' cannot be null
#0 C:\xampp\htdocs\Proyecto_olivos_nicolas\system\Database\MySQLi\Connection.php(292): mysqli->query('INSERT INTO `co...', 0)
#1 C:\xampp\htdocs\Proyecto_olivos_nicolas\system\Database\BaseConnection.php(670): CodeIgniter\Database\MySQLi\Connection->execute('INSERT INTO `co...')
#2 C:\xampp\htdocs\Proyecto_olivos_nicolas\system\Database\BaseConnection.php(598): CodeIgniter\Database\BaseConnection->simpleQuery('INSERT INTO `co...')
#3 C:\xampp\htdocs\Proyecto_olivos_nicolas\system\Database\BaseBuilder.php(1771): CodeIgniter\Database\BaseConnection->query('INSERT INTO `co...', Array, false)
#4 C:\xampp\htdocs\Proyecto_olivos_nicolas\system\Model.php(239): CodeIgniter\Database\BaseBuilder->insert()
#5 C:\xampp\htdocs\Proyecto_olivos_nicolas\system\BaseModel.php(738): CodeIgniter\Model->doInsert(Array)
#6 C:\xampp\htdocs\Proyecto_olivos_nicolas\system\Model.php(625): CodeIgniter\BaseModel->insert(Array, true)
#7 C:\xampp\htdocs\Proyecto_olivos_nicolas\app\Controllers\Consulta_controller.php(37): CodeIgniter\Model->insert(Array)
#8 C:\xampp\htdocs\Proyecto_olivos_nicolas\system\CodeIgniter.php(832): App\Controllers\Consulta_controller->agregar_consulta()
#9 C:\xampp\htdocs\Proyecto_olivos_nicolas\system\CodeIgniter.php(419): CodeIgniter\CodeIgniter->runController(Object(App\Controllers\Consulta_controller))
#10 C:\xampp\htdocs\Proyecto_olivos_nicolas\system\CodeIgniter.php(326): CodeIgniter\CodeIgniter->handleRequest(NULL, Object(Config\Cache), false)
#11 C:\xampp\htdocs\Proyecto_olivos_nicolas\index.php(37): CodeIgniter\CodeIgniter->run()
#12 {main}
CRITICAL - 2023-06-12 03:02:57 --> Call to undefined function set_value()
#0 C:\xampp\htdocs\Proyecto_olivos_nicolas\system\View\View.php(210): include()
#1 C:\xampp\htdocs\Proyecto_olivos_nicolas\system\View\View.php(213): CodeIgniter\View\View->CodeIgniter\View\{closure}()
#2 C:\xampp\htdocs\Proyecto_olivos_nicolas\system\Common.php(1089): CodeIgniter\View\View->render('front/informaci...', Array, true)
#3 C:\xampp\htdocs\Proyecto_olivos_nicolas\app\Controllers\Home.php(42): view('front/informaci...')
#4 C:\xampp\htdocs\Proyecto_olivos_nicolas\system\CodeIgniter.php(832): App\Controllers\Home->informacion_de_contacto()
#5 C:\xampp\htdocs\Proyecto_olivos_nicolas\system\CodeIgniter.php(419): CodeIgniter\CodeIgniter->runController(Object(App\Controllers\Home))
#6 C:\xampp\htdocs\Proyecto_olivos_nicolas\system\CodeIgniter.php(326): CodeIgniter\CodeIgniter->handleRequest(NULL, Object(Config\Cache), false)
#7 C:\xampp\htdocs\Proyecto_olivos_nicolas\index.php(37): CodeIgniter\CodeIgniter->run()
#8 {main}
CRITICAL - 2023-06-12 03:03:04 --> Call to undefined function set_value()
#0 C:\xampp\htdocs\Proyecto_olivos_nicolas\system\View\View.php(210): include()
#1 C:\xampp\htdocs\Proyecto_olivos_nicolas\system\View\View.php(213): CodeIgniter\View\View->CodeIgniter\View\{closure}()
#2 C:\xampp\htdocs\Proyecto_olivos_nicolas\system\Common.php(1089): CodeIgniter\View\View->render('front/informaci...', Array, true)
#3 C:\xampp\htdocs\Proyecto_olivos_nicolas\app\Controllers\Home.php(42): view('front/informaci...')
#4 C:\xampp\htdocs\Proyecto_olivos_nicolas\system\CodeIgniter.php(832): App\Controllers\Home->informacion_de_contacto()
#5 C:\xampp\htdocs\Proyecto_olivos_nicolas\system\CodeIgniter.php(419): CodeIgniter\CodeIgniter->runController(Object(App\Controllers\Home))
#6 C:\xampp\htdocs\Proyecto_olivos_nicolas\system\CodeIgniter.php(326): CodeIgniter\CodeIgniter->handleRequest(NULL, Object(Config\Cache), false)
#7 C:\xampp\htdocs\Proyecto_olivos_nicolas\index.php(37): CodeIgniter\CodeIgniter->run()
#8 {main}
CRITICAL - 2023-06-12 03:04:17 --> Call to undefined function set_value()
#0 C:\xampp\htdocs\Proyecto_olivos_nicolas\system\View\View.php(210): include()
#1 C:\xampp\htdocs\Proyecto_olivos_nicolas\system\View\View.php(213): CodeIgniter\View\View->CodeIgniter\View\{closure}()
#2 C:\xampp\htdocs\Proyecto_olivos_nicolas\system\Common.php(1089): CodeIgniter\View\View->render('front/informaci...', Array, true)
#3 C:\xampp\htdocs\Proyecto_olivos_nicolas\app\Controllers\Home.php(42): view('front/informaci...')
#4 C:\xampp\htdocs\Proyecto_olivos_nicolas\system\CodeIgniter.php(832): App\Controllers\Home->informacion_de_contacto()
#5 C:\xampp\htdocs\Proyecto_olivos_nicolas\system\CodeIgniter.php(419): CodeIgniter\CodeIgniter->runController(Object(App\Controllers\Home))
#6 C:\xampp\htdocs\Proyecto_olivos_nicolas\system\CodeIgniter.php(326): CodeIgniter\CodeIgniter->handleRequest(NULL, Object(Config\Cache), false)
#7 C:\xampp\htdocs\Proyecto_olivos_nicolas\index.php(37): CodeIgniter\CodeIgniter->run()
#8 {main}
CRITICAL - 2023-06-12 03:04:18 --> Call to undefined function set_value()
#0 C:\xampp\htdocs\Proyecto_olivos_nicolas\system\View\View.php(210): include()
#1 C:\xampp\htdocs\Proyecto_olivos_nicolas\system\View\View.php(213): CodeIgniter\View\View->CodeIgniter\View\{closure}()
#2 C:\xampp\htdocs\Proyecto_olivos_nicolas\system\Common.php(1089): CodeIgniter\View\View->render('front/informaci...', Array, true)
#3 C:\xampp\htdocs\Proyecto_olivos_nicolas\app\Controllers\Home.php(42): view('front/informaci...')
#4 C:\xampp\htdocs\Proyecto_olivos_nicolas\system\CodeIgniter.php(832): App\Controllers\Home->informacion_de_contacto()
#5 C:\xampp\htdocs\Proyecto_olivos_nicolas\system\CodeIgniter.php(419): CodeIgniter\CodeIgniter->runController(Object(App\Controllers\Home))
#6 C:\xampp\htdocs\Proyecto_olivos_nicolas\system\CodeIgniter.php(326): CodeIgniter\CodeIgniter->handleRequest(NULL, Object(Config\Cache), false)
#7 C:\xampp\htdocs\Proyecto_olivos_nicolas\index.php(37): CodeIgniter\CodeIgniter->run()
#8 {main}
CRITICAL - 2023-06-12 04:27:40 --> Undefined variable $lib
#0 C:\xampp\htdocs\Proyecto_olivos_nicolas\app\Views\back\consulta\consulta_vista.php(40): CodeIgniter\Debug\Exceptions->errorHandler(2, 'Undefined varia...', 'C:\\xampp\\htdocs...', 40)
#1 C:\xampp\htdocs\Proyecto_olivos_nicolas\system\View\View.php(210): include('C:\\xampp\\htdocs...')
#2 C:\xampp\htdocs\Proyecto_olivos_nicolas\system\View\View.php(213): CodeIgniter\View\View->CodeIgniter\View\{closure}()
#3 C:\xampp\htdocs\Proyecto_olivos_nicolas\system\Common.php(1089): CodeIgniter\View\View->render('back/consulta/c...', Array, true)
#4 C:\xampp\htdocs\Proyecto_olivos_nicolas\app\Controllers\Consulta_controller.php(50): view('back/consulta/c...', Array)
#5 C:\xampp\htdocs\Proyecto_olivos_nicolas\system\CodeIgniter.php(832): App\Controllers\Consulta_controller->ver_consulta()
#6 C:\xampp\htdocs\Proyecto_olivos_nicolas\system\CodeIgniter.php(419): CodeIgniter\CodeIgniter->runController(Object(App\Controllers\Consulta_controller))
#7 C:\xampp\htdocs\Proyecto_olivos_nicolas\system\CodeIgniter.php(326): CodeIgniter\CodeIgniter->handleRequest(NULL, Object(Config\Cache), false)
#8 C:\xampp\htdocs\Proyecto_olivos_nicolas\index.php(37): CodeIgniter\CodeIgniter->run()
#9 {main}
CRITICAL - 2023-06-12 04:27:59 --> Undefined variable $lib
#0 C:\xampp\htdocs\Proyecto_olivos_nicolas\app\Views\back\consulta\consulta_vista.php(40): CodeIgniter\Debug\Exceptions->errorHandler(2, 'Undefined varia...', 'C:\\xampp\\htdocs...', 40)
#1 C:\xampp\htdocs\Proyecto_olivos_nicolas\system\View\View.php(210): include('C:\\xampp\\htdocs...')
#2 C:\xampp\htdocs\Proyecto_olivos_nicolas\system\View\View.php(213): CodeIgniter\View\View->CodeIgniter\View\{closure}()
#3 C:\xampp\htdocs\Proyecto_olivos_nicolas\system\Common.php(1089): CodeIgniter\View\View->render('back/consulta/c...', Array, true)
#4 C:\xampp\htdocs\Proyecto_olivos_nicolas\app\Controllers\Consulta_controller.php(50): view('back/consulta/c...', Array)
#5 C:\xampp\htdocs\Proyecto_olivos_nicolas\system\CodeIgniter.php(832): App\Controllers\Consulta_controller->ver_consulta()
#6 C:\xampp\htdocs\Proyecto_olivos_nicolas\system\CodeIgniter.php(419): CodeIgniter\CodeIgniter->runController(Object(App\Controllers\Consulta_controller))
#7 C:\xampp\htdocs\Proyecto_olivos_nicolas\system\CodeIgniter.php(326): CodeIgniter\CodeIgniter->handleRequest(NULL, Object(Config\Cache), false)
#8 C:\xampp\htdocs\Proyecto_olivos_nicolas\index.php(37): CodeIgniter\CodeIgniter->run()
#9 {main}
CRITICAL - 2023-06-12 04:28:00 --> Undefined variable $lib
#0 C:\xampp\htdocs\Proyecto_olivos_nicolas\app\Views\back\consulta\consulta_vista.php(40): CodeIgniter\Debug\Exceptions->errorHandler(2, 'Undefined varia...', 'C:\\xampp\\htdocs...', 40)
#1 C:\xampp\htdocs\Proyecto_olivos_nicolas\system\View\View.php(210): include('C:\\xampp\\htdocs...')
#2 C:\xampp\htdocs\Proyecto_olivos_nicolas\system\View\View.php(213): CodeIgniter\View\View->CodeIgniter\View\{closure}()
#3 C:\xampp\htdocs\Proyecto_olivos_nicolas\system\Common.php(1089): CodeIgniter\View\View->render('back/consulta/c...', Array, true)
#4 C:\xampp\htdocs\Proyecto_olivos_nicolas\app\Controllers\Consulta_controller.php(50): view('back/consulta/c...', Array)
#5 C:\xampp\htdocs\Proyecto_olivos_nicolas\system\CodeIgniter.php(832): App\Controllers\Consulta_controller->ver_consulta()
#6 C:\xampp\htdocs\Proyecto_olivos_nicolas\system\CodeIgniter.php(419): CodeIgniter\CodeIgniter->runController(Object(App\Controllers\Consulta_controller))
#7 C:\xampp\htdocs\Proyecto_olivos_nicolas\system\CodeIgniter.php(326): CodeIgniter\CodeIgniter->handleRequest(NULL, Object(Config\Cache), false)
#8 C:\xampp\htdocs\Proyecto_olivos_nicolas\index.php(37): CodeIgniter\CodeIgniter->run()
#9 {main}
CRITICAL - 2023-06-12 04:52:44 --> Undefined variable $datos
#0 C:\xampp\htdocs\Proyecto_olivos_nicolas\app\Views\back\consulta\consulta_vista.php(41): CodeIgniter\Debug\Exceptions->errorHandler(2, 'Undefined varia...', 'C:\\xampp\\htdocs...', 41)
#1 C:\xampp\htdocs\Proyecto_olivos_nicolas\system\View\View.php(210): include('C:\\xampp\\htdocs...')
#2 C:\xampp\htdocs\Proyecto_olivos_nicolas\system\View\View.php(213): CodeIgniter\View\View->CodeIgniter\View\{closure}()
#3 C:\xampp\htdocs\Proyecto_olivos_nicolas\system\Common.php(1089): CodeIgniter\View\View->render('back/consulta/c...', Array, true)
#4 C:\xampp\htdocs\Proyecto_olivos_nicolas\app\Controllers\Consulta_controller.php(48): view('back/consulta/c...', Array)
#5 C:\xampp\htdocs\Proyecto_olivos_nicolas\system\CodeIgniter.php(832): App\Controllers\Consulta_controller->ver_consulta()
#6 C:\xampp\htdocs\Proyecto_olivos_nicolas\system\CodeIgniter.php(419): CodeIgniter\CodeIgniter->runController(Object(App\Controllers\Consulta_controller))
#7 C:\xampp\htdocs\Proyecto_olivos_nicolas\system\CodeIgniter.php(326): CodeIgniter\CodeIgniter->handleRequest(NULL, Object(Config\Cache), false)
#8 C:\xampp\htdocs\Proyecto_olivos_nicolas\index.php(37): CodeIgniter\CodeIgniter->run()
#9 {main}
CRITICAL - 2023-06-12 04:58:58 --> Undefined variable $consultas_estado
#0 C:\xampp\htdocs\Proyecto_olivos_nicolas\app\Controllers\Consulta_controller.php(64): CodeIgniter\Debug\Exceptions->errorHandler(2, 'Undefined varia...', 'C:\\xampp\\htdocs...', 64)
#1 C:\xampp\htdocs\Proyecto_olivos_nicolas\system\Autoloader\Autoloader.php(264): include_once('C:\\xampp\\htdocs...')
#2 C:\xampp\htdocs\Proyecto_olivos_nicolas\system\Autoloader\Autoloader.php(241): CodeIgniter\Autoloader\Autoloader->includeFile('C:\\xampp\\htdocs...')
#3 C:\xampp\htdocs\Proyecto_olivos_nicolas\system\Autoloader\Autoloader.php(219): CodeIgniter\Autoloader\Autoloader->loadInNamespace('App\\Controllers...')
#4 [internal function]: CodeIgniter\Autoloader\Autoloader->loadClass('App\\Controllers...')
#5 C:\xampp\htdocs\Proyecto_olivos_nicolas\system\CodeIgniter.php(797): class_exists('\\App\\Controller...', true)
#6 C:\xampp\htdocs\Proyecto_olivos_nicolas\system\CodeIgniter.php(406): CodeIgniter\CodeIgniter->startController()
#7 C:\xampp\htdocs\Proyecto_olivos_nicolas\system\CodeIgniter.php(326): CodeIgniter\CodeIgniter->handleRequest(NULL, Object(Config\Cache), false)
#8 C:\xampp\htdocs\Proyecto_olivos_nicolas\index.php(37): CodeIgniter\CodeIgniter->run()
#9 {main}
CRITICAL - 2023-06-12 05:01:21 --> Undefined variable $consultas_estado
#0 C:\xampp\htdocs\Proyecto_olivos_nicolas\app\Controllers\Consulta_controller.php(64): CodeIgniter\Debug\Exceptions->errorHandler(2, 'Undefined varia...', 'C:\\xampp\\htdocs...', 64)
#1 C:\xampp\htdocs\Proyecto_olivos_nicolas\system\Autoloader\Autoloader.php(264): include_once('C:\\xampp\\htdocs...')
#2 C:\xampp\htdocs\Proyecto_olivos_nicolas\system\Autoloader\Autoloader.php(241): CodeIgniter\Autoloader\Autoloader->includeFile('C:\\xampp\\htdocs...')
#3 C:\xampp\htdocs\Proyecto_olivos_nicolas\system\Autoloader\Autoloader.php(219): CodeIgniter\Autoloader\Autoloader->loadInNamespace('App\\Controllers...')
#4 [internal function]: CodeIgniter\Autoloader\Autoloader->loadClass('App\\Controllers...')
#5 C:\xampp\htdocs\Proyecto_olivos_nicolas\system\CodeIgniter.php(797): class_exists('\\App\\Controller...', true)
#6 C:\xampp\htdocs\Proyecto_olivos_nicolas\system\CodeIgniter.php(406): CodeIgniter\CodeIgniter->startController()
#7 C:\xampp\htdocs\Proyecto_olivos_nicolas\system\CodeIgniter.php(326): CodeIgniter\CodeIgniter->handleRequest(NULL, Object(Config\Cache), false)
#8 C:\xampp\htdocs\Proyecto_olivos_nicolas\index.php(37): CodeIgniter\CodeIgniter->run()
#9 {main}
CRITICAL - 2023-06-12 05:08:10 --> syntax error, unexpected token "/"
#0 C:\xampp\htdocs\Proyecto_olivos_nicolas\system\Autoloader\Autoloader.php(241): CodeIgniter\Autoloader\Autoloader->includeFile('C:\\xampp\\htdocs...')
#1 C:\xampp\htdocs\Proyecto_olivos_nicolas\system\Autoloader\Autoloader.php(219): CodeIgniter\Autoloader\Autoloader->loadInNamespace('App\\Controllers...')
#2 [internal function]: CodeIgniter\Autoloader\Autoloader->loadClass('App\\Controllers...')
#3 C:\xampp\htdocs\Proyecto_olivos_nicolas\system\CodeIgniter.php(797): class_exists('\\App\\Controller...', true)
#4 C:\xampp\htdocs\Proyecto_olivos_nicolas\system\CodeIgniter.php(406): CodeIgniter\CodeIgniter->startController()
#5 C:\xampp\htdocs\Proyecto_olivos_nicolas\system\CodeIgniter.php(326): CodeIgniter\CodeIgniter->handleRequest(NULL, Object(Config\Cache), false)
#6 C:\xampp\htdocs\Proyecto_olivos_nicolas\index.php(37): CodeIgniter\CodeIgniter->run()
#7 {main}
CRITICAL - 2023-06-12 07:40:47 --> Undefined variable $datos
#0 C:\xampp\htdocs\Proyecto_olivos_nicolas\app\Controllers\Consulta_controller.php(47): CodeIgniter\Debug\Exceptions->errorHandler(2, 'Undefined varia...', 'C:\\xampp\\htdocs...', 47)
#1 C:\xampp\htdocs\Proyecto_olivos_nicolas\system\CodeIgniter.php(832): App\Controllers\Consulta_controller->ver_consulta()
#2 C:\xampp\htdocs\Proyecto_olivos_nicolas\system\CodeIgniter.php(419): CodeIgniter\CodeIgniter->runController(Object(App\Controllers\Consulta_controller))
#3 C:\xampp\htdocs\Proyecto_olivos_nicolas\system\CodeIgniter.php(326): CodeIgniter\CodeIgniter->handleRequest(NULL, Object(Config\Cache), false)
#4 C:\xampp\htdocs\Proyecto_olivos_nicolas\index.php(37): CodeIgniter\CodeIgniter->run()
#5 {main}
CRITICAL - 2023-06-12 12:17:35 --> Undefined variable $lib
#0 C:\xampp\htdocs\Proyecto_olivos_nicolas\app\Views\back\consulta\consulta_vista.php(39): CodeIgniter\Debug\Exceptions->errorHandler(2, 'Undefined varia...', 'C:\\xampp\\htdocs...', 39)
#1 C:\xampp\htdocs\Proyecto_olivos_nicolas\system\View\View.php(210): include('C:\\xampp\\htdocs...')
#2 C:\xampp\htdocs\Proyecto_olivos_nicolas\system\View\View.php(213): CodeIgniter\View\View->CodeIgniter\View\{closure}()
#3 C:\xampp\htdocs\Proyecto_olivos_nicolas\system\Common.php(1089): CodeIgniter\View\View->render('back/consulta/c...', Array, true)
#4 C:\xampp\htdocs\Proyecto_olivos_nicolas\app\Controllers\Consulta_controller.php(47): view('back/consulta/c...', Array)
#5 C:\xampp\htdocs\Proyecto_olivos_nicolas\system\CodeIgniter.php(832): App\Controllers\Consulta_controller->ver_consulta()
#6 C:\xampp\htdocs\Proyecto_olivos_nicolas\system\CodeIgniter.php(419): CodeIgniter\CodeIgniter->runController(Object(App\Controllers\Consulta_controller))
#7 C:\xampp\htdocs\Proyecto_olivos_nicolas\system\CodeIgniter.php(326): CodeIgniter\CodeIgniter->handleRequest(NULL, Object(Config\Cache), false)
#8 C:\xampp\htdocs\Proyecto_olivos_nicolas\index.php(37): CodeIgniter\CodeIgniter->run()
#9 {main}
CRITICAL - 2023-06-12 12:18:41 --> syntax error, unexpected token "endforeach"
#0 C:\xampp\htdocs\Proyecto_olivos_nicolas\system\View\View.php(213): CodeIgniter\View\View->CodeIgniter\View\{closure}()
#1 C:\xampp\htdocs\Proyecto_olivos_nicolas\system\Common.php(1089): CodeIgniter\View\View->render('back/consulta/c...', Array, true)
#2 C:\xampp\htdocs\Proyecto_olivos_nicolas\app\Controllers\Consulta_controller.php(47): view('back/consulta/c...', Array)
#3 C:\xampp\htdocs\Proyecto_olivos_nicolas\system\CodeIgniter.php(832): App\Controllers\Consulta_controller->ver_consulta()
#4 C:\xampp\htdocs\Proyecto_olivos_nicolas\system\CodeIgniter.php(419): CodeIgniter\CodeIgniter->runController(Object(App\Controllers\Consulta_controller))
#5 C:\xampp\htdocs\Proyecto_olivos_nicolas\system\CodeIgniter.php(326): CodeIgniter\CodeIgniter->handleRequest(NULL, Object(Config\Cache), false)
#6 C:\xampp\htdocs\Proyecto_olivos_nicolas\index.php(37): CodeIgniter\CodeIgniter->run()
#7 {main}
CRITICAL - 2023-06-12 12:22:35 --> Undefined variable $users
#0 C:\xampp\htdocs\Proyecto_olivos_nicolas\app\Views\back\consulta\consulta_vista.php(25): CodeIgniter\Debug\Exceptions->errorHandler(2, 'Undefined varia...', 'C:\\xampp\\htdocs...', 25)
#1 C:\xampp\htdocs\Proyecto_olivos_nicolas\system\View\View.php(210): include('C:\\xampp\\htdocs...')
#2 C:\xampp\htdocs\Proyecto_olivos_nicolas\system\View\View.php(213): CodeIgniter\View\View->CodeIgniter\View\{closure}()
#3 C:\xampp\htdocs\Proyecto_olivos_nicolas\system\Common.php(1089): CodeIgniter\View\View->render('back/consulta/c...', Array, true)
#4 C:\xampp\htdocs\Proyecto_olivos_nicolas\app\Controllers\Consulta_controller.php(47): view('back/consulta/c...', Array)
#5 C:\xampp\htdocs\Proyecto_olivos_nicolas\system\CodeIgniter.php(832): App\Controllers\Consulta_controller->ver_consulta()
#6 C:\xampp\htdocs\Proyecto_olivos_nicolas\system\CodeIgniter.php(419): CodeIgniter\CodeIgniter->runController(Object(App\Controllers\Consulta_controller))
#7 C:\xampp\htdocs\Proyecto_olivos_nicolas\system\CodeIgniter.php(326): CodeIgniter\CodeIgniter->handleRequest(NULL, Object(Config\Cache), false)
#8 C:\xampp\htdocs\Proyecto_olivos_nicolas\index.php(37): CodeIgniter\CodeIgniter->run()
#9 {main}
CRITICAL - 2023-06-12 13:14:14 --> syntax error, unexpected token "public", expecting end of file
#0 C:\xampp\htdocs\Proyecto_olivos_nicolas\system\Autoloader\Autoloader.php(241): CodeIgniter\Autoloader\Autoloader->includeFile('C:\\xampp\\htdocs...')
#1 C:\xampp\htdocs\Proyecto_olivos_nicolas\system\Autoloader\Autoloader.php(219): CodeIgniter\Autoloader\Autoloader->loadInNamespace('App\\Controllers...')
#2 [internal function]: CodeIgniter\Autoloader\Autoloader->loadClass('App\\Controllers...')
#3 C:\xampp\htdocs\Proyecto_olivos_nicolas\system\CodeIgniter.php(797): class_exists('\\App\\Controller...', true)
#4 C:\xampp\htdocs\Proyecto_olivos_nicolas\system\CodeIgniter.php(406): CodeIgniter\CodeIgniter->startController()
#5 C:\xampp\htdocs\Proyecto_olivos_nicolas\system\CodeIgniter.php(326): CodeIgniter\CodeIgniter->handleRequest(NULL, Object(Config\Cache), false)
#6 C:\xampp\htdocs\Proyecto_olivos_nicolas\index.php(37): CodeIgniter\CodeIgniter->run()
#7 {main}
CRITICAL - 2023-06-12 13:36:00 --> syntax error, unexpected token "=>"
#0 C:\xampp\htdocs\Proyecto_olivos_nicolas\system\Autoloader\Autoloader.php(241): CodeIgniter\Autoloader\Autoloader->includeFile('C:\\xampp\\htdocs...')
#1 C:\xampp\htdocs\Proyecto_olivos_nicolas\system\Autoloader\Autoloader.php(219): CodeIgniter\Autoloader\Autoloader->loadInNamespace('App\\Controllers...')
#2 [internal function]: CodeIgniter\Autoloader\Autoloader->loadClass('App\\Controllers...')
#3 C:\xampp\htdocs\Proyecto_olivos_nicolas\system\CodeIgniter.php(797): class_exists('\\App\\Controller...', true)
#4 C:\xampp\htdocs\Proyecto_olivos_nicolas\system\CodeIgniter.php(406): CodeIgniter\CodeIgniter->startController()
#5 C:\xampp\htdocs\Proyecto_olivos_nicolas\system\CodeIgniter.php(326): CodeIgniter\CodeIgniter->handleRequest(NULL, Object(Config\Cache), false)
#6 C:\xampp\htdocs\Proyecto_olivos_nicolas\index.php(37): CodeIgniter\CodeIgniter->run()
#7 {main}
CRITICAL - 2023-06-12 14:13:14 --> Array to string conversion
#0 C:\xampp\htdocs\Proyecto_olivos_nicolas\app\Views\back\consulta\consulta_vista.php(38): CodeIgniter\Debug\Exceptions->errorHandler(2, 'Array to string...', 'C:\\xampp\\htdocs...', 38)
#1 C:\xampp\htdocs\Proyecto_olivos_nicolas\system\View\View.php(210): include('C:\\xampp\\htdocs...')
#2 C:\xampp\htdocs\Proyecto_olivos_nicolas\system\View\View.php(213): CodeIgniter\View\View->CodeIgniter\View\{closure}()
#3 C:\xampp\htdocs\Proyecto_olivos_nicolas\system\Common.php(1089): CodeIgniter\View\View->render('back/consulta/c...', Array, true)
#4 C:\xampp\htdocs\Proyecto_olivos_nicolas\app\Controllers\Consulta_controller.php(43): view('back/consulta/c...', Array)
#5 C:\xampp\htdocs\Proyecto_olivos_nicolas\system\CodeIgniter.php(832): App\Controllers\Consulta_controller->ver_consulta()
#6 C:\xampp\htdocs\Proyecto_olivos_nicolas\system\CodeIgniter.php(419): CodeIgniter\CodeIgniter->runController(Object(App\Controllers\Consulta_controller))
#7 C:\xampp\htdocs\Proyecto_olivos_nicolas\system\CodeIgniter.php(326): CodeIgniter\CodeIgniter->handleRequest(NULL, Object(Config\Cache), false)
#8 C:\xampp\htdocs\Proyecto_olivos_nicolas\index.php(37): CodeIgniter\CodeIgniter->run()
#9 {main}
CRITICAL - 2023-06-12 14:13:16 --> Array to string conversion
#0 C:\xampp\htdocs\Proyecto_olivos_nicolas\app\Views\back\consulta\consulta_vista.php(38): CodeIgniter\Debug\Exceptions->errorHandler(2, 'Array to string...', 'C:\\xampp\\htdocs...', 38)
#1 C:\xampp\htdocs\Proyecto_olivos_nicolas\system\View\View.php(210): include('C:\\xampp\\htdocs...')
#2 C:\xampp\htdocs\Proyecto_olivos_nicolas\system\View\View.php(213): CodeIgniter\View\View->CodeIgniter\View\{closure}()
#3 C:\xampp\htdocs\Proyecto_olivos_nicolas\system\Common.php(1089): CodeIgniter\View\View->render('back/consulta/c...', Array, true)
#4 C:\xampp\htdocs\Proyecto_olivos_nicolas\app\Controllers\Consulta_controller.php(43): view('back/consulta/c...', Array)
#5 C:\xampp\htdocs\Proyecto_olivos_nicolas\system\CodeIgniter.php(832): App\Controllers\Consulta_controller->ver_consulta()
#6 C:\xampp\htdocs\Proyecto_olivos_nicolas\system\CodeIgniter.php(419): CodeIgniter\CodeIgniter->runController(Object(App\Controllers\Consulta_controller))
#7 C:\xampp\htdocs\Proyecto_olivos_nicolas\system\CodeIgniter.php(326): CodeIgniter\CodeIgniter->handleRequest(NULL, Object(Config\Cache), false)
#8 C:\xampp\htdocs\Proyecto_olivos_nicolas\index.php(37): CodeIgniter\CodeIgniter->run()
#9 {main}
CRITICAL - 2023-06-12 14:24:08 --> There is no data to update.
#0 C:\xampp\htdocs\Proyecto_olivos_nicolas\system\BaseModel.php(1574): CodeIgniter\Database\Exceptions\DataException::forEmptyDataset('update')
#1 C:\xampp\htdocs\Proyecto_olivos_nicolas\system\BaseModel.php(832): CodeIgniter\BaseModel->transformDataToArray(NULL, 'update')
#2 C:\xampp\htdocs\Proyecto_olivos_nicolas\system\Model.php(651): CodeIgniter\BaseModel->update(NULL, NULL)
#3 C:\xampp\htdocs\Proyecto_olivos_nicolas\app\Controllers\Consulta_controller.php(52): CodeIgniter\Model->update(NULL)
#4 C:\xampp\htdocs\Proyecto_olivos_nicolas\system\CodeIgniter.php(832): App\Controllers\Consulta_controller->contestar('4')
#5 C:\xampp\htdocs\Proyecto_olivos_nicolas\system\CodeIgniter.php(419): CodeIgniter\CodeIgniter->runController(Object(App\Controllers\Consulta_controller))
#6 C:\xampp\htdocs\Proyecto_olivos_nicolas\system\CodeIgniter.php(326): CodeIgniter\CodeIgniter->handleRequest(NULL, Object(Config\Cache), false)
#7 C:\xampp\htdocs\Proyecto_olivos_nicolas\index.php(37): CodeIgniter\CodeIgniter->run()
#8 {main}
CRITICAL - 2023-06-12 14:24:13 --> There is no data to update.
#0 C:\xampp\htdocs\Proyecto_olivos_nicolas\system\BaseModel.php(1574): CodeIgniter\Database\Exceptions\DataException::forEmptyDataset('update')
#1 C:\xampp\htdocs\Proyecto_olivos_nicolas\system\BaseModel.php(832): CodeIgniter\BaseModel->transformDataToArray(NULL, 'update')
#2 C:\xampp\htdocs\Proyecto_olivos_nicolas\system\Model.php(651): CodeIgniter\BaseModel->update(NULL, NULL)
#3 C:\xampp\htdocs\Proyecto_olivos_nicolas\app\Controllers\Consulta_controller.php(52): CodeIgniter\Model->update(NULL)
#4 C:\xampp\htdocs\Proyecto_olivos_nicolas\system\CodeIgniter.php(832): App\Controllers\Consulta_controller->contestar('4')
#5 C:\xampp\htdocs\Proyecto_olivos_nicolas\system\CodeIgniter.php(419): CodeIgniter\CodeIgniter->runController(Object(App\Controllers\Consulta_controller))
#6 C:\xampp\htdocs\Proyecto_olivos_nicolas\system\CodeIgniter.php(326): CodeIgniter\CodeIgniter->handleRequest(NULL, Object(Config\Cache), false)
#7 C:\xampp\htdocs\Proyecto_olivos_nicolas\index.php(37): CodeIgniter\CodeIgniter->run()
#8 {main}
CRITICAL - 2023-06-12 14:24:34 --> There is no data to update.
#0 C:\xampp\htdocs\Proyecto_olivos_nicolas\system\BaseModel.php(1574): CodeIgniter\Database\Exceptions\DataException::forEmptyDataset('update')
#1 C:\xampp\htdocs\Proyecto_olivos_nicolas\system\BaseModel.php(832): CodeIgniter\BaseModel->transformDataToArray(NULL, 'update')
#2 C:\xampp\htdocs\Proyecto_olivos_nicolas\system\Model.php(651): CodeIgniter\BaseModel->update(NULL, NULL)
#3 C:\xampp\htdocs\Proyecto_olivos_nicolas\app\Controllers\Consulta_controller.php(52): CodeIgniter\Model->update(NULL)
#4 C:\xampp\htdocs\Proyecto_olivos_nicolas\system\CodeIgniter.php(832): App\Controllers\Consulta_controller->contestar('4')
#5 C:\xampp\htdocs\Proyecto_olivos_nicolas\system\CodeIgniter.php(419): CodeIgniter\CodeIgniter->runController(Object(App\Controllers\Consulta_controller))
#6 C:\xampp\htdocs\Proyecto_olivos_nicolas\system\CodeIgniter.php(326): CodeIgniter\CodeIgniter->handleRequest(NULL, Object(Config\Cache), false)
#7 C:\xampp\htdocs\Proyecto_olivos_nicolas\index.php(37): CodeIgniter\CodeIgniter->run()
#8 {main}
CRITICAL - 2023-06-12 14:26:09 --> There is no data to update.
#0 C:\xampp\htdocs\Proyecto_olivos_nicolas\system\BaseModel.php(1574): CodeIgniter\Database\Exceptions\DataException::forEmptyDataset('update')
#1 C:\xampp\htdocs\Proyecto_olivos_nicolas\system\BaseModel.php(832): CodeIgniter\BaseModel->transformDataToArray(NULL, 'update')
#2 C:\xampp\htdocs\Proyecto_olivos_nicolas\system\Model.php(651): CodeIgniter\BaseModel->update(NULL, NULL)
#3 C:\xampp\htdocs\Proyecto_olivos_nicolas\app\Controllers\Consulta_controller.php(53): CodeIgniter\Model->update(NULL)
#4 C:\xampp\htdocs\Proyecto_olivos_nicolas\system\CodeIgniter.php(832): App\Controllers\Consulta_controller->contestar('4')
#5 C:\xampp\htdocs\Proyecto_olivos_nicolas\system\CodeIgniter.php(419): CodeIgniter\CodeIgniter->runController(Object(App\Controllers\Consulta_controller))
#6 C:\xampp\htdocs\Proyecto_olivos_nicolas\system\CodeIgniter.php(326): CodeIgniter\CodeIgniter->handleRequest(NULL, Object(Config\Cache), false)
#7 C:\xampp\htdocs\Proyecto_olivos_nicolas\index.php(37): CodeIgniter\CodeIgniter->run()
#8 {main}
CRITICAL - 2023-06-12 14:26:37 --> There is no data to update.
#0 C:\xampp\htdocs\Proyecto_olivos_nicolas\system\BaseModel.php(1574): CodeIgniter\Database\Exceptions\DataException::forEmptyDataset('update')
#1 C:\xampp\htdocs\Proyecto_olivos_nicolas\system\BaseModel.php(832): CodeIgniter\BaseModel->transformDataToArray(NULL, 'update')
#2 C:\xampp\htdocs\Proyecto_olivos_nicolas\system\Model.php(651): CodeIgniter\BaseModel->update(NULL, NULL)
#3 C:\xampp\htdocs\Proyecto_olivos_nicolas\app\Controllers\Consulta_controller.php(53): CodeIgniter\Model->update(NULL)
#4 C:\xampp\htdocs\Proyecto_olivos_nicolas\system\CodeIgniter.php(832): App\Controllers\Consulta_controller->contestar('4')
#5 C:\xampp\htdocs\Proyecto_olivos_nicolas\system\CodeIgniter.php(419): CodeIgniter\CodeIgniter->runController(Object(App\Controllers\Consulta_controller))
#6 C:\xampp\htdocs\Proyecto_olivos_nicolas\system\CodeIgniter.php(326): CodeIgniter\CodeIgniter->handleRequest(NULL, Object(Config\Cache), false)
#7 C:\xampp\htdocs\Proyecto_olivos_nicolas\index.php(37): CodeIgniter\CodeIgniter->run()
#8 {main}
CRITICAL - 2023-06-12 14:26:47 --> Unclosed '{' on line 8
#0 C:\xampp\htdocs\Proyecto_olivos_nicolas\system\Autoloader\Autoloader.php(241): CodeIgniter\Autoloader\Autoloader->includeFile('C:\\xampp\\htdocs...')
#1 C:\xampp\htdocs\Proyecto_olivos_nicolas\system\Autoloader\Autoloader.php(219): CodeIgniter\Autoloader\Autoloader->loadInNamespace('App\\Controllers...')
#2 [internal function]: CodeIgniter\Autoloader\Autoloader->loadClass('App\\Controllers...')
#3 C:\xampp\htdocs\Proyecto_olivos_nicolas\system\CodeIgniter.php(797): class_exists('\\App\\Controller...', true)
#4 C:\xampp\htdocs\Proyecto_olivos_nicolas\system\CodeIgniter.php(406): CodeIgniter\CodeIgniter->startController()
#5 C:\xampp\htdocs\Proyecto_olivos_nicolas\system\CodeIgniter.php(326): CodeIgniter\CodeIgniter->handleRequest(NULL, Object(Config\Cache), false)
#6 C:\xampp\htdocs\Proyecto_olivos_nicolas\index.php(37): CodeIgniter\CodeIgniter->run()
#7 {main}
CRITICAL - 2023-06-12 21:45:46 --> Creation of dynamic property App\Controllers\ventas_controller::$session is deprecated
#0 C:\xampp\htdocs\Proyecto_olivos_nicolas\app\Controllers\ventas_controller.php(16): CodeIgniter\Debug\Exceptions->errorHandler(8192, 'Creation of dyn...', 'C:\\xampp\\htdocs...', 16)
#1 C:\xampp\htdocs\Proyecto_olivos_nicolas\system\CodeIgniter.php(809): App\Controllers\ventas_controller->__construct()
#2 C:\xampp\htdocs\Proyecto_olivos_nicolas\system\CodeIgniter.php(410): CodeIgniter\CodeIgniter->createController()
#3 C:\xampp\htdocs\Proyecto_olivos_nicolas\system\CodeIgniter.php(326): CodeIgniter\CodeIgniter->handleRequest(NULL, Object(Config\Cache), false)
#4 C:\xampp\htdocs\Proyecto_olivos_nicolas\index.php(37): CodeIgniter\CodeIgniter->run()
#5 {main}
CRITICAL - 2023-06-12 21:46:03 --> Creation of dynamic property App\Controllers\ventas_controller::$session is deprecated
#0 C:\xampp\htdocs\Proyecto_olivos_nicolas\app\Controllers\ventas_controller.php(16): CodeIgniter\Debug\Exceptions->errorHandler(8192, 'Creation of dyn...', 'C:\\xampp\\htdocs...', 16)
#1 C:\xampp\htdocs\Proyecto_olivos_nicolas\system\CodeIgniter.php(809): App\Controllers\ventas_controller->__construct()
#2 C:\xampp\htdocs\Proyecto_olivos_nicolas\system\CodeIgniter.php(410): CodeIgniter\CodeIgniter->createController()
#3 C:\xampp\htdocs\Proyecto_olivos_nicolas\system\CodeIgniter.php(326): CodeIgniter\CodeIgniter->handleRequest(NULL, Object(Config\Cache), false)
#4 C:\xampp\htdocs\Proyecto_olivos_nicolas\index.php(37): CodeIgniter\CodeIgniter->run()
#5 {main}
CRITICAL - 2023-06-12 21:51:43 --> Creation of dynamic property App\Controllers\ventas_controller::$session is deprecated
#0 C:\xampp\htdocs\Proyecto_olivos_nicolas\app\Controllers\ventas_controller.php(16): CodeIgniter\Debug\Exceptions->errorHandler(8192, 'Creation of dyn...', 'C:\\xampp\\htdocs...', 16)
#1 C:\xampp\htdocs\Proyecto_olivos_nicolas\system\CodeIgniter.php(809): App\Controllers\ventas_controller->__construct()
#2 C:\xampp\htdocs\Proyecto_olivos_nicolas\system\CodeIgniter.php(410): CodeIgniter\CodeIgniter->createController()
#3 C:\xampp\htdocs\Proyecto_olivos_nicolas\system\CodeIgniter.php(326): CodeIgniter\CodeIgniter->handleRequest(NULL, Object(Config\Cache), false)
#4 C:\xampp\htdocs\Proyecto_olivos_nicolas\index.php(37): CodeIgniter\CodeIgniter->run()
#5 {main}
CRITICAL - 2023-06-12 22:24:02 --> Creation of dynamic property App\Controllers\ventas_controller::$session is deprecated
#0 C:\xampp\htdocs\Proyecto_olivos_nicolas\app\Controllers\ventas_controller.php(16): CodeIgniter\Debug\Exceptions->errorHandler(8192, 'Creation of dyn...', 'C:\\xampp\\htdocs...', 16)
#1 C:\xampp\htdocs\Proyecto_olivos_nicolas\system\CodeIgniter.php(809): App\Controllers\ventas_controller->__construct()
#2 C:\xampp\htdocs\Proyecto_olivos_nicolas\system\CodeIgniter.php(410): CodeIgniter\CodeIgniter->createController()
#3 C:\xampp\htdocs\Proyecto_olivos_nicolas\system\CodeIgniter.php(326): CodeIgniter\CodeIgniter->handleRequest(NULL, Object(Config\Cache), false)
#4 C:\xampp\htdocs\Proyecto_olivos_nicolas\index.php(37): CodeIgniter\CodeIgniter->run()
#5 {main}
ERROR - 2023-06-12 22:28:05 --> Unknown column 'usuario_id' in 'field list'
CRITICAL - 2023-06-12 22:28:05 --> Unknown column 'usuario_id' in 'field list'
#0 C:\xampp\htdocs\Proyecto_olivos_nicolas\system\Database\MySQLi\Connection.php(292): mysqli->query('INSERT INTO `ve...', 0)
#1 C:\xampp\htdocs\Proyecto_olivos_nicolas\system\Database\BaseConnection.php(670): CodeIgniter\Database\MySQLi\Connection->execute('INSERT INTO `ve...')
#2 C:\xampp\htdocs\Proyecto_olivos_nicolas\system\Database\BaseConnection.php(598): CodeIgniter\Database\BaseConnection->simpleQuery('INSERT INTO `ve...')
#3 C:\xampp\htdocs\Proyecto_olivos_nicolas\system\Database\BaseBuilder.php(1771): CodeIgniter\Database\BaseConnection->query('INSERT INTO `ve...', Array, false)
#4 C:\xampp\htdocs\Proyecto_olivos_nicolas\system\Model.php(239): CodeIgniter\Database\BaseBuilder->insert()
#5 C:\xampp\htdocs\Proyecto_olivos_nicolas\system\BaseModel.php(738): CodeIgniter\Model->doInsert(Array)
#6 C:\xampp\htdocs\Proyecto_olivos_nicolas\system\Model.php(625): CodeIgniter\BaseModel->insert(Array, true)
#7 C:\xampp\htdocs\Proyecto_olivos_nicolas\app\Controllers\ventas_controller.php(37): CodeIgniter\Model->insert(Array)
#8 C:\xampp\htdocs\Proyecto_olivos_nicolas\system\CodeIgniter.php(832): App\Controllers\ventas_controller->compra()
#9 C:\xampp\htdocs\Proyecto_olivos_nicolas\system\CodeIgniter.php(419): CodeIgniter\CodeIgniter->runController(Object(App\Controllers\ventas_controller))
#10 C:\xampp\htdocs\Proyecto_olivos_nicolas\system\CodeIgniter.php(326): CodeIgniter\CodeIgniter->handleRequest(NULL, Object(Config\Cache), false)
#11 C:\xampp\htdocs\Proyecto_olivos_nicolas\index.php(37): CodeIgniter\CodeIgniter->run()
#12 {main}
ERROR - 2023-06-12 22:30:49 --> Unknown column 'fecha' in 'field list'
CRITICAL - 2023-06-12 22:30:49 --> Unknown column 'fecha' in 'field list'
#0 C:\xampp\htdocs\Proyecto_olivos_nicolas\system\Database\MySQLi\Connection.php(292): mysqli->query('INSERT INTO `ve...', 0)
#1 C:\xampp\htdocs\Proyecto_olivos_nicolas\system\Database\BaseConnection.php(670): CodeIgniter\Database\MySQLi\Connection->execute('INSERT INTO `ve...')
#2 C:\xampp\htdocs\Proyecto_olivos_nicolas\system\Database\BaseConnection.php(598): CodeIgniter\Database\BaseConnection->simpleQuery('INSERT INTO `ve...')
#3 C:\xampp\htdocs\Proyecto_olivos_nicolas\system\Database\BaseBuilder.php(1771): CodeIgniter\Database\BaseConnection->query('INSERT INTO `ve...', Array, false)
#4 C:\xampp\htdocs\Proyecto_olivos_nicolas\system\Model.php(239): CodeIgniter\Database\BaseBuilder->insert()
#5 C:\xampp\htdocs\Proyecto_olivos_nicolas\system\BaseModel.php(738): CodeIgniter\Model->doInsert(Array)
#6 C:\xampp\htdocs\Proyecto_olivos_nicolas\system\Model.php(625): CodeIgniter\BaseModel->insert(Array, true)
#7 C:\xampp\htdocs\Proyecto_olivos_nicolas\app\Controllers\ventas_controller.php(37): CodeIgniter\Model->insert(Array)
#8 C:\xampp\htdocs\Proyecto_olivos_nicolas\system\CodeIgniter.php(832): App\Controllers\ventas_controller->compra()
#9 C:\xampp\htdocs\Proyecto_olivos_nicolas\system\CodeIgniter.php(419): CodeIgniter\CodeIgniter->runController(Object(App\Controllers\ventas_controller))
#10 C:\xampp\htdocs\Proyecto_olivos_nicolas\system\CodeIgniter.php(326): CodeIgniter\CodeIgniter->handleRequest(NULL, Object(Config\Cache), false)
#11 C:\xampp\htdocs\Proyecto_olivos_nicolas\index.php(37): CodeIgniter\CodeIgniter->run()
#12 {main}
ERROR - 2023-06-12 22:31:38 --> Cannot add or update a child row: a foreign key constraint fails (`olivos_nicolas`.`ventas_cabecera`, CONSTRAINT `ventas_cabecera_ibfk_1` FOREIGN KEY (`id_cliente`) REFERENCES `usuarios` (`id_usuario`))
CRITICAL - 2023-06-12 22:31:38 --> Cannot add or update a child row: a foreign key constraint fails (`olivos_nicolas`.`ventas_cabecera`, CONSTRAINT `ventas_cabecera_ibfk_1` FOREIGN KEY (`id_cliente`) REFERENCES `usuarios` (`id_usuario`))
#0 C:\xampp\htdocs\Proyecto_olivos_nicolas\system\Database\MySQLi\Connection.php(292): mysqli->query('INSERT INTO `ve...', 0)
#1 C:\xampp\htdocs\Proyecto_olivos_nicolas\system\Database\BaseConnection.php(670): CodeIgniter\Database\MySQLi\Connection->execute('INSERT INTO `ve...')
#2 C:\xampp\htdocs\Proyecto_olivos_nicolas\system\Database\BaseConnection.php(598): CodeIgniter\Database\BaseConnection->simpleQuery('INSERT INTO `ve...')
#3 C:\xampp\htdocs\Proyecto_olivos_nicolas\system\Database\BaseBuilder.php(1771): CodeIgniter\Database\BaseConnection->query('INSERT INTO `ve...', Array, false)
#4 C:\xampp\htdocs\Proyecto_olivos_nicolas\system\Model.php(239): CodeIgniter\Database\BaseBuilder->insert()
#5 C:\xampp\htdocs\Proyecto_olivos_nicolas\system\BaseModel.php(738): CodeIgniter\Model->doInsert(Array)
#6 C:\xampp\htdocs\Proyecto_olivos_nicolas\system\Model.php(625): CodeIgniter\BaseModel->insert(Array, true)
#7 C:\xampp\htdocs\Proyecto_olivos_nicolas\app\Controllers\ventas_controller.php(37): CodeIgniter\Model->insert(Array)
#8 C:\xampp\htdocs\Proyecto_olivos_nicolas\system\CodeIgniter.php(832): App\Controllers\ventas_controller->compra()
#9 C:\xampp\htdocs\Proyecto_olivos_nicolas\system\CodeIgniter.php(419): CodeIgniter\CodeIgniter->runController(Object(App\Controllers\ventas_controller))
#10 C:\xampp\htdocs\Proyecto_olivos_nicolas\system\CodeIgniter.php(326): CodeIgniter\CodeIgniter->handleRequest(NULL, Object(Config\Cache), false)
#11 C:\xampp\htdocs\Proyecto_olivos_nicolas\index.php(37): CodeIgniter\CodeIgniter->run()
#12 {main}
ERROR - 2023-06-12 22:42:41 --> Cannot add or update a child row: a foreign key constraint fails (`olivos_nicolas`.`ventas_cabecera`, CONSTRAINT `ventas_cabecera_ibfk_1` FOREIGN KEY (`id_cliente`) REFERENCES `usuarios` (`id_usuario`))
CRITICAL - 2023-06-12 22:42:41 --> Cannot add or update a child row: a foreign key constraint fails (`olivos_nicolas`.`ventas_cabecera`, CONSTRAINT `ventas_cabecera_ibfk_1` FOREIGN KEY (`id_cliente`) REFERENCES `usuarios` (`id_usuario`))
#0 C:\xampp\htdocs\Proyecto_olivos_nicolas\system\Database\MySQLi\Connection.php(292): mysqli->query('INSERT INTO `ve...', 0)
#1 C:\xampp\htdocs\Proyecto_olivos_nicolas\system\Database\BaseConnection.php(670): CodeIgniter\Database\MySQLi\Connection->execute('INSERT INTO `ve...')
#2 C:\xampp\htdocs\Proyecto_olivos_nicolas\system\Database\BaseConnection.php(598): CodeIgniter\Database\BaseConnection->simpleQuery('INSERT INTO `ve...')
#3 C:\xampp\htdocs\Proyecto_olivos_nicolas\system\Database\BaseBuilder.php(1771): CodeIgniter\Database\BaseConnection->query('INSERT INTO `ve...', Array, false)
#4 C:\xampp\htdocs\Proyecto_olivos_nicolas\system\Model.php(239): CodeIgniter\Database\BaseBuilder->insert()
#5 C:\xampp\htdocs\Proyecto_olivos_nicolas\system\BaseModel.php(738): CodeIgniter\Model->doInsert(Array)
#6 C:\xampp\htdocs\Proyecto_olivos_nicolas\system\Model.php(625): CodeIgniter\BaseModel->insert(Array, true)
#7 C:\xampp\htdocs\Proyecto_olivos_nicolas\app\Controllers\ventas_controller.php(37): CodeIgniter\Model->insert(Array)
#8 C:\xampp\htdocs\Proyecto_olivos_nicolas\system\CodeIgniter.php(832): App\Controllers\ventas_controller->compra()
#9 C:\xampp\htdocs\Proyecto_olivos_nicolas\system\CodeIgniter.php(419): CodeIgniter\CodeIgniter->runController(Object(App\Controllers\ventas_controller))
#10 C:\xampp\htdocs\Proyecto_olivos_nicolas\system\CodeIgniter.php(326): CodeIgniter\CodeIgniter->handleRequest(NULL, Object(Config\Cache), false)
#11 C:\xampp\htdocs\Proyecto_olivos_nicolas\index.php(37): CodeIgniter\CodeIgniter->run()
#12 {main}
ERROR - 2023-06-12 22:51:16 --> Cannot add or update a child row: a foreign key constraint fails (`olivos_nicolas`.`ventas_cabecera`, CONSTRAINT `ventas_cabecera_ibfk_1` FOREIGN KEY (`id_cliente`) REFERENCES `usuarios` (`id_usuario`))
CRITICAL - 2023-06-12 22:51:16 --> Cannot add or update a child row: a foreign key constraint fails (`olivos_nicolas`.`ventas_cabecera`, CONSTRAINT `ventas_cabecera_ibfk_1` FOREIGN KEY (`id_cliente`) REFERENCES `usuarios` (`id_usuario`))
#0 C:\xampp\htdocs\Proyecto_olivos_nicolas\system\Database\MySQLi\Connection.php(292): mysqli->query('INSERT INTO `ve...', 0)
#1 C:\xampp\htdocs\Proyecto_olivos_nicolas\system\Database\BaseConnection.php(670): CodeIgniter\Database\MySQLi\Connection->execute('INSERT INTO `ve...')
#2 C:\xampp\htdocs\Proyecto_olivos_nicolas\system\Database\BaseConnection.php(598): CodeIgniter\Database\BaseConnection->simpleQuery('INSERT INTO `ve...')
#3 C:\xampp\htdocs\Proyecto_olivos_nicolas\system\Database\BaseBuilder.php(1771): CodeIgniter\Database\BaseConnection->query('INSERT INTO `ve...', Array, false)
#4 C:\xampp\htdocs\Proyecto_olivos_nicolas\system\Model.php(239): CodeIgniter\Database\BaseBuilder->insert()
#5 C:\xampp\htdocs\Proyecto_olivos_nicolas\system\BaseModel.php(738): CodeIgniter\Model->doInsert(Array)
#6 C:\xampp\htdocs\Proyecto_olivos_nicolas\system\Model.php(625): CodeIgniter\BaseModel->insert(Array, true)
#7 C:\xampp\htdocs\Proyecto_olivos_nicolas\app\Controllers\ventas_controller.php(37): CodeIgniter\Model->insert(Array)
#8 C:\xampp\htdocs\Proyecto_olivos_nicolas\system\CodeIgniter.php(832): App\Controllers\ventas_controller->compra()
#9 C:\xampp\htdocs\Proyecto_olivos_nicolas\system\CodeIgniter.php(419): CodeIgniter\CodeIgniter->runController(Object(App\Controllers\ventas_controller))
#10 C:\xampp\htdocs\Proyecto_olivos_nicolas\system\CodeIgniter.php(326): CodeIgniter\CodeIgniter->handleRequest(NULL, Object(Config\Cache), false)
#11 C:\xampp\htdocs\Proyecto_olivos_nicolas\index.php(37): CodeIgniter\CodeIgniter->run()
#12 {main}
ERROR - 2023-06-12 22:51:18 --> Cannot add or update a child row: a foreign key constraint fails (`olivos_nicolas`.`ventas_cabecera`, CONSTRAINT `ventas_cabecera_ibfk_1` FOREIGN KEY (`id_cliente`) REFERENCES `usuarios` (`id_usuario`))
CRITICAL - 2023-06-12 22:51:18 --> Cannot add or update a child row: a foreign key constraint fails (`olivos_nicolas`.`ventas_cabecera`, CONSTRAINT `ventas_cabecera_ibfk_1` FOREIGN KEY (`id_cliente`) REFERENCES `usuarios` (`id_usuario`))
#0 C:\xampp\htdocs\Proyecto_olivos_nicolas\system\Database\MySQLi\Connection.php(292): mysqli->query('INSERT INTO `ve...', 0)
#1 C:\xampp\htdocs\Proyecto_olivos_nicolas\system\Database\BaseConnection.php(670): CodeIgniter\Database\MySQLi\Connection->execute('INSERT INTO `ve...')
#2 C:\xampp\htdocs\Proyecto_olivos_nicolas\system\Database\BaseConnection.php(598): CodeIgniter\Database\BaseConnection->simpleQuery('INSERT INTO `ve...')
#3 C:\xampp\htdocs\Proyecto_olivos_nicolas\system\Database\BaseBuilder.php(1771): CodeIgniter\Database\BaseConnection->query('INSERT INTO `ve...', Array, false)
#4 C:\xampp\htdocs\Proyecto_olivos_nicolas\system\Model.php(239): CodeIgniter\Database\BaseBuilder->insert()
#5 C:\xampp\htdocs\Proyecto_olivos_nicolas\system\BaseModel.php(738): CodeIgniter\Model->doInsert(Array)
#6 C:\xampp\htdocs\Proyecto_olivos_nicolas\system\Model.php(625): CodeIgniter\BaseModel->insert(Array, true)
#7 C:\xampp\htdocs\Proyecto_olivos_nicolas\app\Controllers\ventas_controller.php(37): CodeIgniter\Model->insert(Array)
#8 C:\xampp\htdocs\Proyecto_olivos_nicolas\system\CodeIgniter.php(832): App\Controllers\ventas_controller->compra()
#9 C:\xampp\htdocs\Proyecto_olivos_nicolas\system\CodeIgniter.php(419): CodeIgniter\CodeIgniter->runController(Object(App\Controllers\ventas_controller))
#10 C:\xampp\htdocs\Proyecto_olivos_nicolas\system\CodeIgniter.php(326): CodeIgniter\CodeIgniter->handleRequest(NULL, Object(Config\Cache), false)
#11 C:\xampp\htdocs\Proyecto_olivos_nicolas\index.php(37): CodeIgniter\CodeIgniter->run()
#12 {main}
ERROR - 2023-06-12 22:51:24 --> Cannot add or update a child row: a foreign key constraint fails (`olivos_nicolas`.`ventas_cabecera`, CONSTRAINT `ventas_cabecera_ibfk_1` FOREIGN KEY (`id_cliente`) REFERENCES `usuarios` (`id_usuario`))
CRITICAL - 2023-06-12 22:51:24 --> Cannot add or update a child row: a foreign key constraint fails (`olivos_nicolas`.`ventas_cabecera`, CONSTRAINT `ventas_cabecera_ibfk_1` FOREIGN KEY (`id_cliente`) REFERENCES `usuarios` (`id_usuario`))
#0 C:\xampp\htdocs\Proyecto_olivos_nicolas\system\Database\MySQLi\Connection.php(292): mysqli->query('INSERT INTO `ve...', 0)
#1 C:\xampp\htdocs\Proyecto_olivos_nicolas\system\Database\BaseConnection.php(670): CodeIgniter\Database\MySQLi\Connection->execute('INSERT INTO `ve...')
#2 C:\xampp\htdocs\Proyecto_olivos_nicolas\system\Database\BaseConnection.php(598): CodeIgniter\Database\BaseConnection->simpleQuery('INSERT INTO `ve...')
#3 C:\xampp\htdocs\Proyecto_olivos_nicolas\system\Database\BaseBuilder.php(1771): CodeIgniter\Database\BaseConnection->query('INSERT INTO `ve...', Array, false)
#4 C:\xampp\htdocs\Proyecto_olivos_nicolas\system\Model.php(239): CodeIgniter\Database\BaseBuilder->insert()
#5 C:\xampp\htdocs\Proyecto_olivos_nicolas\system\BaseModel.php(738): CodeIgniter\Model->doInsert(Array)
#6 C:\xampp\htdocs\Proyecto_olivos_nicolas\system\Model.php(625): CodeIgniter\BaseModel->insert(Array, true)
#7 C:\xampp\htdocs\Proyecto_olivos_nicolas\app\Controllers\ventas_controller.php(37): CodeIgniter\Model->insert(Array)
#8 C:\xampp\htdocs\Proyecto_olivos_nicolas\system\CodeIgniter.php(832): App\Controllers\ventas_controller->compra()
#9 C:\xampp\htdocs\Proyecto_olivos_nicolas\system\CodeIgniter.php(419): CodeIgniter\CodeIgniter->runController(Object(App\Controllers\ventas_controller))
#10 C:\xampp\htdocs\Proyecto_olivos_nicolas\system\CodeIgniter.php(326): CodeIgniter\CodeIgniter->handleRequest(NULL, Object(Config\Cache), false)
#11 C:\xampp\htdocs\Proyecto_olivos_nicolas\index.php(37): CodeIgniter\CodeIgniter->run()
#12 {main}
ERROR - 2023-06-12 22:54:22 --> Cannot add or update a child row: a foreign key constraint fails (`olivos_nicolas`.`ventas_cabecera`, CONSTRAINT `ventas_cabecera_ibfk_1` FOREIGN KEY (`id_cliente`) REFERENCES `usuarios` (`id_usuario`) ON UPDATE CASCADE)
CRITICAL - 2023-06-12 22:54:22 --> Cannot add or update a child row: a foreign key constraint fails (`olivos_nicolas`.`ventas_cabecera`, CONSTRAINT `ventas_cabecera_ibfk_1` FOREIGN KEY (`id_cliente`) REFERENCES `usuarios` (`id_usuario`) ON UPDATE CASCADE)
#0 C:\xampp\htdocs\Proyecto_olivos_nicolas\system\Database\MySQLi\Connection.php(292): mysqli->query('INSERT INTO `ve...', 0)
#1 C:\xampp\htdocs\Proyecto_olivos_nicolas\system\Database\BaseConnection.php(670): CodeIgniter\Database\MySQLi\Connection->execute('INSERT INTO `ve...')
#2 C:\xampp\htdocs\Proyecto_olivos_nicolas\system\Database\BaseConnection.php(598): CodeIgniter\Database\BaseConnection->simpleQuery('INSERT INTO `ve...')
#3 C:\xampp\htdocs\Proyecto_olivos_nicolas\system\Database\BaseBuilder.php(1771): CodeIgniter\Database\BaseConnection->query('INSERT INTO `ve...', Array, false)
#4 C:\xampp\htdocs\Proyecto_olivos_nicolas\system\Model.php(239): CodeIgniter\Database\BaseBuilder->insert()
#5 C:\xampp\htdocs\Proyecto_olivos_nicolas\system\BaseModel.php(738): CodeIgniter\Model->doInsert(Array)
#6 C:\xampp\htdocs\Proyecto_olivos_nicolas\system\Model.php(625): CodeIgniter\BaseModel->insert(Array, true)
#7 C:\xampp\htdocs\Proyecto_olivos_nicolas\app\Controllers\ventas_controller.php(37): CodeIgniter\Model->insert(Array)
#8 C:\xampp\htdocs\Proyecto_olivos_nicolas\system\CodeIgniter.php(832): App\Controllers\ventas_controller->compra()
#9 C:\xampp\htdocs\Proyecto_olivos_nicolas\system\CodeIgniter.php(419): CodeIgniter\CodeIgniter->runController(Object(App\Controllers\ventas_controller))
#10 C:\xampp\htdocs\Proyecto_olivos_nicolas\system\CodeIgniter.php(326): CodeIgniter\CodeIgniter->handleRequest(NULL, Object(Config\Cache), false)
#11 C:\xampp\htdocs\Proyecto_olivos_nicolas\index.php(37): CodeIgniter\CodeIgniter->run()
#12 {main}
ERROR - 2023-06-12 22:54:47 --> Cannot add or update a child row: a foreign key constraint fails (`olivos_nicolas`.`ventas_cabecera`, CONSTRAINT `ventas_cabecera_ibfk_1` FOREIGN KEY (`id_cliente`) REFERENCES `usuarios` (`id_usuario`) ON DELETE CASCADE ON UPDATE CASCADE)
CRITICAL - 2023-06-12 22:54:47 --> Cannot add or update a child row: a foreign key constraint fails (`olivos_nicolas`.`ventas_cabecera`, CONSTRAINT `ventas_cabecera_ibfk_1` FOREIGN KEY (`id_cliente`) REFERENCES `usuarios` (`id_usuario`) ON DELETE CASCADE ON UPDATE CASCADE)
#0 C:\xampp\htdocs\Proyecto_olivos_nicolas\system\Database\MySQLi\Connection.php(292): mysqli->query('INSERT INTO `ve...', 0)
#1 C:\xampp\htdocs\Proyecto_olivos_nicolas\system\Database\BaseConnection.php(670): CodeIgniter\Database\MySQLi\Connection->execute('INSERT INTO `ve...')
#2 C:\xampp\htdocs\Proyecto_olivos_nicolas\system\Database\BaseConnection.php(598): CodeIgniter\Database\BaseConnection->simpleQuery('INSERT INTO `ve...')
#3 C:\xampp\htdocs\Proyecto_olivos_nicolas\system\Database\BaseBuilder.php(1771): CodeIgniter\Database\BaseConnection->query('INSERT INTO `ve...', Array, false)
#4 C:\xampp\htdocs\Proyecto_olivos_nicolas\system\Model.php(239): CodeIgniter\Database\BaseBuilder->insert()
#5 C:\xampp\htdocs\Proyecto_olivos_nicolas\system\BaseModel.php(738): CodeIgniter\Model->doInsert(Array)
#6 C:\xampp\htdocs\Proyecto_olivos_nicolas\system\Model.php(625): CodeIgniter\BaseModel->insert(Array, true)
#7 C:\xampp\htdocs\Proyecto_olivos_nicolas\app\Controllers\ventas_controller.php(37): CodeIgniter\Model->insert(Array)
#8 C:\xampp\htdocs\Proyecto_olivos_nicolas\system\CodeIgniter.php(832): App\Controllers\ventas_controller->compra()
#9 C:\xampp\htdocs\Proyecto_olivos_nicolas\system\CodeIgniter.php(419): CodeIgniter\CodeIgniter->runController(Object(App\Controllers\ventas_controller))
#10 C:\xampp\htdocs\Proyecto_olivos_nicolas\system\CodeIgniter.php(326): CodeIgniter\CodeIgniter->handleRequest(NULL, Object(Config\Cache), false)
#11 C:\xampp\htdocs\Proyecto_olivos_nicolas\index.php(37): CodeIgniter\CodeIgniter->run()
#12 {main}
ERROR - 2023-06-12 22:54:48 --> Cannot add or update a child row: a foreign key constraint fails (`olivos_nicolas`.`ventas_cabecera`, CONSTRAINT `ventas_cabecera_ibfk_1` FOREIGN KEY (`id_cliente`) REFERENCES `usuarios` (`id_usuario`) ON DELETE CASCADE ON UPDATE CASCADE)
CRITICAL - 2023-06-12 22:54:48 --> Cannot add or update a child row: a foreign key constraint fails (`olivos_nicolas`.`ventas_cabecera`, CONSTRAINT `ventas_cabecera_ibfk_1` FOREIGN KEY (`id_cliente`) REFERENCES `usuarios` (`id_usuario`) ON DELETE CASCADE ON UPDATE CASCADE)
#0 C:\xampp\htdocs\Proyecto_olivos_nicolas\system\Database\MySQLi\Connection.php(292): mysqli->query('INSERT INTO `ve...', 0)
#1 C:\xampp\htdocs\Proyecto_olivos_nicolas\system\Database\BaseConnection.php(670): CodeIgniter\Database\MySQLi\Connection->execute('INSERT INTO `ve...')
#2 C:\xampp\htdocs\Proyecto_olivos_nicolas\system\Database\BaseConnection.php(598): CodeIgniter\Database\BaseConnection->simpleQuery('INSERT INTO `ve...')
#3 C:\xampp\htdocs\Proyecto_olivos_nicolas\system\Database\BaseBuilder.php(1771): CodeIgniter\Database\BaseConnection->query('INSERT INTO `ve...', Array, false)
#4 C:\xampp\htdocs\Proyecto_olivos_nicolas\system\Model.php(239): CodeIgniter\Database\BaseBuilder->insert()
#5 C:\xampp\htdocs\Proyecto_olivos_nicolas\system\BaseModel.php(738): CodeIgniter\Model->doInsert(Array)
#6 C:\xampp\htdocs\Proyecto_olivos_nicolas\system\Model.php(625): CodeIgniter\BaseModel->insert(Array, true)
#7 C:\xampp\htdocs\Proyecto_olivos_nicolas\app\Controllers\ventas_controller.php(37): CodeIgniter\Model->insert(Array)
#8 C:\xampp\htdocs\Proyecto_olivos_nicolas\system\CodeIgniter.php(832): App\Controllers\ventas_controller->compra()
#9 C:\xampp\htdocs\Proyecto_olivos_nicolas\system\CodeIgniter.php(419): CodeIgniter\CodeIgniter->runController(Object(App\Controllers\ventas_controller))
#10 C:\xampp\htdocs\Proyecto_olivos_nicolas\system\CodeIgniter.php(326): CodeIgniter\CodeIgniter->handleRequest(NULL, Object(Config\Cache), false)
#11 C:\xampp\htdocs\Proyecto_olivos_nicolas\index.php(37): CodeIgniter\CodeIgniter->run()
#12 {main}
ERROR - 2023-06-12 23:06:53 --> Cannot add or update a child row: a foreign key constraint fails (`olivos_nicolas`.`ventas_cabecera`, CONSTRAINT `ventas_cabecera_ibfk_1` FOREIGN KEY (`id_cliente`) REFERENCES `usuarios` (`id_usuario`) ON DELETE CASCADE ON UPDATE CASCADE)
CRITICAL - 2023-06-12 23:06:53 --> Cannot add or update a child row: a foreign key constraint fails (`olivos_nicolas`.`ventas_cabecera`, CONSTRAINT `ventas_cabecera_ibfk_1` FOREIGN KEY (`id_cliente`) REFERENCES `usuarios` (`id_usuario`) ON DELETE CASCADE ON UPDATE CASCADE)
#0 C:\xampp\htdocs\Proyecto_olivos_nicolas\system\Database\MySQLi\Connection.php(292): mysqli->query('INSERT INTO `ve...', 0)
#1 C:\xampp\htdocs\Proyecto_olivos_nicolas\system\Database\BaseConnection.php(670): CodeIgniter\Database\MySQLi\Connection->execute('INSERT INTO `ve...')
#2 C:\xampp\htdocs\Proyecto_olivos_nicolas\system\Database\BaseConnection.php(598): CodeIgniter\Database\BaseConnection->simpleQuery('INSERT INTO `ve...')
#3 C:\xampp\htdocs\Proyecto_olivos_nicolas\system\Database\BaseBuilder.php(1771): CodeIgniter\Database\BaseConnection->query('INSERT INTO `ve...', Array, false)
#4 C:\xampp\htdocs\Proyecto_olivos_nicolas\system\Model.php(239): CodeIgniter\Database\BaseBuilder->insert()
#5 C:\xampp\htdocs\Proyecto_olivos_nicolas\system\BaseModel.php(738): CodeIgniter\Model->doInsert(Array)
#6 C:\xampp\htdocs\Proyecto_olivos_nicolas\system\Model.php(625): CodeIgniter\BaseModel->insert(Array, true)
#7 C:\xampp\htdocs\Proyecto_olivos_nicolas\app\Controllers\ventas_controller.php(37): CodeIgniter\Model->insert(Array)
#8 C:\xampp\htdocs\Proyecto_olivos_nicolas\system\CodeIgniter.php(832): App\Controllers\ventas_controller->compra()
#9 C:\xampp\htdocs\Proyecto_olivos_nicolas\system\CodeIgniter.php(419): CodeIgniter\CodeIgniter->runController(Object(App\Controllers\ventas_controller))
#10 C:\xampp\htdocs\Proyecto_olivos_nicolas\system\CodeIgniter.php(326): CodeIgniter\CodeIgniter->handleRequest(NULL, Object(Config\Cache), false)
#11 C:\xampp\htdocs\Proyecto_olivos_nicolas\index.php(37): CodeIgniter\CodeIgniter->run()
#12 {main}
ERROR - 2023-06-12 23:11:37 --> Cannot add or update a child row: a foreign key constraint fails (`olivos_nicolas`.`ventas_cabecera`, CONSTRAINT `ventas_cabecera_ibfk_1` FOREIGN KEY (`id_cliente`) REFERENCES `usuarios` (`id_usuario`) ON DELETE CASCADE ON UPDATE CASCADE)
CRITICAL - 2023-06-12 23:11:37 --> Cannot add or update a child row: a foreign key constraint fails (`olivos_nicolas`.`ventas_cabecera`, CONSTRAINT `ventas_cabecera_ibfk_1` FOREIGN KEY (`id_cliente`) REFERENCES `usuarios` (`id_usuario`) ON DELETE CASCADE ON UPDATE CASCADE)
#0 C:\xampp\htdocs\Proyecto_olivos_nicolas\system\Database\MySQLi\Connection.php(292): mysqli->query('INSERT INTO `ve...', 0)
#1 C:\xampp\htdocs\Proyecto_olivos_nicolas\system\Database\BaseConnection.php(670): CodeIgniter\Database\MySQLi\Connection->execute('INSERT INTO `ve...')
#2 C:\xampp\htdocs\Proyecto_olivos_nicolas\system\Database\BaseConnection.php(598): CodeIgniter\Database\BaseConnection->simpleQuery('INSERT INTO `ve...')
#3 C:\xampp\htdocs\Proyecto_olivos_nicolas\system\Database\BaseBuilder.php(1771): CodeIgniter\Database\BaseConnection->query('INSERT INTO `ve...', Array, false)
#4 C:\xampp\htdocs\Proyecto_olivos_nicolas\system\Model.php(239): CodeIgniter\Database\BaseBuilder->insert()
#5 C:\xampp\htdocs\Proyecto_olivos_nicolas\system\BaseModel.php(738): CodeIgniter\Model->doInsert(Array)
#6 C:\xampp\htdocs\Proyecto_olivos_nicolas\system\Model.php(625): CodeIgniter\BaseModel->insert(Array, true)
#7 C:\xampp\htdocs\Proyecto_olivos_nicolas\app\Controllers\ventas_controller.php(37): CodeIgniter\Model->insert(Array)
#8 C:\xampp\htdocs\Proyecto_olivos_nicolas\system\CodeIgniter.php(832): App\Controllers\ventas_controller->compra()
#9 C:\xampp\htdocs\Proyecto_olivos_nicolas\system\CodeIgniter.php(419): CodeIgniter\CodeIgniter->runController(Object(App\Controllers\ventas_controller))
#10 C:\xampp\htdocs\Proyecto_olivos_nicolas\system\CodeIgniter.php(326): CodeIgniter\CodeIgniter->handleRequest(NULL, Object(Config\Cache), false)
#11 C:\xampp\htdocs\Proyecto_olivos_nicolas\index.php(37): CodeIgniter\CodeIgniter->run()
#12 {main}
